2024-08-15 14:27:21,647 [INFO] Activator:178 - 


2024-08-15 14:27:21,657 [INFO] Activator:179 - !SESSION log4j initialized
2024-08-15 14:27:27,646 [ERROR] LogOutputStream:74 - [STDERR_REDIRECT] [Fatal Error] :1:1: Premature end of file.
2024-08-15 14:27:27,651 [ERROR] LogOutputStream:74 - [STDERR_REDIRECT] 
2024-08-15 14:27:27,736 [ERROR] LogOutputStream:74 - [STDERR_REDIRECT] [Fatal Error] :1:1: Premature end of file.
2024-08-15 14:27:27,736 [ERROR] LogOutputStream:74 - [STDERR_REDIRECT] 
2024-08-15 14:27:27,866 [ERROR] LogOutputStream:74 - [STDERR_REDIRECT] [Fatal Error] :1:1: Premature end of file.
2024-08-15 14:27:27,866 [ERROR] LogOutputStream:74 - [STDERR_REDIRECT] 
2024-08-15 14:39:58,018 [INFO] ApplicationProperties:181 - Using Application install path: C:\ST\STM32CubeIDE_1.4.0\STM32CubeIDE\plugins\com.st.stm32cube.common.mx_6.0.0.202007160824
2024-08-15 14:39:58,043 [INFO] DbMcusXml:70 - Set database path to: C:\ST\STM32CubeIDE_1.4.0\STM32CubeIDE\plugins\com.st.stm32cube.common.mx_6.0.0.202007160824\\db\/mcu/
2024-08-15 14:39:58,048 [INFO] DbBoardsPdsc:56 - Set plugin database path to: C:\ST\STM32CubeIDE_1.4.0\STM32CubeIDE\plugins\com.st.stm32cube.common.mx_6.0.0.202007160824\\db\/plugins/boardmanager/
2024-08-15 14:39:58,048 [INFO] DbMcus:258 - Set plugin images path to: C:\ST\STM32CubeIDE_1.4.0\STM32CubeIDE\plugins\com.st.stm32cube.common.mx_6.0.0.202007160824\\db\/plugins/mcufinder/images/
2024-08-15 14:39:58,048 [INFO] DbBoards:264 - Set plugin images path to: C:\ST\STM32CubeIDE_1.4.0\STM32CubeIDE\plugins\com.st.stm32cube.common.mx_6.0.0.202007160824\\db\/plugins/mcufinder/images/
2024-08-15 14:39:58,053 [INFO] DbExamples:326 - Set plugin images path to: C:\ST\STM32CubeIDE_1.4.0\STM32CubeIDE\plugins\com.st.stm32cube.common.mx_6.0.0.202007160824\\db\/plugins/mcufinder/images/
2024-08-15 14:39:58,069 [INFO] DbMcusDocs:112 - Set database path to: C:\Users\HP\.stmcufinder\plugins\mcufinder//mcu/
2024-08-15 14:39:58,074 [INFO] DbMcusJson:63 - Set database path to: C:\Users\HP\.stmcufinder\plugins\mcufinder//mcu/
2024-08-15 14:39:58,074 [INFO] DbBoardsDocs:112 - Set database path to: C:\Users\HP\.stmcufinder\plugins\mcufinder//mcu/
2024-08-15 14:39:58,079 [INFO] DbBoardsJson:56 - Set database path to: C:\Users\HP\.stmcufinder\plugins\mcufinder//mcu/
2024-08-15 14:39:58,122 [INFO] CrossReferenceDbSqlite:196 - Set database path to: C:\Users\HP\.stmcufinder\plugins\mcufinder//mcu/cs/
2024-08-15 14:39:58,132 [INFO] DbExamplesSqlite:800 - Set database path to: C:\Users\HP\.stmcufinder\plugins\mcufinder//mcu/
2024-08-15 14:39:58,344 [INFO] RulesReader:52 - Compatibility file has been processed (209 Rules)
2024-08-15 14:39:58,509 [INFO] MicroXplorer:564 - Detected Java Version = 1.8.0_252
2024-08-15 14:39:58,509 [INFO] DbMcusXml:70 - Set database path to: C:\ST\STM32CubeIDE_1.4.0\STM32CubeIDE\plugins\com.st.stm32cube.common.mx_6.0.0.202007160824\\db\/mcu/
2024-08-15 14:39:58,509 [INFO] DbBoardsPdsc:56 - Set plugin database path to: C:\ST\STM32CubeIDE_1.4.0\STM32CubeIDE\plugins\com.st.stm32cube.common.mx_6.0.0.202007160824\\db\/plugins/boardmanager/
2024-08-15 14:39:58,514 [INFO] DbMcus:258 - Set plugin images path to: C:\ST\STM32CubeIDE_1.4.0\STM32CubeIDE\plugins\com.st.stm32cube.common.mx_6.0.0.202007160824\\db\/plugins/mcufinder/images/
2024-08-15 14:39:58,514 [INFO] DbBoards:264 - Set plugin images path to: C:\ST\STM32CubeIDE_1.4.0\STM32CubeIDE\plugins\com.st.stm32cube.common.mx_6.0.0.202007160824\\db\/plugins/mcufinder/images/
2024-08-15 14:39:58,514 [INFO] DbExamples:326 - Set plugin images path to: C:\ST\STM32CubeIDE_1.4.0\STM32CubeIDE\plugins\com.st.stm32cube.common.mx_6.0.0.202007160824\\db\/plugins/mcufinder/images/
2024-08-15 14:39:58,514 [WARN] DbFile:36 - Overriding database path with different value: C:\Users\HP\.stmcufinder\plugins\mcufinder/ => C:\Users\HP\.stmcufinder\plugins\mcufinder
2024-08-15 14:39:58,514 [INFO] DbMcusDocs:112 - Set database path to: C:\Users\HP\.stmcufinder\plugins\mcufinder//mcu/
2024-08-15 14:39:58,514 [WARN] DbFile:36 - Overriding database path with different value: C:\Users\HP\.stmcufinder\plugins\mcufinder/ => C:\Users\HP\.stmcufinder\plugins\mcufinder
2024-08-15 14:39:58,514 [INFO] DbMcusJson:63 - Set database path to: C:\Users\HP\.stmcufinder\plugins\mcufinder//mcu/
2024-08-15 14:39:58,514 [WARN] DbFile:36 - Overriding database path with different value: C:\Users\HP\.stmcufinder\plugins\mcufinder/ => C:\Users\HP\.stmcufinder\plugins\mcufinder
2024-08-15 14:39:58,514 [INFO] DbBoardsDocs:112 - Set database path to: C:\Users\HP\.stmcufinder\plugins\mcufinder//mcu/
2024-08-15 14:39:58,514 [WARN] DbFile:36 - Overriding database path with different value: C:\Users\HP\.stmcufinder\plugins\mcufinder/ => C:\Users\HP\.stmcufinder\plugins\mcufinder
2024-08-15 14:39:58,519 [INFO] DbBoardsJson:56 - Set database path to: C:\Users\HP\.stmcufinder\plugins\mcufinder//mcu/
2024-08-15 14:39:58,519 [WARN] DbFile:36 - Overriding database path with different value: C:\Users\HP\.stmcufinder\plugins\mcufinder/ => C:\Users\HP\.stmcufinder\plugins\mcufinder
2024-08-15 14:39:58,519 [WARN] DbFile:36 - Overriding database path with different value: C:\Users\HP\.stmcufinder\plugins\mcufinder/ => C:\Users\HP\.stmcufinder\plugins\mcufinder
2024-08-15 14:39:58,519 [INFO] CrossReferenceDbSqlite:196 - Set database path to: C:\Users\HP\.stmcufinder\plugins\mcufinder//mcu/cs/
2024-08-15 14:39:58,519 [WARN] DbFile:36 - Overriding database path with different value: C:\Users\HP\.stmcufinder\plugins\mcufinder/ => C:\Users\HP\.stmcufinder\plugins\mcufinder
2024-08-15 14:39:58,519 [INFO] DbExamplesSqlite:800 - Set database path to: C:\Users\HP\.stmcufinder\plugins\mcufinder//mcu/
2024-08-15 14:39:58,659 [INFO] MainPanel:189 - HeapMemory: 846200832
2024-08-15 14:39:58,799 [INFO] DbMcusXml:70 - Set database path to: C:\ST\STM32CubeIDE_1.4.0\STM32CubeIDE\plugins\com.st.stm32cube.common.mx_6.0.0.202007160824\\db\/mcu/
2024-08-15 14:39:58,799 [INFO] DbBoardsPdsc:56 - Set plugin database path to: C:\ST\STM32CubeIDE_1.4.0\STM32CubeIDE\plugins\com.st.stm32cube.common.mx_6.0.0.202007160824\\db\/plugins/boardmanager/
2024-08-15 14:39:58,799 [INFO] DbMcus:258 - Set plugin images path to: C:\ST\STM32CubeIDE_1.4.0\STM32CubeIDE\plugins\com.st.stm32cube.common.mx_6.0.0.202007160824\\db\/plugins/mcufinder/images/
2024-08-15 14:39:58,799 [INFO] DbBoards:264 - Set plugin images path to: C:\ST\STM32CubeIDE_1.4.0\STM32CubeIDE\plugins\com.st.stm32cube.common.mx_6.0.0.202007160824\\db\/plugins/mcufinder/images/
2024-08-15 14:39:58,799 [INFO] DbExamples:326 - Set plugin images path to: C:\ST\STM32CubeIDE_1.4.0\STM32CubeIDE\plugins\com.st.stm32cube.common.mx_6.0.0.202007160824\\db\/plugins/mcufinder/images/
2024-08-15 14:39:58,804 [WARN] DbFile:36 - Overriding database path with different value: C:\Users\HP\.stmcufinder\plugins\mcufinder/ => C:\Users\HP\.stmcufinder\plugins\mcufinder
2024-08-15 14:39:58,804 [INFO] DbMcusDocs:112 - Set database path to: C:\Users\HP\.stmcufinder\plugins\mcufinder//mcu/
2024-08-15 14:39:58,804 [WARN] DbFile:36 - Overriding database path with different value: C:\Users\HP\.stmcufinder\plugins\mcufinder/ => C:\Users\HP\.stmcufinder\plugins\mcufinder
2024-08-15 14:39:58,804 [INFO] DbMcusJson:63 - Set database path to: C:\Users\HP\.stmcufinder\plugins\mcufinder//mcu/
2024-08-15 14:39:58,804 [WARN] DbFile:36 - Overriding database path with different value: C:\Users\HP\.stmcufinder\plugins\mcufinder/ => C:\Users\HP\.stmcufinder\plugins\mcufinder
2024-08-15 14:39:58,804 [INFO] DbBoardsDocs:112 - Set database path to: C:\Users\HP\.stmcufinder\plugins\mcufinder//mcu/
2024-08-15 14:39:58,804 [WARN] DbFile:36 - Overriding database path with different value: C:\Users\HP\.stmcufinder\plugins\mcufinder/ => C:\Users\HP\.stmcufinder\plugins\mcufinder
2024-08-15 14:39:58,804 [INFO] DbBoardsJson:56 - Set database path to: C:\Users\HP\.stmcufinder\plugins\mcufinder//mcu/
2024-08-15 14:39:58,804 [WARN] DbFile:36 - Overriding database path with different value: C:\Users\HP\.stmcufinder\plugins\mcufinder/ => C:\Users\HP\.stmcufinder\plugins\mcufinder
2024-08-15 14:39:58,804 [WARN] DbFile:36 - Overriding database path with different value: C:\Users\HP\.stmcufinder\plugins\mcufinder/ => C:\Users\HP\.stmcufinder\plugins\mcufinder
2024-08-15 14:39:58,804 [INFO] CrossReferenceDbSqlite:196 - Set database path to: C:\Users\HP\.stmcufinder\plugins\mcufinder//mcu/cs/
2024-08-15 14:39:58,804 [WARN] DbFile:36 - Overriding database path with different value: C:\Users\HP\.stmcufinder\plugins\mcufinder/ => C:\Users\HP\.stmcufinder\plugins\mcufinder
2024-08-15 14:39:58,804 [INFO] DbExamplesSqlite:800 - Set database path to: C:\Users\HP\.stmcufinder\plugins\mcufinder//mcu/
2024-08-15 14:39:58,840 [INFO] ApplicationProperties:181 - Using Application install path: C:\ST\STM32CubeIDE_1.4.0\STM32CubeIDE\plugins\com.st.stm32cube.common.mx_6.0.0.202007160824
2024-08-15 14:39:58,844 [INFO] PluginManage:178 - Search for loadable plugins [exclusion list=, ]
2024-08-15 14:39:58,844 [INFO] PluginManage:292 - Check plugin analytics
2024-08-15 14:39:59,170 [INFO] AnalyticsPlugin:203 - Accepted Software Licenses: 
2024-08-15 14:39:59,170 [INFO] AnalyticsPlugin:205 - Accepted CMSIS Pack Licenses: 
2024-08-15 14:39:59,170 [INFO] AnalyticsPlugin:207 - Accepted Firmware Licenses: 
2024-08-15 14:39:59,175 [INFO] PluginManage:342 - Loaded plugin analytics (category:tool,tabindex:-1)
2024-08-15 14:39:59,175 [INFO] PluginManage:292 - Check plugin clock
2024-08-15 14:39:59,239 [INFO] PluginManage:342 - Loaded plugin clock (category:base,tabindex:2)
2024-08-15 14:39:59,239 [INFO] PluginManage:292 - Check plugin ddr
2024-08-15 14:39:59,249 [INFO] PluginManage:342 - Loaded plugin ddr (category:tool,tabindex:6)
2024-08-15 14:39:59,249 [INFO] PluginManage:292 - Check plugin filemanager
2024-08-15 14:39:59,389 [ERROR] LogOutputStream:74 - [STDERR_REDIRECT] [Fatal Error] :1:1: Premature end of file.
2024-08-15 14:39:59,389 [ERROR] LogOutputStream:74 - [STDERR_REDIRECT] 
2024-08-15 14:39:59,485 [ERROR] LogOutputStream:74 - [STDERR_REDIRECT] [Fatal Error] :1:1: Premature end of file.
2024-08-15 14:39:59,490 [ERROR] LogOutputStream:74 - [STDERR_REDIRECT] 
2024-08-15 14:39:59,490 [INFO] PluginManage:342 - Loaded plugin filemanager (category:base,tabindex:10)
2024-08-15 14:39:59,490 [INFO] PluginManage:292 - Check plugin ipmanager
2024-08-15 14:39:59,512 [INFO] PluginManage:342 - Loaded plugin ipmanager (category:base,tabindex:5)
2024-08-15 14:39:59,512 [INFO] PluginManage:292 - Check plugin pinoutandconfiguration
2024-08-15 14:39:59,549 [INFO] PluginManage:342 - Loaded plugin pinoutandconfiguration (category:base,tabindex:1)
2024-08-15 14:39:59,549 [INFO] PluginManage:292 - Check plugin pinoutconfig
2024-08-15 14:39:59,575 [ERROR] LogOutputStream:74 - [STDERR_REDIRECT] [Fatal Error] :1:1: Premature end of file.
2024-08-15 14:39:59,575 [ERROR] LogOutputStream:74 - [STDERR_REDIRECT] 
2024-08-15 14:39:59,633 [INFO] PluginManage:342 - Loaded plugin pinoutconfig (category:base,tabindex:0)
2024-08-15 14:39:59,633 [INFO] PluginManage:292 - Check plugin power
2024-08-15 14:39:59,675 [INFO] PluginManage:342 - Loaded plugin power (category:power,tabindex:4)
2024-08-15 14:39:59,675 [INFO] PluginManage:292 - Check plugin projectmanager
2024-08-15 14:39:59,719 [INFO] PluginManage:342 - Loaded plugin projectmanager (category:projectmanager,tabindex:3)
2024-08-15 14:39:59,719 [INFO] PluginManage:292 - Check plugin thirdparty
2024-08-15 14:40:00,071 [INFO] ThirdPartyDb:333 - Open Third Party DataBase File (C:/Users/HP/.stm32cubemx/plugins/thirdparty/db/thirdparties_db.xml) : 146 ms. number of Sw pack : 53
2024-08-15 14:40:00,080 [INFO] PluginManage:342 - Loaded plugin thirdparty (category:base,tabindex:-1)
2024-08-15 14:40:00,080 [INFO] PluginManage:292 - Check plugin tools
2024-08-15 14:40:00,233 [INFO] PluginManage:342 - Loaded plugin tools (category:base,tabindex:7)
2024-08-15 14:40:00,233 [INFO] PluginManage:292 - Check plugin tutovideos
2024-08-15 14:40:00,785 [INFO] PluginManage:342 - Loaded plugin tutovideos (category:base,tabindex:-1)
2024-08-15 14:40:00,790 [INFO] PluginManage:292 - Check plugin updater
2024-08-15 14:40:00,820 [INFO] PluginManage:342 - Loaded plugin updater (category:base,tabindex:12)
2024-08-15 14:40:00,820 [INFO] PluginManage:265 - PluginManage : Loaded plugins [13]
2024-08-15 14:40:01,243 [INFO] PinOutPanel:1418 - setPackage(No Configuration,No Configuration)
2024-08-15 14:40:01,465 [INFO] IPUIPlugin:64 - create IPUIPlugin
2024-08-15 14:40:01,465 [INFO] PluginManager:200 - loadIPPluginJar : add adc
2024-08-15 14:40:01,585 [INFO] IPUIPlugin:64 - create IPUIPlugin
2024-08-15 14:40:01,585 [INFO] PluginManager:200 - loadIPPluginJar : add aes
2024-08-15 14:40:01,736 [INFO] IPUIPlugin:64 - create IPUIPlugin
2024-08-15 14:40:01,736 [INFO] PluginManager:200 - loadIPPluginJar : add can
2024-08-15 14:40:01,837 [INFO] IPUIPlugin:64 - create IPUIPlugin
2024-08-15 14:40:01,837 [INFO] PluginManager:200 - loadIPPluginJar : add comp
2024-08-15 14:40:01,935 [INFO] IPUIPlugin:64 - create IPUIPlugin
2024-08-15 14:40:01,935 [INFO] PluginManager:200 - loadIPPluginJar : add cryp
2024-08-15 14:40:02,028 [INFO] IPUIPlugin:64 - create IPUIPlugin
2024-08-15 14:40:02,028 [INFO] PluginManager:200 - loadIPPluginJar : add dfsdm
2024-08-15 14:40:02,058 [INFO] IPUIPlugin:64 - create IPUIPlugin
2024-08-15 14:40:02,058 [INFO] PluginManager:200 - loadIPPluginJar : add dma
2024-08-15 14:40:02,155 [INFO] IPUIPlugin:64 - create IPUIPlugin
2024-08-15 14:40:02,155 [INFO] PluginManager:200 - loadIPPluginJar : add fatfs
2024-08-15 14:40:02,303 [INFO] IPUIPlugin:64 - create IPUIPlugin
2024-08-15 14:40:02,303 [INFO] PluginManager:200 - loadIPPluginJar : add fmc
2024-08-15 14:40:02,338 [INFO] IPUIPlugin:64 - create IPUIPlugin
2024-08-15 14:40:02,338 [INFO] PluginManager:200 - loadIPPluginJar : add freertos
2024-08-15 14:40:02,418 [INFO] IPUIPlugin:64 - create IPUIPlugin
2024-08-15 14:40:02,418 [INFO] PluginManager:200 - loadIPPluginJar : add genericplugin
2024-08-15 14:40:02,688 [INFO] IPUIPlugin:64 - create IPUIPlugin
2024-08-15 14:40:02,688 [INFO] PluginManager:200 - loadIPPluginJar : add gfxmmu
2024-08-15 14:40:03,117 [INFO] IPUIPlugin:64 - create IPUIPlugin
2024-08-15 14:40:03,117 [INFO] PluginManager:200 - loadIPPluginJar : add gic
2024-08-15 14:40:03,138 [INFO] IPUIPlugin:64 - create IPUIPlugin
2024-08-15 14:40:03,143 [INFO] PluginManager:200 - loadIPPluginJar : add gpio
2024-08-15 14:40:03,312 [INFO] IPUIPlugin:64 - create IPUIPlugin
2024-08-15 14:40:03,312 [INFO] PluginManager:200 - loadIPPluginJar : add gtzc
2024-08-15 14:40:03,393 [INFO] IPUIPlugin:64 - create IPUIPlugin
2024-08-15 14:40:03,393 [INFO] PluginManager:200 - loadIPPluginJar : add hash
2024-08-15 14:40:03,528 [INFO] IPUIPlugin:64 - create IPUIPlugin
2024-08-15 14:40:03,528 [INFO] PluginManager:200 - loadIPPluginJar : add i2c
2024-08-15 14:40:03,633 [INFO] IPUIPlugin:64 - create IPUIPlugin
2024-08-15 14:40:03,633 [INFO] PluginManager:200 - loadIPPluginJar : add i2s
2024-08-15 14:40:03,653 [INFO] IPUIPlugin:64 - create IPUIPlugin
2024-08-15 14:40:03,653 [INFO] PluginManager:200 - loadIPPluginJar : add ipddr
2024-08-15 14:40:03,748 [INFO] IPUIPlugin:64 - create IPUIPlugin
2024-08-15 14:40:03,753 [INFO] PluginManager:200 - loadIPPluginJar : add ltdc
2024-08-15 14:40:03,777 [INFO] IPUIPlugin:64 - create IPUIPlugin
2024-08-15 14:40:03,777 [INFO] PluginManager:200 - loadIPPluginJar : add mdma
2024-08-15 14:40:03,800 [INFO] IPUIPlugin:64 - create IPUIPlugin
2024-08-15 14:40:03,800 [INFO] PluginManager:200 - loadIPPluginJar : add nvic
2024-08-15 14:40:03,885 [INFO] IPUIPlugin:64 - create IPUIPlugin
2024-08-15 14:40:03,885 [INFO] PluginManager:200 - loadIPPluginJar : add opamp
2024-08-15 14:40:04,045 [INFO] IPUIPlugin:64 - create IPUIPlugin
2024-08-15 14:40:04,045 [INFO] PluginManager:200 - loadIPPluginJar : add openamp
2024-08-15 14:40:04,155 [INFO] IPUIPlugin:64 - create IPUIPlugin
2024-08-15 14:40:04,155 [INFO] PluginManager:200 - loadIPPluginJar : add pdm2pcm
2024-08-15 14:40:04,185 [INFO] IPUIPlugin:64 - create IPUIPlugin
2024-08-15 14:40:04,190 [INFO] PluginManager:200 - loadIPPluginJar : add plateformsettings
2024-08-15 14:40:04,275 [INFO] IPUIPlugin:64 - create IPUIPlugin
2024-08-15 14:40:04,275 [INFO] PluginManager:200 - loadIPPluginJar : add quadspi
2024-08-15 14:40:04,298 [INFO] IPUIPlugin:64 - create IPUIPlugin
2024-08-15 14:40:04,298 [INFO] PluginManager:200 - loadIPPluginJar : add resmgrutility
2024-08-15 14:40:04,420 [INFO] IPUIPlugin:64 - create IPUIPlugin
2024-08-15 14:40:04,420 [INFO] PluginManager:200 - loadIPPluginJar : add sai
2024-08-15 14:40:04,524 [INFO] IPUIPlugin:64 - create IPUIPlugin
2024-08-15 14:40:04,524 [INFO] PluginManager:200 - loadIPPluginJar : add spi
2024-08-15 14:40:04,645 [INFO] IPUIPlugin:64 - create IPUIPlugin
2024-08-15 14:40:04,645 [INFO] PluginManager:200 - loadIPPluginJar : add stm32_wpan
2024-08-15 14:40:04,710 [INFO] IPUIPlugin:64 - create IPUIPlugin
2024-08-15 14:40:04,710 [INFO] PluginManager:200 - loadIPPluginJar : add tim
2024-08-15 14:40:04,855 [INFO] IPUIPlugin:64 - create IPUIPlugin
2024-08-15 14:40:04,855 [INFO] PluginManager:200 - loadIPPluginJar : add touchsensing
2024-08-15 14:40:04,920 [INFO] IPUIPlugin:64 - create IPUIPlugin
2024-08-15 14:40:04,920 [INFO] PluginManager:200 - loadIPPluginJar : add tracer_emb
2024-08-15 14:40:04,990 [INFO] IPUIPlugin:64 - create IPUIPlugin
2024-08-15 14:40:04,990 [INFO] PluginManager:200 - loadIPPluginJar : add ts
2024-08-15 14:40:05,060 [INFO] IPUIPlugin:64 - create IPUIPlugin
2024-08-15 14:40:05,060 [INFO] PluginManager:200 - loadIPPluginJar : add tsc
2024-08-15 14:40:05,125 [INFO] IPUIPlugin:64 - create IPUIPlugin
2024-08-15 14:40:05,125 [INFO] PluginManager:200 - loadIPPluginJar : add ucpd
2024-08-15 14:40:05,240 [INFO] IPUIPlugin:64 - create IPUIPlugin
2024-08-15 14:40:05,240 [INFO] PluginManager:200 - loadIPPluginJar : add usart
2024-08-15 14:40:06,577 [INFO] CubeProgrammer:457 - [DDR PANEL] - PathOfProgrammer: null
2024-08-15 14:40:07,865 [FATAL] Updater:282 - Updater called before beeing initialized
2024-08-15 14:40:08,268 [FATAL] Updater:282 - Updater called before beeing initialized
2024-08-15 14:40:08,268 [WARN] ThirdParty:775 - waiting for thirdparty lock release [close project]
2024-08-15 14:40:08,273 [INFO] ThirdParty:777 - entering critical section [close project]
2024-08-15 14:40:08,273 [INFO] ThirdParty:790 - exiting critical section [close project]
2024-08-15 14:40:08,278 [INFO] PinOutPanel:1418 - setPackage(No Configuration,No Configuration)
2024-08-15 14:40:08,278 [FATAL] Updater:282 - Updater called before beeing initialized
2024-08-15 14:40:08,303 [ERROR] Updater:967 - MainUpdater not yet initialized. External WinMGr cannot be set.
2024-08-15 14:40:08,308 [INFO] CubeProgrammer:457 - [DDR PANEL] - PathOfProgrammer: C:\ST\STM32CubeIDE_1.4.0\STM32CubeIDE\plugins\com.st.stm32cube.ide.mcu.externaltools.cubeprogrammer.win32_1.4.0.202007081208\tools\bin
2024-08-15 14:40:08,313 [INFO] ProgrammerExecThread:148 - [ProgrammerAPI] CubeProgrammer command construction: C:\ST\STM32CubeIDE_1.4.0\STM32CubeIDE\plugins\com.st.stm32cube.ide.mcu.externaltools.cubeprogrammer.win32_1.4.0.202007081208\tools\bin\STM32_Programmer_CLI.exe -l
2024-08-15 14:40:08,865 [INFO] MainDdrPanel:49 - [DDR PANEL] SETTER - Set cubeProgrammerPath to: C:\ST\STM32CubeIDE_1.4.0\STM32CubeIDE\plugins\com.st.stm32cube.ide.mcu.externaltools.cubeprogrammer.win32_1.4.0.202007081208\tools\bin
2024-08-15 14:40:09,083 [INFO] Updater:904 - Updater Version found : 6.0.0
2024-08-15 14:40:09,118 [INFO] ApplicationProperties:181 - Using Application install path: C:\ST\STM32CubeIDE_1.4.0\STM32CubeIDE\plugins\com.st.stm32cube.common.mx_6.0.0.202007160824
2024-08-15 14:40:10,330 [INFO] MainUpdater:2268 - connection check result : 10
2024-08-15 14:40:10,330 [INFO] MainUpdater:2935 - Updater definition file requires update
2024-08-15 14:40:10,330 [INFO] MainUpdater:239 - Updater Check For Update Now.
2024-08-15 14:40:10,335 [INFO] MicroXplorer:414 - Change Database Version : DB.6.0.0
2024-08-15 14:40:10,962 [INFO] ServerAccessManage:348 - Download File updaters.zip
2024-08-15 14:40:11,565 [INFO] FileExtend:225 - Unzip File : updaters.zip
2024-08-15 14:40:11,565 [INFO] FileExtend:240 - Standard Zip Deflate
2024-08-15 14:40:12,535 [WARN] IntegrityCheckThread:61 - waiting for thirdparty lock release [integrity check]
2024-08-15 14:40:12,535 [INFO] IntegrityCheckThread:63 - entering critical section [integrity check]
2024-08-15 14:40:12,537 [WARN] MainUpdater:1087 - Updater busy. Cannot search thirdparties
2024-08-15 14:40:13,610 [INFO] ServerAccessManage:348 - Download File PacksControlFlags.xml
2024-08-15 14:40:14,356 [INFO] ServerAccessManage:348 - Download File cubemx.pidx
2024-08-15 14:40:15,555 [WARN] MainUpdater:1087 - Updater busy. Cannot search thirdparties
2024-08-15 14:40:16,221 [INFO] ServerAccessManage:348 - Download File STMicroelectronics.FP-SNS-STBOX1.pdsc
2024-08-15 14:40:18,558 [WARN] MainUpdater:1087 - Updater busy. Cannot search thirdparties
2024-08-15 14:40:18,735 [INFO] ServerAccessManage:348 - Download File STMicroelectronics.X-CUBE-TOF1.pdsc
2024-08-15 14:40:21,565 [WARN] MainUpdater:1087 - Updater busy. Cannot search thirdparties
2024-08-15 14:40:22,320 [INFO] MainUpdater:2268 - connection check result : 10
2024-08-15 14:40:23,775 [ERROR] ServerAccessManage:947 - Problem, file not found on Server
2024-08-15 14:40:24,573 [WARN] MainUpdater:1087 - Updater busy. Cannot search thirdparties
2024-08-15 14:40:24,861 [INFO] ServerAccessManage:348 - Download File STMicroelectronics.X-CUBE-AZRTOS-H7.pdsc
2024-08-15 14:40:27,575 [WARN] MainUpdater:1087 - Updater busy. Cannot search thirdparties
2024-08-15 14:40:30,414 [INFO] ServerAccessManage:348 - Download File wolfSSL.I-CUBE-wolfSSH.pdsc
2024-08-15 14:40:30,588 [WARN] MainUpdater:1087 - Updater busy. Cannot search thirdparties
2024-08-15 14:40:33,590 [INFO] McuFinderGlobals:40 - Set McuFinder mode to 2 (CubeIDE integrated)
2024-08-15 14:40:33,600 [WARN] MainUpdater:1087 - Updater busy. Cannot search thirdparties
2024-08-15 14:40:34,055 [INFO] CrossSelectorPresenter:1330 - Cross Selector saved comparison directory: C:\Users\HP\.stmcufinder\plugins\mcufinder\mcu\cs_comparisons_mx
2024-08-15 14:40:34,070 [INFO] MultiScanPanel:193 - Auto-refresh data requested => check proxy status ongoing
2024-08-15 14:40:34,075 [INFO] FinderPluginLoader:87 - Searching for filters in installed packs
2024-08-15 14:40:34,080 [INFO] DbMcusXml:100 - Load MCU database from C:\ST\STM32CubeIDE_1.4.0\STM32CubeIDE\plugins\com.st.stm32cube.common.mx_6.0.0.202007160824\\db\/mcu/families.xml
2024-08-15 14:40:34,922 [WARN] PopulateThirdPartyThread:96 - Error when creating pack: C:/Users/HP/.stm32cubemx/thirdparties/pdsc/STMicroelectronics.FP-SNS-STBOX1.pdsc
2024-08-15 14:40:34,970 [WARN] PopulateThirdPartyThread:96 - Error when creating pack: C:/Users/HP/.stm32cubemx/thirdparties/pdsc/STMicroelectronics.X-CUBE-TOF1.pdsc
2024-08-15 14:40:35,483 [INFO] CheckServerUpdateThread:102 - End of CheckServer Thread
2024-08-15 14:40:35,515 [INFO] ThirdPartyDb:299 - Save Third Party DataBase File (C:/Users/HP/.stm32cubemx/plugins/thirdparty/db/thirdparties_db.xml) [forced]
2024-08-15 14:40:35,680 [INFO] ThirdPartyDb:299 - Save Third Party DataBase File (C:/Users/HP/.stm32cubemx/plugins/thirdparty/db/thirdparties_db.xml) [forced]
2024-08-15 14:40:35,850 [INFO] PopulateThirdPartyThread:50 - Ending populate Thread
2024-08-15 14:40:35,850 [INFO] ThirdPartyDb:299 - Save Third Party DataBase File (C:/Users/HP/.stm32cubemx/plugins/thirdparty/db/thirdparties_db.xml) [forced]
2024-08-15 14:40:36,143 [INFO] Engine:289 - softwarePackList size : 55
2024-08-15 14:40:36,166 [INFO] Engine:301 - compute dependency for SwPack FP-ATR-ASTRA1 have been done, and update is requested
2024-08-15 14:40:36,256 [INFO] Engine:301 - compute dependency for SwPack FP-ATR-SIGFOX1 have been done, and update is requested
2024-08-15 14:40:36,300 [INFO] Engine:301 - compute dependency for SwPack X-CUBE-AI have been done, and update is requested
2024-08-15 14:40:36,416 [INFO] Engine:301 - compute dependency for SwPack X-CUBE-ALS have been done, and update is requested
2024-08-15 14:40:39,375 [INFO] Engine:301 - compute dependency for SwPack X-CUBE-BLE1 have been done, and update is requested
2024-08-15 14:40:39,425 [INFO] Engine:301 - compute dependency for SwPack X-CUBE-BLE2 have been done, and update is requested
2024-08-15 14:40:39,520 [INFO] Engine:301 - compute dependency for SwPack X-CUBE-EEPRMA1 have been done, and update is requested
2024-08-15 14:40:39,600 [INFO] Engine:301 - compute dependency for SwPack X-CUBE-GNSS1 have been done, and update is requested
2024-08-15 14:40:39,660 [INFO] Engine:301 - compute dependency for SwPack X-CUBE-ISPU have been done, and update is requested
2024-08-15 14:40:40,270 [INFO] DbMcusJson:92 - JSON generation date=Tue Nov 16 18:17:54 EET 2021 (1637079474)
2024-08-15 14:40:41,124 [INFO] ThirdPartyDb:299 - Save Third Party DataBase File (C:/Users/HP/.stm32cubemx/plugins/thirdparty/db/thirdparties_db.xml) [forced]
2024-08-15 14:40:42,261 [INFO] Engine:301 - compute dependency for SwPack X-CUBE-MEMS1 have been done, and update is requested
2024-08-15 14:40:42,311 [INFO] Engine:301 - compute dependency for SwPack X-CUBE-NFC4 have been done, and update is requested
2024-08-15 14:40:42,351 [INFO] Engine:301 - compute dependency for SwPack X-CUBE-NFC6 have been done, and update is requested
2024-08-15 14:40:42,381 [INFO] Engine:301 - compute dependency for SwPack X-CUBE-NFC7 have been done, and update is requested
2024-08-15 14:40:42,416 [INFO] Engine:301 - compute dependency for SwPack X-CUBE-SFXS2LP1 have been done, and update is requested
2024-08-15 14:40:42,521 [INFO] Engine:301 - compute dependency for SwPack X-CUBE-SUBG2 have been done, and update is requested
2024-08-15 14:40:42,538 [INFO] Engine:305 - compute dependency for SwPack X-CUBE-TOUCHGFX have been done, no update is requested
2024-08-15 14:40:42,546 [INFO] Engine:301 - compute dependency for SwPack X-CUBE-ALGOBUILD have been done, and update is requested
2024-08-15 14:40:42,591 [INFO] Engine:301 - compute dependency for SwPack X-CUBE-AZRTOS-H7 have been done, and update is requested
2024-08-15 14:40:42,624 [INFO] Engine:301 - compute dependency for SwPack X-CUBE-AZRTOS-F4 have been done, and update is requested
2024-08-15 14:40:42,656 [INFO] Engine:301 - compute dependency for SwPack X-CUBE-AZRTOS-F7 have been done, and update is requested
2024-08-15 14:40:42,697 [INFO] Engine:301 - compute dependency for SwPack X-CUBE-AZRTOS-L4 have been done, and update is requested
2024-08-15 14:40:42,716 [ERROR] DependencyParser:1297 - StateRcvOpen_Cte Bad Token : )
2024-08-15 14:40:42,716 [ERROR] DependencyParser:1297 - StateRcvOpen_Cte Bad Token : )
2024-08-15 14:40:42,717 [ERROR] DependencyParser:1297 - StateRcvOpen_Cte Bad Token : )
2024-08-15 14:40:42,887 [ERROR] DependencyParser:1297 - StateRcvOpen_Cte Bad Token : )
2024-08-15 14:40:42,887 [ERROR] DependencyParser:1297 - StateRcvOpen_Cte Bad Token : )
2024-08-15 14:40:42,887 [ERROR] DependencyParser:1297 - StateRcvOpen_Cte Bad Token : )
2024-08-15 14:40:42,887 [ERROR] DependencyParser:1297 - StateRcvOpen_Cte Bad Token : )
2024-08-15 14:40:42,887 [ERROR] DependencyParser:1297 - StateRcvOpen_Cte Bad Token : )
2024-08-15 14:40:42,887 [ERROR] DependencyParser:1297 - StateRcvOpen_Cte Bad Token : )
2024-08-15 14:40:42,887 [ERROR] DependencyParser:1297 - StateRcvOpen_Cte Bad Token : )
2024-08-15 14:40:42,887 [ERROR] DependencyParser:1297 - StateRcvOpen_Cte Bad Token : )
2024-08-15 14:40:42,887 [ERROR] DependencyParser:1297 - StateRcvOpen_Cte Bad Token : )
2024-08-15 14:40:42,897 [ERROR] DependencyParser:1297 - StateRcvOpen_Cte Bad Token : )
2024-08-15 14:40:42,897 [ERROR] DependencyParser:1297 - StateRcvOpen_Cte Bad Token : )
2024-08-15 14:40:42,897 [ERROR] DependencyParser:1297 - StateRcvOpen_Cte Bad Token : )
2024-08-15 14:40:42,897 [ERROR] DependencyParser:1297 - StateRcvOpen_Cte Bad Token : )
2024-08-15 14:40:42,897 [ERROR] DependencyParser:1297 - StateRcvOpen_Cte Bad Token : )
2024-08-15 14:40:42,897 [ERROR] DependencyParser:1297 - StateRcvOpen_Cte Bad Token : )
2024-08-15 14:40:42,897 [ERROR] DependencyParser:1297 - StateRcvOpen_Cte Bad Token : )
2024-08-15 14:40:42,897 [ERROR] DependencyParser:1297 - StateRcvOpen_Cte Bad Token : )
2024-08-15 14:40:42,905 [ERROR] DependencyParser:1297 - StateRcvOpen_Cte Bad Token : )
2024-08-15 14:40:42,905 [ERROR] DependencyParser:1297 - StateRcvOpen_Cte Bad Token : )
2024-08-15 14:40:42,905 [ERROR] DependencyParser:1297 - StateRcvOpen_Cte Bad Token : )
2024-08-15 14:40:42,905 [ERROR] DependencyParser:1297 - StateRcvOpen_Cte Bad Token : )
2024-08-15 14:40:42,906 [ERROR] DependencyParser:1297 - StateRcvOpen_Cte Bad Token : )
2024-08-15 14:40:42,906 [ERROR] DependencyParser:1297 - StateRcvOpen_Cte Bad Token : )
2024-08-15 14:40:42,906 [ERROR] DependencyParser:1297 - StateRcvOpen_Cte Bad Token : )
2024-08-15 14:40:42,906 [ERROR] DependencyParser:1297 - StateRcvOpen_Cte Bad Token : )
2024-08-15 14:40:42,906 [ERROR] DependencyParser:1297 - StateRcvOpen_Cte Bad Token : )
2024-08-15 14:40:42,906 [ERROR] DependencyParser:1297 - StateRcvOpen_Cte Bad Token : )
2024-08-15 14:40:42,906 [ERROR] DependencyParser:1297 - StateRcvOpen_Cte Bad Token : )
2024-08-15 14:40:42,906 [ERROR] DependencyParser:1297 - StateRcvOpen_Cte Bad Token : )
2024-08-15 14:40:42,907 [ERROR] DependencyParser:1297 - StateRcvOpen_Cte Bad Token : )
2024-08-15 14:40:42,907 [ERROR] DependencyParser:1297 - StateRcvOpen_Cte Bad Token : )
2024-08-15 14:40:42,907 [ERROR] DependencyParser:1297 - StateRcvOpen_Cte Bad Token : )
2024-08-15 14:40:42,907 [ERROR] DependencyParser:1297 - StateRcvOpen_Cte Bad Token : )
2024-08-15 14:40:42,911 [ERROR] DependencyParser:1297 - StateRcvOpen_Cte Bad Token : )
2024-08-15 14:40:42,911 [ERROR] DependencyParser:1297 - StateRcvOpen_Cte Bad Token : )
2024-08-15 14:40:42,911 [ERROR] DependencyParser:1297 - StateRcvOpen_Cte Bad Token : )
2024-08-15 14:40:42,911 [ERROR] DependencyParser:1297 - StateRcvOpen_Cte Bad Token : )
2024-08-15 14:40:42,911 [ERROR] DependencyParser:1297 - StateRcvOpen_Cte Bad Token : )
2024-08-15 14:40:42,911 [ERROR] DependencyParser:1297 - StateRcvOpen_Cte Bad Token : )
2024-08-15 14:40:42,911 [ERROR] DependencyParser:1297 - StateRcvOpen_Cte Bad Token : )
2024-08-15 14:40:42,911 [ERROR] DependencyParser:1297 - StateRcvOpen_Cte Bad Token : )
2024-08-15 14:40:42,911 [ERROR] DependencyParser:1297 - StateRcvOpen_Cte Bad Token : )
2024-08-15 14:40:42,911 [ERROR] DependencyParser:1297 - StateRcvOpen_Cte Bad Token : )
2024-08-15 14:40:42,911 [INFO] Engine:305 - compute dependency for SwPack X-CUBE-AZRTOS-L5 have been done, no update is requested
2024-08-15 14:40:42,941 [INFO] Engine:301 - compute dependency for SwPack X-CUBE-AZRTOS-G0 have been done, and update is requested
2024-08-15 14:40:42,968 [INFO] Engine:301 - compute dependency for SwPack X-CUBE-AZRTOS-G4 have been done, and update is requested
2024-08-15 14:40:43,056 [INFO] Engine:301 - compute dependency for SwPack X-CUBE-AZRTOS-WB have been done, and update is requested
2024-08-15 14:40:43,064 [INFO] DbMcus:175 - Found 1761 MCUs (1722 are supported by CubeMX, 1911 are visible in CubeMX)
2024-08-15 14:40:43,066 [INFO] ApiDb:201 - Load user favorites file C:\Users\HP/.stm32cubeide/favorites.mcus.txt: 0 item(s)
2024-08-15 14:40:43,066 [INFO] ApiDb:205 - User favorites MCUs=[]
2024-08-15 14:40:43,066 [INFO] DbMcus:187 - Set 0 / 0 favorites MCUs
2024-08-15 14:40:43,111 [INFO] Engine:301 - compute dependency for SwPack X-CUBE-AZRTOS-WL have been done, and update is requested
2024-08-15 14:40:43,154 [INFO] Engine:301 - compute dependency for SwPack I-CUBE-wolfSSL have been done, and update is requested
2024-08-15 14:40:44,154 [INFO] Engine:301 - compute dependency for SwPack I-CUBE-embOS have been done, and update is requested
2024-08-15 14:40:44,170 [INFO] Engine:301 - compute dependency for SwPack I-Cube-SoM-uGOAL have been done, and update is requested
2024-08-15 14:40:44,190 [INFO] Engine:301 - compute dependency for SwPack I-CUBE-Cesium have been done, and update is requested
2024-08-15 14:40:44,223 [INFO] Engine:301 - compute dependency for SwPack X-CUBE-AI have been done, and update is requested
2024-08-15 14:40:44,266 [INFO] Engine:301 - compute dependency for SwPack X-CUBE-EEPRMA1 have been done, and update is requested
2024-08-15 14:40:44,302 [INFO] Engine:301 - compute dependency for SwPack X-CUBE-NFC6 have been done, and update is requested
2024-08-15 14:40:44,325 [INFO] Engine:301 - compute dependency for SwPack X-CUBE-SAFEA1 have been done, and update is requested
2024-08-15 14:40:44,340 [INFO] LoadUrlFilesThread:162 - End of LoadServerUrlFiles without Thread
2024-08-15 14:40:44,350 [INFO] Engine:305 - compute dependency for SwPack X-CUBE-TOUCHGFX have been done, no update is requested
2024-08-15 14:40:44,365 [INFO] DetailPanel:331 - Set advertising image to C:/Users/HP/STM32Cube/Repository/\stm32cubemx-promo_image.jpg
2024-08-15 14:40:44,367 [INFO] Engine:301 - compute dependency for SwPack X-CUBE-AZRTOS-H7RS have been done, and update is requested
2024-08-15 14:40:44,400 [INFO] Engine:305 - compute dependency for SwPack FreeRTOS have been done, no update is requested
2024-08-15 14:40:44,400 [INFO] Engine:305 - compute dependency for SwPack lwIP have been done, no update is requested
2024-08-15 14:40:44,400 [INFO] Engine:305 - compute dependency for SwPack lwIP have been done, no update is requested
2024-08-15 14:40:44,400 [INFO] Engine:305 - compute dependency for SwPack MBEDTLS have been done, no update is requested
2024-08-15 14:40:44,400 [INFO] Engine:305 - compute dependency for SwPack MBEDTLS have been done, no update is requested
2024-08-15 14:40:44,400 [INFO] Engine:305 - compute dependency for SwPack PDM2PCM have been done, no update is requested
2024-08-15 14:40:44,400 [INFO] Engine:305 - compute dependency for SwPack PDM2PCM have been done, no update is requested
2024-08-15 14:40:44,400 [INFO] Engine:305 - compute dependency for SwPack PDM2PCM have been done, no update is requested
2024-08-15 14:40:44,410 [INFO] Engine:305 - compute dependency for SwPack USB_DEVICE have been done, no update is requested
2024-08-15 14:40:44,410 [INFO] Engine:305 - compute dependency for SwPack USB_DEVICE have been done, no update is requested
2024-08-15 14:40:44,410 [INFO] Engine:305 - compute dependency for SwPack USB_DEVICE have been done, no update is requested
2024-08-15 14:40:44,446 [INFO] Engine:305 - compute dependency for SwPack USB_HOST have been done, no update is requested
2024-08-15 14:40:44,446 [INFO] Engine:305 - compute dependency for SwPack USB_HOST have been done, no update is requested
2024-08-15 14:40:44,456 [INFO] Engine:301 - compute dependency for SwPack X-CUBE-ALGOBUILD have been done, and update is requested
2024-08-15 14:40:44,517 [INFO] Engine:305 - compute dependency for SwPack X-CUBE-TOUCHGFX have been done, no update is requested
2024-08-15 14:40:44,520 [INFO] Engine:301 - compute dependency for SwPack I-CUBE-wolfMQTT have been done, and update is requested
2024-08-15 14:40:44,535 [INFO] Engine:301 - compute dependency for SwPack I-CUBE-wolfTPM have been done, and update is requested
2024-08-15 14:40:44,610 [INFO] Engine:301 - compute dependency for SwPack X-CUBE-AZRTOS-H7 have been done, and update is requested
2024-08-15 14:40:44,670 [INFO] Engine:301 - compute dependency for SwPack I-CUBE-wolfSSH have been done, and update is requested
2024-08-15 14:40:44,700 [INFO] ThirdPartyDb:299 - Save Third Party DataBase File (C:/Users/HP/.stm32cubemx/plugins/thirdparty/db/thirdparties_db.xml) [forced]
2024-08-15 14:40:44,800 [INFO] IntegrityCheckThread:76 - exiting critical section [integrity check]
2024-08-15 14:40:44,800 [INFO] IntegrityCheckThread:79 - End integrity checks thread
2024-08-15 14:40:44,840 [INFO] ThirdPartyDb:299 - Save Third Party DataBase File (C:/Users/HP/.stm32cubemx/plugins/thirdparty/db/thirdparties_db.xml) [forced]
2024-08-15 14:40:44,977 [INFO] LoadServerUpdatesThread:309 - End of LoadServerUpdate Thread
2024-08-15 14:40:46,544 [INFO] ServerAccessManage:348 - Download File mcusDocs.json._tmp_
2024-08-15 14:40:46,834 [INFO] LoadUrlFilesThread:135 - End of LoadUrlFiles Thread
2024-08-15 14:40:46,965 [INFO] ServerAccessManage:348 - Download File mcusFeaturesAndDescription.json._tmp_
2024-08-15 14:41:01,940 [INFO] LoadUrlFilesThread:135 - End of LoadUrlFiles Thread
2024-08-15 14:41:02,068 [INFO] ServerAccessManage:348 - Download File boardsDocs.json._tmp_
2024-08-15 14:41:02,154 [INFO] LoadUrlFilesThread:135 - End of LoadUrlFiles Thread
2024-08-15 14:41:02,279 [INFO] ServerAccessManage:348 - Download File boards.json._tmp_
2024-08-15 14:41:02,909 [INFO] LoadUrlFilesThread:135 - End of LoadUrlFiles Thread
2024-08-15 14:41:03,517 [INFO] ServerAccessManage:348 - Download File cube-finder-db.zip
2024-08-15 14:41:54,236 [INFO] FileExtend:225 - Unzip File : cube-finder-db.zip
2024-08-15 14:41:54,241 [INFO] FileExtend:240 - Standard Zip Deflate
2024-08-15 14:41:55,813 [INFO] LoadUrlFilesThread:135 - End of LoadUrlFiles Thread
2024-08-15 14:41:56,815 [INFO] ServerAccessManage:348 - Download File crdb.zip
2024-08-15 14:41:58,686 [INFO] FileExtend:225 - Unzip File : crdb.zip
2024-08-15 14:41:58,686 [INFO] FileExtend:240 - Standard Zip Deflate
2024-08-15 14:41:58,746 [INFO] LoadUrlFilesThread:135 - End of LoadUrlFiles Thread
2024-08-15 14:41:59,915 [INFO] ServerAccessManage:348 - Download File tutoVideoDB.zip
2024-08-15 14:42:00,453 [INFO] FileExtend:225 - Unzip File : tutoVideoDB.zip
2024-08-15 14:42:00,458 [INFO] FileExtend:240 - Standard Zip Deflate
2024-08-15 14:42:00,488 [INFO] LoadUrlFilesThread:135 - End of LoadUrlFiles Thread
2024-08-15 14:42:00,508 [INFO] DbMcusDocs:145 - JSON generation date=Tue Nov 16 18:17:54 EET 2021 (1637079474)
2024-08-15 14:42:01,114 [INFO] DbMcusDocs:81 - Found 682 MCUs documents
2024-08-15 14:42:01,114 [INFO] ApiDb:226 - Save user favorites file C:\Users\HP/.stm32cubeide/favorites.mcus.txt: 0 item(s)
2024-08-15 14:42:01,119 [INFO] ApiDb:230 - User favorites MCUs=[]
2024-08-15 14:42:01,119 [INFO] DbMcusXml:100 - Load MCU database from C:\ST\STM32CubeIDE_1.4.0\STM32CubeIDE\plugins\com.st.stm32cube.common.mx_6.0.0.202007160824\\db\/mcu/families.xml
2024-08-15 14:42:02,303 [INFO] DbMcusJson:92 - JSON generation date=Tue Nov 16 18:17:54 EET 2021 (1637079474)
2024-08-15 14:42:03,552 [INFO] DbMcus:175 - Found 1761 MCUs (1722 are supported by CubeMX, 1911 are visible in CubeMX)
2024-08-15 14:42:03,557 [INFO] ApiDb:201 - Load user favorites file C:\Users\HP/.stm32cubeide/favorites.mcus.txt: 0 item(s)
2024-08-15 14:42:03,557 [INFO] ApiDb:205 - User favorites MCUs=[]
2024-08-15 14:42:03,557 [INFO] DbMcus:187 - Set 0 / 0 favorites MCUs
2024-08-15 14:42:03,727 [INFO] McuFilterPanel:245 - Update 0 favorites MCUs
2024-08-15 14:42:04,643 [INFO] DbBoardsDocs:145 - JSON generation date=Tue Nov 16 18:17:54 EET 2021 (1637079474)
2024-08-15 14:42:04,694 [INFO] DbBoardsPdsc:94 - Found 23 items
2024-08-15 14:42:04,724 [INFO] DbBoardsPdsc:94 - Found 9 items
2024-08-15 14:42:04,774 [INFO] DbBoardsPdsc:94 - Found 29 items
2024-08-15 14:42:04,804 [INFO] DbBoardsPdsc:94 - Found 1 items
2024-08-15 14:42:04,844 [INFO] DbBoardsPdsc:94 - Found 44 items
2024-08-15 14:42:04,884 [INFO] DbBoardsPdsc:94 - Found 40 items
2024-08-15 14:42:04,909 [INFO] DbBoardsPdsc:94 - Found 2 items
2024-08-15 14:42:04,929 [INFO] DbBoardsPdsc:94 - Found 4 items
2024-08-15 14:42:04,944 [WARN] DbBoardsPdsc:258 - Board STM32H7B3I-DK: unknown feature type=Audio, name=, username=Audio stereo codec with Headphone Amp (CS42L51-CNZ), n=1
2024-08-15 14:42:04,944 [WARN] DbBoardsPdsc:258 - Board STM32H735G-DK: unknown feature type=Audio, name=, username=Audio stereo codec with Headphone Amp (WM8994ECS/R), n=1
2024-08-15 14:42:04,949 [WARN] DbBoardsPdsc:258 - Board STM32H7B3I-EVAL: unknown feature type=Audio, name=, username=Multi-Channel Audio Codec (CS42L51-CNZ), n=1
2024-08-15 14:42:04,949 [WARN] DbBoardsPdsc:258 - Board STM32H7B3I-EVAL: unknown feature type=Meter, name=, username=Power-metering and Temperature-monitoring with sigma-delta modulators, n=1
2024-08-15 14:42:04,949 [WARN] DbBoardsPdsc:258 - Board STM32H7B3I-EVAL: unknown feature type=Motor, name=, username=Motor Control, n=1
2024-08-15 14:42:04,969 [INFO] DbBoardsJson:85 - JSON generation date=Tue Nov 16 18:17:54 EET 2021 (1637079474)
2024-08-15 14:42:04,989 [INFO] DbBoards:117 - Found 166 boards (149 are supported by CubeMX)
2024-08-15 14:42:04,989 [INFO] DbBoardsDocs:145 - JSON generation date=Tue Nov 16 18:17:54 EET 2021 (1637079474)
2024-08-15 14:42:04,999 [INFO] DbBoardsDocs:81 - Found 209 boards documents
2024-08-15 14:42:05,004 [WARN] DbBoards:127 - board B-L475E-IOT01A2 has no document id list !
2024-08-15 14:42:05,009 [WARN] DbBoards:127 - board NUCLEO-H743ZI has no document id list !
2024-08-15 14:42:05,009 [WARN] DbBoards:127 - board P-NUCLEO-WB55-Nucleo has no document id list !
2024-08-15 14:42:05,009 [WARN] DbBoards:127 - board P-NUCLEO-WB55-USBDongle has no document id list !
2024-08-15 14:42:05,009 [WARN] DbBoards:127 - board STEVAL-BFA001V1B has no document id list !
2024-08-15 14:42:05,009 [WARN] DbBoards:127 - board STEVAL-BFA001V2B has no document id list !
2024-08-15 14:42:05,009 [WARN] DbBoards:127 - board STEVAL-IDP005V1 has no document id list !
2024-08-15 14:42:05,009 [WARN] DbBoards:127 - board STEVAL-IDP005V2 has no document id list !
2024-08-15 14:42:05,014 [WARN] DbBoards:127 - board STEVAL-MKSBOX1V1 has no document id list !
2024-08-15 14:42:05,014 [WARN] DbBoards:127 - board STEVAL-STWINKT1 has no document id list !
2024-08-15 14:42:05,014 [WARN] DbBoards:127 - board STEVAL-STWINKT1B has no document id list !
2024-08-15 14:42:05,014 [WARN] DbBoards:127 - board STM32439I-EVAL2 has no document id list !
2024-08-15 14:42:05,014 [WARN] DbBoards:127 - board STM32F401C-DISCO has no document id list !
2024-08-15 14:42:05,014 [WARN] DbBoards:127 - board STM32F769I-DISC1 has no document id list !
2024-08-15 14:42:05,019 [WARN] DbBoards:127 - board STM32G474E-EVAL1 has no document id list !
2024-08-15 14:42:05,019 [WARN] DbBoards:127 - board STM32H743I-EVAL2 has no document id list !
2024-08-15 14:42:05,019 [WARN] DbBoards:127 - board STM32H747I-DISC1 has no document id list !
2024-08-15 14:42:05,019 [WARN] DbBoards:127 - board STM32H753I-EVAL2 has no document id list !
2024-08-15 14:42:05,022 [WARN] DbBoards:127 - board STM32L-DISCOVERY has no document id list !
2024-08-15 14:42:05,199 [ERROR] DbBoards:189 - Image file not found for board B-L462E-CELL1: C:\ST\STM32CubeIDE_1.4.0\STM32CubeIDE\plugins\com.st.stm32cube.common.mx_6.0.0.202007160824\\db\/plugins/mcufinder/images/boards/B-L462E-CELL1_small.jpg
2024-08-15 14:42:05,279 [ERROR] DbBoards:189 - Image file not found for board B-U585I-IOT02A: C:\ST\STM32CubeIDE_1.4.0\STM32CubeIDE\plugins\com.st.stm32cube.common.mx_6.0.0.202007160824\\db\/plugins/mcufinder/images/boards/B-U585I-IOT02A_small.jpg
2024-08-15 14:42:05,499 [ERROR] DbBoards:189 - Image file not found for board NUCLEO-F413ZH: C:\ST\STM32CubeIDE_1.4.0\STM32CubeIDE\plugins\com.st.stm32cube.common.mx_6.0.0.202007160824\\db\/plugins/mcufinder/images/boards/nucleo-f413zh_small.jpg
2024-08-15 14:42:05,872 [ERROR] DbBoards:189 - Image file not found for board NUCLEO-L552ZE-Q: C:\ST\STM32CubeIDE_1.4.0\STM32CubeIDE\plugins\com.st.stm32cube.common.mx_6.0.0.202007160824\\db\/plugins/mcufinder/images/boards/nucleo_l552ze_q_small.jpg
2024-08-15 14:42:05,872 [ERROR] DbBoards:189 - Image file not found for board NUCLEO-U575ZI-Q: C:\ST\STM32CubeIDE_1.4.0\STM32CubeIDE\plugins\com.st.stm32cube.common.mx_6.0.0.202007160824\\db\/plugins/mcufinder/images/boards/nucleo-u575zi-q_small.jpg
2024-08-15 14:42:05,874 [ERROR] DbBoards:189 - Image file not found for board NUCLEO-WB15CC: C:\ST\STM32CubeIDE_1.4.0\STM32CubeIDE\plugins\com.st.stm32cube.common.mx_6.0.0.202007160824\\db\/plugins/mcufinder/images/boards/nucleo-wb15cc_small.jpg
2024-08-15 14:42:05,874 [ERROR] DbBoards:189 - Image file not found for board NUCLEO-WB55RG: C:\ST\STM32CubeIDE_1.4.0\STM32CubeIDE\plugins\com.st.stm32cube.common.mx_6.0.0.202007160824\\db\/plugins/mcufinder/images/boards/nucleo-wb55rg_small.jpg
2024-08-15 14:42:05,874 [ERROR] DbBoards:189 - Image file not found for board NUCLEO-WL55JC: C:\ST\STM32CubeIDE_1.4.0\STM32CubeIDE\plugins\com.st.stm32cube.common.mx_6.0.0.202007160824\\db\/plugins/mcufinder/images/boards/nucleo-wl55jc-small.jpg
2024-08-15 14:42:06,222 [ERROR] DbBoards:189 - Image file not found for board STEVAL-STWINKT1B: C:\ST\STM32CubeIDE_1.4.0\STM32CubeIDE\plugins\com.st.stm32cube.common.mx_6.0.0.202007160824\\db\/plugins/mcufinder/images/boards/steval-stwinkt1b_small.jpg
2024-08-15 14:42:07,208 [ERROR] DbBoards:189 - Image file not found for board STM32G0C1E-EV: C:\ST\STM32CubeIDE_1.4.0\STM32CubeIDE\plugins\com.st.stm32cube.common.mx_6.0.0.202007160824\\db\/plugins/mcufinder/images/boards/stm32g0c1e-eval_small.jpg
2024-08-15 14:42:07,358 [ERROR] DbBoards:189 - Image file not found for board STM32H7B3I-EVAL: C:\ST\STM32CubeIDE_1.4.0\STM32CubeIDE\plugins\com.st.stm32cube.common.mx_6.0.0.202007160824\\db\/plugins/mcufinder/images/boards/stm32h7b3ieval_small.jpg
2024-08-15 14:42:07,697 [ERROR] DbBoards:189 - Image file not found for board STM32U575I-EV: C:\ST\STM32CubeIDE_1.4.0\STM32CubeIDE\plugins\com.st.stm32cube.common.mx_6.0.0.202007160824\\db\/plugins/mcufinder/images/boards/stm32u575i-ev_small.jpg
2024-08-15 14:42:07,767 [ERROR] DbBoards:189 - Image file not found for board STM32WB5MM-DK: C:\ST\STM32CubeIDE_1.4.0\STM32CubeIDE\plugins\com.st.stm32cube.common.mx_6.0.0.202007160824\\db\/plugins/mcufinder/images/boards/STM32WB5MM-DK_small.jpg
2024-08-15 14:42:07,772 [INFO] ApiDb:201 - Load user favorites file C:\Users\HP/.stm32cubeide/favorites.boards.txt: 0 item(s)
2024-08-15 14:42:07,772 [INFO] ApiDb:205 - User favorites Boards=[]
2024-08-15 14:42:07,772 [INFO] DbBoards:206 - Set 0 / 0 favorites Boards
2024-08-15 14:42:08,205 [INFO] DbBoardsDocs:81 - Found 418 boards documents
2024-08-15 14:42:08,207 [INFO] ApiDb:226 - Save user favorites file C:\Users\HP/.stm32cubeide/favorites.boards.txt: 0 item(s)
2024-08-15 14:42:08,207 [INFO] ApiDb:230 - User favorites Boards=[]
2024-08-15 14:42:08,212 [INFO] DbBoardsPdsc:94 - Found 23 items
2024-08-15 14:42:08,217 [INFO] DbBoardsPdsc:94 - Found 9 items
2024-08-15 14:42:08,222 [INFO] DbBoardsPdsc:94 - Found 29 items
2024-08-15 14:42:08,222 [INFO] DbBoardsPdsc:94 - Found 1 items
2024-08-15 14:42:08,232 [INFO] DbBoardsPdsc:94 - Found 44 items
2024-08-15 14:42:08,242 [INFO] DbBoardsPdsc:94 - Found 40 items
2024-08-15 14:42:08,244 [INFO] DbBoardsPdsc:94 - Found 2 items
2024-08-15 14:42:08,244 [INFO] DbBoardsPdsc:94 - Found 4 items
2024-08-15 14:42:08,249 [WARN] DbBoardsPdsc:258 - Board STM32H7B3I-DK: unknown feature type=Audio, name=, username=Audio stereo codec with Headphone Amp (CS42L51-CNZ), n=1
2024-08-15 14:42:08,249 [WARN] DbBoardsPdsc:258 - Board STM32H735G-DK: unknown feature type=Audio, name=, username=Audio stereo codec with Headphone Amp (WM8994ECS/R), n=1
2024-08-15 14:42:08,254 [WARN] DbBoardsPdsc:258 - Board STM32H7B3I-EVAL: unknown feature type=Audio, name=, username=Multi-Channel Audio Codec (CS42L51-CNZ), n=1
2024-08-15 14:42:08,254 [WARN] DbBoardsPdsc:258 - Board STM32H7B3I-EVAL: unknown feature type=Meter, name=, username=Power-metering and Temperature-monitoring with sigma-delta modulators, n=1
2024-08-15 14:42:08,254 [WARN] DbBoardsPdsc:258 - Board STM32H7B3I-EVAL: unknown feature type=Motor, name=, username=Motor Control, n=1
2024-08-15 14:42:08,334 [INFO] DbBoardsJson:85 - JSON generation date=Tue Nov 16 18:17:54 EET 2021 (1637079474)
2024-08-15 14:42:08,344 [INFO] DbBoards:117 - Found 166 boards (149 are supported by CubeMX)
2024-08-15 14:42:08,374 [WARN] DbBoards:127 - board B-L475E-IOT01A2 has no document id list !
2024-08-15 14:42:08,374 [WARN] DbBoards:127 - board NUCLEO-H743ZI has no document id list !
2024-08-15 14:42:08,374 [WARN] DbBoards:127 - board P-NUCLEO-WB55-Nucleo has no document id list !
2024-08-15 14:42:08,374 [WARN] DbBoards:127 - board P-NUCLEO-WB55-USBDongle has no document id list !
2024-08-15 14:42:08,374 [WARN] DbBoards:127 - board STEVAL-BFA001V1B has no document id list !
2024-08-15 14:42:08,374 [WARN] DbBoards:127 - board STEVAL-BFA001V2B has no document id list !
2024-08-15 14:42:08,374 [WARN] DbBoards:127 - board STEVAL-IDP005V1 has no document id list !
2024-08-15 14:42:08,374 [WARN] DbBoards:127 - board STEVAL-IDP005V2 has no document id list !
2024-08-15 14:42:08,374 [WARN] DbBoards:127 - board STEVAL-MKSBOX1V1 has no document id list !
2024-08-15 14:42:08,374 [WARN] DbBoards:127 - board STEVAL-STWINKT1 has no document id list !
2024-08-15 14:42:08,374 [WARN] DbBoards:127 - board STEVAL-STWINKT1B has no document id list !
2024-08-15 14:42:08,374 [WARN] DbBoards:127 - board STM32439I-EVAL2 has no document id list !
2024-08-15 14:42:08,374 [WARN] DbBoards:127 - board STM32F401C-DISCO has no document id list !
2024-08-15 14:42:08,379 [WARN] DbBoards:127 - board STM32F769I-DISC1 has no document id list !
2024-08-15 14:42:08,384 [WARN] DbBoards:127 - board STM32G474E-EVAL1 has no document id list !
2024-08-15 14:42:08,384 [WARN] DbBoards:127 - board STM32H743I-EVAL2 has no document id list !
2024-08-15 14:42:08,384 [WARN] DbBoards:127 - board STM32H747I-DISC1 has no document id list !
2024-08-15 14:42:08,384 [WARN] DbBoards:127 - board STM32H753I-EVAL2 has no document id list !
2024-08-15 14:42:08,384 [WARN] DbBoards:127 - board STM32L-DISCOVERY has no document id list !
2024-08-15 14:42:08,488 [ERROR] DbBoards:189 - Image file not found for board B-L462E-CELL1: C:\ST\STM32CubeIDE_1.4.0\STM32CubeIDE\plugins\com.st.stm32cube.common.mx_6.0.0.202007160824\\db\/plugins/mcufinder/images/boards/B-L462E-CELL1_small.jpg
2024-08-15 14:42:08,575 [ERROR] DbBoards:189 - Image file not found for board B-U585I-IOT02A: C:\ST\STM32CubeIDE_1.4.0\STM32CubeIDE\plugins\com.st.stm32cube.common.mx_6.0.0.202007160824\\db\/plugins/mcufinder/images/boards/B-U585I-IOT02A_small.jpg
2024-08-15 14:42:08,745 [ERROR] DbBoards:189 - Image file not found for board NUCLEO-F413ZH: C:\ST\STM32CubeIDE_1.4.0\STM32CubeIDE\plugins\com.st.stm32cube.common.mx_6.0.0.202007160824\\db\/plugins/mcufinder/images/boards/nucleo-f413zh_small.jpg
2024-08-15 14:42:09,080 [ERROR] DbBoards:189 - Image file not found for board NUCLEO-L552ZE-Q: C:\ST\STM32CubeIDE_1.4.0\STM32CubeIDE\plugins\com.st.stm32cube.common.mx_6.0.0.202007160824\\db\/plugins/mcufinder/images/boards/nucleo_l552ze_q_small.jpg
2024-08-15 14:42:09,080 [ERROR] DbBoards:189 - Image file not found for board NUCLEO-U575ZI-Q: C:\ST\STM32CubeIDE_1.4.0\STM32CubeIDE\plugins\com.st.stm32cube.common.mx_6.0.0.202007160824\\db\/plugins/mcufinder/images/boards/nucleo-u575zi-q_small.jpg
2024-08-15 14:42:09,080 [ERROR] DbBoards:189 - Image file not found for board NUCLEO-WB15CC: C:\ST\STM32CubeIDE_1.4.0\STM32CubeIDE\plugins\com.st.stm32cube.common.mx_6.0.0.202007160824\\db\/plugins/mcufinder/images/boards/nucleo-wb15cc_small.jpg
2024-08-15 14:42:09,080 [ERROR] DbBoards:189 - Image file not found for board NUCLEO-WB55RG: C:\ST\STM32CubeIDE_1.4.0\STM32CubeIDE\plugins\com.st.stm32cube.common.mx_6.0.0.202007160824\\db\/plugins/mcufinder/images/boards/nucleo-wb55rg_small.jpg
2024-08-15 14:42:09,080 [ERROR] DbBoards:189 - Image file not found for board NUCLEO-WL55JC: C:\ST\STM32CubeIDE_1.4.0\STM32CubeIDE\plugins\com.st.stm32cube.common.mx_6.0.0.202007160824\\db\/plugins/mcufinder/images/boards/nucleo-wl55jc-small.jpg
2024-08-15 14:42:09,274 [ERROR] DbBoards:189 - Image file not found for board STEVAL-STWINKT1B: C:\ST\STM32CubeIDE_1.4.0\STM32CubeIDE\plugins\com.st.stm32cube.common.mx_6.0.0.202007160824\\db\/plugins/mcufinder/images/boards/steval-stwinkt1b_small.jpg
2024-08-15 14:42:10,024 [ERROR] DbBoards:189 - Image file not found for board STM32G0C1E-EV: C:\ST\STM32CubeIDE_1.4.0\STM32CubeIDE\plugins\com.st.stm32cube.common.mx_6.0.0.202007160824\\db\/plugins/mcufinder/images/boards/stm32g0c1e-eval_small.jpg
2024-08-15 14:42:10,141 [ERROR] DbBoards:189 - Image file not found for board STM32H7B3I-EVAL: C:\ST\STM32CubeIDE_1.4.0\STM32CubeIDE\plugins\com.st.stm32cube.common.mx_6.0.0.202007160824\\db\/plugins/mcufinder/images/boards/stm32h7b3ieval_small.jpg
2024-08-15 14:42:10,356 [ERROR] DbBoards:189 - Image file not found for board STM32U575I-EV: C:\ST\STM32CubeIDE_1.4.0\STM32CubeIDE\plugins\com.st.stm32cube.common.mx_6.0.0.202007160824\\db\/plugins/mcufinder/images/boards/stm32u575i-ev_small.jpg
2024-08-15 14:42:10,391 [ERROR] DbBoards:189 - Image file not found for board STM32WB5MM-DK: C:\ST\STM32CubeIDE_1.4.0\STM32CubeIDE\plugins\com.st.stm32cube.common.mx_6.0.0.202007160824\\db\/plugins/mcufinder/images/boards/STM32WB5MM-DK_small.jpg
2024-08-15 14:42:10,391 [INFO] ApiDb:201 - Load user favorites file C:\Users\HP/.stm32cubeide/favorites.boards.txt: 0 item(s)
2024-08-15 14:42:10,391 [INFO] ApiDb:205 - User favorites Boards=[]
2024-08-15 14:42:10,396 [INFO] DbBoards:206 - Set 0 / 0 favorites Boards
2024-08-15 14:42:10,771 [INFO] LoadUrlFilesThread:162 - End of LoadServerUrlFiles without Thread
2024-08-15 14:42:10,771 [INFO] MultiScanPanel:787 - Refresh data is succesful
2024-08-15 14:42:10,776 [INFO] McuFilterPanel:245 - Update 0 favorites MCUs
2024-08-15 14:51:09,568 [INFO] LogOutputStream:76 - [STDOUT_REDIRECT] withoutVersionV1.8.4
2024-08-15 14:51:09,568 [INFO] LogOutputStream:76 - [STDOUT_REDIRECT] withoutVersionV1.8.3
2024-08-15 14:51:09,568 [INFO] LogOutputStream:76 - [STDOUT_REDIRECT] withoutVersionV1.8.2
2024-08-15 14:51:09,568 [INFO] LogOutputStream:76 - [STDOUT_REDIRECT] withoutVersionV1.8.1
2024-08-15 14:51:09,573 [INFO] LogOutputStream:76 - [STDOUT_REDIRECT] withoutVersionV1.8.0
2024-08-15 14:51:23,613 [ERROR] LogOutputStream:74 - [STDERR_REDIRECT] [Fatal Error] :1:1: Premature end of file.
2024-08-15 14:51:23,618 [ERROR] LogOutputStream:74 - [STDERR_REDIRECT] 
2024-08-15 14:51:23,712 [ERROR] LogOutputStream:74 - [STDERR_REDIRECT] [Fatal Error] :1:1: Premature end of file.
2024-08-15 14:51:23,712 [ERROR] LogOutputStream:74 - [STDERR_REDIRECT] 
2024-08-15 14:51:23,812 [ERROR] LogOutputStream:74 - [STDERR_REDIRECT] [Fatal Error] :1:1: Premature end of file.
2024-08-15 14:51:23,812 [ERROR] LogOutputStream:74 - [STDERR_REDIRECT] 
2024-08-15 14:51:23,858 [INFO] ApiDb:226 - Save user favorites file C:\Users\HP/.stm32cubeide/favorites.mcus.txt: 0 item(s)
2024-08-15 14:51:23,858 [INFO] ApiDb:230 - User favorites MCUs=[]
2024-08-15 14:51:26,183 [ERROR] LogOutputStream:74 - [STDERR_REDIRECT] [Fatal Error] :1:1: Premature end of file.
2024-08-15 14:51:26,187 [ERROR] LogOutputStream:74 - [STDERR_REDIRECT] 
2024-08-15 14:51:26,347 [ERROR] LogOutputStream:74 - [STDERR_REDIRECT] [Fatal Error] :1:1: Premature end of file.
2024-08-15 14:51:26,349 [ERROR] LogOutputStream:74 - [STDERR_REDIRECT] 
2024-08-15 14:51:26,537 [ERROR] LogOutputStream:74 - [STDERR_REDIRECT] [Fatal Error] :1:1: Premature end of file.
2024-08-15 14:51:26,537 [ERROR] LogOutputStream:74 - [STDERR_REDIRECT] 
2024-08-15 14:51:26,833 [ERROR] LogOutputStream:74 - [STDERR_REDIRECT] [Fatal Error] :1:1: Premature end of file.
2024-08-15 14:51:26,833 [ERROR] LogOutputStream:74 - [STDERR_REDIRECT] 
2024-08-15 14:51:27,119 [ERROR] LogOutputStream:74 - [STDERR_REDIRECT] [Fatal Error] :1:1: Premature end of file.
2024-08-15 14:51:27,123 [ERROR] LogOutputStream:74 - [STDERR_REDIRECT] 
2024-08-15 14:51:27,414 [ERROR] LogOutputStream:74 - [STDERR_REDIRECT] [Fatal Error] :1:1: Premature end of file.
2024-08-15 14:51:27,414 [ERROR] LogOutputStream:74 - [STDERR_REDIRECT] 
2024-08-15 14:51:27,814 [ERROR] LogOutputStream:74 - [STDERR_REDIRECT] [Fatal Error] :1:1: Premature end of file.
2024-08-15 14:51:27,814 [ERROR] LogOutputStream:74 - [STDERR_REDIRECT] 
2024-08-15 14:51:27,953 [ERROR] LogOutputStream:74 - [STDERR_REDIRECT] [Fatal Error] :1:1: Premature end of file.
2024-08-15 14:51:27,953 [ERROR] LogOutputStream:74 - [STDERR_REDIRECT] 
2024-08-15 14:51:28,051 [ERROR] LogOutputStream:74 - [STDERR_REDIRECT] [Fatal Error] :1:1: Premature end of file.
2024-08-15 14:51:28,051 [ERROR] LogOutputStream:74 - [STDERR_REDIRECT] 
2024-08-15 15:03:06,756 [ERROR] LogOutputStream:74 - [STDERR_REDIRECT] [Fatal Error] :1:1: Premature end of file.
2024-08-15 15:03:06,761 [ERROR] LogOutputStream:74 - [STDERR_REDIRECT] 
2024-08-15 15:03:06,857 [ERROR] LogOutputStream:74 - [STDERR_REDIRECT] [Fatal Error] :1:1: Premature end of file.
2024-08-15 15:03:06,857 [ERROR] LogOutputStream:74 - [STDERR_REDIRECT] 
2024-08-15 15:03:06,952 [ERROR] LogOutputStream:74 - [STDERR_REDIRECT] [Fatal Error] :1:1: Premature end of file.
2024-08-15 15:03:06,952 [ERROR] LogOutputStream:74 - [STDERR_REDIRECT] 
2024-08-15 15:20:19,222 [ERROR] LogOutputStream:74 - [STDERR_REDIRECT] [Fatal Error] :1:1: Premature end of file.
2024-08-15 15:20:19,227 [ERROR] LogOutputStream:74 - [STDERR_REDIRECT] 
2024-08-15 15:20:19,323 [ERROR] LogOutputStream:74 - [STDERR_REDIRECT] [Fatal Error] :1:1: Premature end of file.
2024-08-15 15:20:19,323 [ERROR] LogOutputStream:74 - [STDERR_REDIRECT] 
2024-08-15 15:20:19,412 [ERROR] LogOutputStream:74 - [STDERR_REDIRECT] [Fatal Error] :1:1: Premature end of file.
2024-08-15 15:20:19,412 [ERROR] LogOutputStream:74 - [STDERR_REDIRECT] 
2024-08-16 04:37:08,948 [ERROR] LogOutputStream:74 - [STDERR_REDIRECT] [Fatal Error] :1:1: Premature end of file.
2024-08-16 04:37:08,963 [ERROR] LogOutputStream:74 - [STDERR_REDIRECT] 
2024-08-16 04:37:09,042 [ERROR] LogOutputStream:74 - [STDERR_REDIRECT] [Fatal Error] :1:1: Premature end of file.
2024-08-16 04:37:09,042 [ERROR] LogOutputStream:74 - [STDERR_REDIRECT] 
2024-08-16 04:37:09,120 [ERROR] LogOutputStream:74 - [STDERR_REDIRECT] [Fatal Error] :1:1: Premature end of file.
2024-08-16 04:37:09,135 [ERROR] LogOutputStream:74 - [STDERR_REDIRECT] 
2024-08-16 21:27:22,690 [INFO] Activator:178 - 


2024-08-16 21:27:22,701 [INFO] Activator:179 - !SESSION log4j initialized
2024-08-16 21:27:39,385 [ERROR] LogOutputStream:74 - [STDERR_REDIRECT] [Fatal Error] :1:1: Premature end of file.
2024-08-16 21:27:39,388 [ERROR] LogOutputStream:74 - [STDERR_REDIRECT] 
2024-08-16 21:27:39,913 [ERROR] LogOutputStream:74 - [STDERR_REDIRECT] [Fatal Error] :1:1: Premature end of file.
2024-08-16 21:27:39,915 [ERROR] LogOutputStream:74 - [STDERR_REDIRECT] 
2024-08-16 21:27:41,011 [ERROR] LogOutputStream:74 - [STDERR_REDIRECT] [Fatal Error] :1:1: Premature end of file.
2024-08-16 21:27:41,012 [ERROR] LogOutputStream:74 - [STDERR_REDIRECT] 
2024-08-17 02:55:26,166 [ERROR] LogOutputStream:74 - [STDERR_REDIRECT] [Fatal Error] :1:1: Premature end of file.
2024-08-17 02:55:26,166 [ERROR] LogOutputStream:74 - [STDERR_REDIRECT] 
2024-08-17 02:55:26,275 [ERROR] LogOutputStream:74 - [STDERR_REDIRECT] [Fatal Error] :1:1: Premature end of file.
2024-08-17 02:55:26,275 [ERROR] LogOutputStream:74 - [STDERR_REDIRECT] 
2024-08-17 02:55:26,384 [ERROR] LogOutputStream:74 - [STDERR_REDIRECT] [Fatal Error] :1:1: Premature end of file.
2024-08-17 02:55:26,384 [ERROR] LogOutputStream:74 - [STDERR_REDIRECT] 
2024-08-17 02:55:26,491 [ERROR] LogOutputStream:74 - [STDERR_REDIRECT] [Fatal Error] :1:1: Premature end of file.
2024-08-17 02:55:26,493 [ERROR] LogOutputStream:74 - [STDERR_REDIRECT] 
2024-08-17 02:55:26,591 [ERROR] LogOutputStream:74 - [STDERR_REDIRECT] [Fatal Error] :1:1: Premature end of file.
2024-08-17 02:55:26,592 [ERROR] LogOutputStream:74 - [STDERR_REDIRECT] 
2024-08-17 02:55:26,699 [ERROR] LogOutputStream:74 - [STDERR_REDIRECT] [Fatal Error] :1:1: Premature end of file.
2024-08-17 02:55:26,699 [ERROR] LogOutputStream:74 - [STDERR_REDIRECT] 
2024-08-17 02:55:26,811 [ERROR] LogOutputStream:74 - [STDERR_REDIRECT] [Fatal Error] :1:1: Premature end of file.
2024-08-17 02:55:26,811 [ERROR] LogOutputStream:74 - [STDERR_REDIRECT] 
2024-08-17 02:55:26,909 [ERROR] LogOutputStream:74 - [STDERR_REDIRECT] [Fatal Error] :1:1: Premature end of file.
2024-08-17 02:55:26,909 [ERROR] LogOutputStream:74 - [STDERR_REDIRECT] 
2024-08-17 02:55:27,007 [ERROR] LogOutputStream:74 - [STDERR_REDIRECT] [Fatal Error] :1:1: Premature end of file.
2024-08-17 02:55:27,007 [ERROR] LogOutputStream:74 - [STDERR_REDIRECT] 
2024-08-17 02:55:27,174 [ERROR] LogOutputStream:74 - [STDERR_REDIRECT] [Fatal Error] :1:1: Premature end of file.
2024-08-17 02:55:27,174 [ERROR] LogOutputStream:74 - [STDERR_REDIRECT] 
2024-08-17 02:55:27,269 [ERROR] LogOutputStream:74 - [STDERR_REDIRECT] [Fatal Error] :1:1: Premature end of file.
2024-08-17 02:55:27,269 [ERROR] LogOutputStream:74 - [STDERR_REDIRECT] 
2024-08-17 02:55:27,362 [ERROR] LogOutputStream:74 - [STDERR_REDIRECT] [Fatal Error] :1:1: Premature end of file.
2024-08-17 02:55:27,369 [ERROR] LogOutputStream:74 - [STDERR_REDIRECT] 
2024-08-17 02:58:44,297 [ERROR] LogOutputStream:74 - [STDERR_REDIRECT] [Fatal Error] :1:1: Premature end of file.
2024-08-17 02:58:44,298 [ERROR] LogOutputStream:74 - [STDERR_REDIRECT] 
2024-08-17 02:58:44,391 [ERROR] LogOutputStream:74 - [STDERR_REDIRECT] [Fatal Error] :1:1: Premature end of file.
2024-08-17 02:58:44,392 [ERROR] LogOutputStream:74 - [STDERR_REDIRECT] 
2024-08-17 02:58:44,480 [ERROR] LogOutputStream:74 - [STDERR_REDIRECT] [Fatal Error] :1:1: Premature end of file.
2024-08-17 02:58:44,482 [ERROR] LogOutputStream:74 - [STDERR_REDIRECT] 
2024-08-17 03:00:46,765 [ERROR] LogOutputStream:74 - [STDERR_REDIRECT] [Fatal Error] :1:1: Premature end of file.
2024-08-17 03:00:46,766 [ERROR] LogOutputStream:74 - [STDERR_REDIRECT] 
2024-08-17 03:00:46,862 [ERROR] LogOutputStream:74 - [STDERR_REDIRECT] [Fatal Error] :1:1: Premature end of file.
2024-08-17 03:00:46,864 [ERROR] LogOutputStream:74 - [STDERR_REDIRECT] 
2024-08-17 03:00:46,952 [ERROR] LogOutputStream:74 - [STDERR_REDIRECT] [Fatal Error] :1:1: Premature end of file.
2024-08-17 03:00:46,952 [ERROR] LogOutputStream:74 - [STDERR_REDIRECT] 
2024-08-17 03:04:21,524 [ERROR] LogOutputStream:74 - [STDERR_REDIRECT] [Fatal Error] :1:1: Premature end of file.
2024-08-17 03:04:21,525 [ERROR] LogOutputStream:74 - [STDERR_REDIRECT] 
2024-08-17 03:04:21,618 [ERROR] LogOutputStream:74 - [STDERR_REDIRECT] [Fatal Error] :1:1: Premature end of file.
2024-08-17 03:04:21,619 [ERROR] LogOutputStream:74 - [STDERR_REDIRECT] 
2024-08-17 03:04:21,711 [ERROR] LogOutputStream:74 - [STDERR_REDIRECT] [Fatal Error] :1:1: Premature end of file.
2024-08-17 03:04:21,712 [ERROR] LogOutputStream:74 - [STDERR_REDIRECT] 
2024-08-17 03:44:11,280 [ERROR] LogOutputStream:74 - [STDERR_REDIRECT] [Fatal Error] :1:1: Premature end of file.
2024-08-17 03:44:11,280 [ERROR] LogOutputStream:74 - [STDERR_REDIRECT] 
2024-08-17 03:44:11,592 [ERROR] LogOutputStream:74 - [STDERR_REDIRECT] [Fatal Error] :1:1: Premature end of file.
2024-08-17 03:44:11,592 [ERROR] LogOutputStream:74 - [STDERR_REDIRECT] 
2024-08-17 03:44:11,866 [ERROR] LogOutputStream:74 - [STDERR_REDIRECT] [Fatal Error] :1:1: Premature end of file.
2024-08-17 03:44:11,866 [ERROR] LogOutputStream:74 - [STDERR_REDIRECT] 
2024-08-17 15:03:04,946 [INFO] Activator:178 - 


2024-08-17 15:03:04,956 [INFO] Activator:179 - !SESSION log4j initialized
2024-08-17 15:59:44,587 [INFO] Activator:178 - 


2024-08-17 15:59:44,592 [INFO] Activator:179 - !SESSION log4j initialized
2024-08-17 18:01:14,410 [INFO] Activator:178 - 


2024-08-17 18:01:14,420 [INFO] Activator:179 - !SESSION log4j initialized
2024-08-17 23:27:50,694 [INFO] Activator:178 - 


2024-08-17 23:27:50,699 [INFO] Activator:179 - !SESSION log4j initialized
2024-08-17 23:28:01,310 [ERROR] LogOutputStream:74 - [STDERR_REDIRECT] [Fatal Error] :1:1: Premature end of file.
2024-08-17 23:28:01,315 [ERROR] LogOutputStream:74 - [STDERR_REDIRECT] 
2024-08-17 23:28:01,407 [ERROR] LogOutputStream:74 - [STDERR_REDIRECT] [Fatal Error] :1:1: Premature end of file.
2024-08-17 23:28:01,407 [ERROR] LogOutputStream:74 - [STDERR_REDIRECT] 
2024-08-17 23:28:01,492 [ERROR] LogOutputStream:74 - [STDERR_REDIRECT] [Fatal Error] :1:1: Premature end of file.
2024-08-17 23:28:01,492 [ERROR] LogOutputStream:74 - [STDERR_REDIRECT] 
2024-08-18 01:43:09,961 [ERROR] LogOutputStream:74 - [STDERR_REDIRECT] [Fatal Error] :1:1: Premature end of file.
2024-08-18 01:43:09,961 [ERROR] LogOutputStream:74 - [STDERR_REDIRECT] 
2024-08-18 01:43:10,066 [ERROR] LogOutputStream:74 - [STDERR_REDIRECT] [Fatal Error] :1:1: Premature end of file.
2024-08-18 01:43:10,066 [ERROR] LogOutputStream:74 - [STDERR_REDIRECT] 
2024-08-18 01:43:10,178 [ERROR] LogOutputStream:74 - [STDERR_REDIRECT] [Fatal Error] :1:1: Premature end of file.
2024-08-18 01:43:10,178 [ERROR] LogOutputStream:74 - [STDERR_REDIRECT] 
2024-08-18 01:43:10,279 [ERROR] LogOutputStream:74 - [STDERR_REDIRECT] [Fatal Error] :1:1: Premature end of file.
2024-08-18 01:43:10,279 [ERROR] LogOutputStream:74 - [STDERR_REDIRECT] 
2024-08-18 01:43:10,381 [ERROR] LogOutputStream:74 - [STDERR_REDIRECT] [Fatal Error] :1:1: Premature end of file.
2024-08-18 01:43:10,381 [ERROR] LogOutputStream:74 - [STDERR_REDIRECT] 
2024-08-18 01:43:10,479 [ERROR] LogOutputStream:74 - [STDERR_REDIRECT] [Fatal Error] :1:1: Premature end of file.
2024-08-18 01:43:10,479 [ERROR] LogOutputStream:74 - [STDERR_REDIRECT] 
2024-08-18 01:43:10,580 [ERROR] LogOutputStream:74 - [STDERR_REDIRECT] [Fatal Error] :1:1: Premature end of file.
2024-08-18 01:43:10,580 [ERROR] LogOutputStream:74 - [STDERR_REDIRECT] 
2024-08-18 01:43:10,680 [ERROR] LogOutputStream:74 - [STDERR_REDIRECT] [Fatal Error] :1:1: Premature end of file.
2024-08-18 01:43:10,680 [ERROR] LogOutputStream:74 - [STDERR_REDIRECT] 
2024-08-18 01:43:10,782 [ERROR] LogOutputStream:74 - [STDERR_REDIRECT] [Fatal Error] :1:1: Premature end of file.
2024-08-18 01:43:10,782 [ERROR] LogOutputStream:74 - [STDERR_REDIRECT] 
2024-08-18 01:43:10,947 [ERROR] LogOutputStream:74 - [STDERR_REDIRECT] [Fatal Error] :1:1: Premature end of file.
2024-08-18 01:43:10,947 [ERROR] LogOutputStream:74 - [STDERR_REDIRECT] 
2024-08-18 01:43:11,047 [ERROR] LogOutputStream:74 - [STDERR_REDIRECT] [Fatal Error] :1:1: Premature end of file.
2024-08-18 01:43:11,047 [ERROR] LogOutputStream:74 - [STDERR_REDIRECT] 
2024-08-18 01:43:11,145 [ERROR] LogOutputStream:74 - [STDERR_REDIRECT] [Fatal Error] :1:1: Premature end of file.
2024-08-18 01:43:11,145 [ERROR] LogOutputStream:74 - [STDERR_REDIRECT] 
2024-08-18 01:45:56,464 [ERROR] LogOutputStream:74 - [STDERR_REDIRECT] [Fatal Error] :1:1: Premature end of file.
2024-08-18 01:45:56,464 [ERROR] LogOutputStream:74 - [STDERR_REDIRECT] 
2024-08-18 01:45:56,557 [ERROR] LogOutputStream:74 - [STDERR_REDIRECT] [Fatal Error] :1:1: Premature end of file.
2024-08-18 01:45:56,557 [ERROR] LogOutputStream:74 - [STDERR_REDIRECT] 
2024-08-18 01:45:56,651 [ERROR] LogOutputStream:74 - [STDERR_REDIRECT] [Fatal Error] :1:1: Premature end of file.
2024-08-18 01:45:56,651 [ERROR] LogOutputStream:74 - [STDERR_REDIRECT] 
2024-08-18 13:27:54,575 [INFO] Activator:178 - 


2024-08-18 13:27:54,585 [INFO] Activator:179 - !SESSION log4j initialized
2024-08-18 13:28:10,245 [ERROR] LogOutputStream:74 - [STDERR_REDIRECT] [Fatal Error] :1:1: Premature end of file.
2024-08-18 13:28:10,245 [ERROR] LogOutputStream:74 - [STDERR_REDIRECT] 
2024-08-18 13:28:10,344 [ERROR] LogOutputStream:74 - [STDERR_REDIRECT] [Fatal Error] :1:1: Premature end of file.
2024-08-18 13:28:10,344 [ERROR] LogOutputStream:74 - [STDERR_REDIRECT] 
2024-08-18 13:28:10,443 [ERROR] LogOutputStream:74 - [STDERR_REDIRECT] [Fatal Error] :1:1: Premature end of file.
2024-08-18 13:28:10,443 [ERROR] LogOutputStream:74 - [STDERR_REDIRECT] 
2024-08-18 13:34:42,020 [ERROR] LogOutputStream:74 - [STDERR_REDIRECT] [Fatal Error] :1:1: Premature end of file.
2024-08-18 13:34:42,023 [ERROR] LogOutputStream:74 - [STDERR_REDIRECT] 
2024-08-18 13:34:42,113 [ERROR] LogOutputStream:74 - [STDERR_REDIRECT] [Fatal Error] :1:1: Premature end of file.
2024-08-18 13:34:42,113 [ERROR] LogOutputStream:74 - [STDERR_REDIRECT] 
2024-08-18 13:34:42,200 [ERROR] LogOutputStream:74 - [STDERR_REDIRECT] [Fatal Error] :1:1: Premature end of file.
2024-08-18 13:34:42,200 [ERROR] LogOutputStream:74 - [STDERR_REDIRECT] 
2024-08-18 13:34:42,290 [ERROR] LogOutputStream:74 - [STDERR_REDIRECT] [Fatal Error] :1:1: Premature end of file.
2024-08-18 13:34:42,290 [ERROR] LogOutputStream:74 - [STDERR_REDIRECT] 
2024-08-18 13:34:42,380 [ERROR] LogOutputStream:74 - [STDERR_REDIRECT] [Fatal Error] :1:1: Premature end of file.
2024-08-18 13:34:42,380 [ERROR] LogOutputStream:74 - [STDERR_REDIRECT] 
2024-08-18 13:34:42,465 [ERROR] LogOutputStream:74 - [STDERR_REDIRECT] [Fatal Error] :1:1: Premature end of file.
2024-08-18 13:34:42,465 [ERROR] LogOutputStream:74 - [STDERR_REDIRECT] 
2024-08-18 13:34:42,551 [ERROR] LogOutputStream:74 - [STDERR_REDIRECT] [Fatal Error] :1:1: Premature end of file.
2024-08-18 13:34:42,556 [ERROR] LogOutputStream:74 - [STDERR_REDIRECT] 
2024-08-18 13:34:42,636 [ERROR] LogOutputStream:74 - [STDERR_REDIRECT] [Fatal Error] :1:1: Premature end of file.
2024-08-18 13:34:42,636 [ERROR] LogOutputStream:74 - [STDERR_REDIRECT] 
2024-08-18 13:34:42,723 [ERROR] LogOutputStream:74 - [STDERR_REDIRECT] [Fatal Error] :1:1: Premature end of file.
2024-08-18 13:34:42,723 [ERROR] LogOutputStream:74 - [STDERR_REDIRECT] 
2024-08-18 13:34:42,850 [ERROR] LogOutputStream:74 - [STDERR_REDIRECT] [Fatal Error] :1:1: Premature end of file.
2024-08-18 13:34:42,855 [ERROR] LogOutputStream:74 - [STDERR_REDIRECT] 
2024-08-18 13:34:42,937 [ERROR] LogOutputStream:74 - [STDERR_REDIRECT] [Fatal Error] :1:1: Premature end of file.
2024-08-18 13:34:42,937 [ERROR] LogOutputStream:74 - [STDERR_REDIRECT] 
2024-08-18 13:34:43,025 [ERROR] LogOutputStream:74 - [STDERR_REDIRECT] [Fatal Error] :1:1: Premature end of file.
2024-08-18 13:34:43,025 [ERROR] LogOutputStream:74 - [STDERR_REDIRECT] 
2024-08-18 14:14:10,209 [ERROR] LogOutputStream:74 - [STDERR_REDIRECT] [Fatal Error] :1:1: Premature end of file.
2024-08-18 14:14:10,214 [ERROR] LogOutputStream:74 - [STDERR_REDIRECT] 
2024-08-18 14:14:10,484 [ERROR] LogOutputStream:74 - [STDERR_REDIRECT] [Fatal Error] :1:1: Premature end of file.
2024-08-18 14:14:10,484 [ERROR] LogOutputStream:74 - [STDERR_REDIRECT] 
2024-08-18 14:14:10,579 [ERROR] LogOutputStream:74 - [STDERR_REDIRECT] [Fatal Error] :1:1: Premature end of file.
2024-08-18 14:14:10,579 [ERROR] LogOutputStream:74 - [STDERR_REDIRECT] 
2024-08-18 14:22:00,256 [ERROR] LogOutputStream:74 - [STDERR_REDIRECT] [Fatal Error] :1:1: Premature end of file.
2024-08-18 14:22:00,261 [ERROR] LogOutputStream:74 - [STDERR_REDIRECT] 
2024-08-18 14:22:00,356 [ERROR] LogOutputStream:74 - [STDERR_REDIRECT] [Fatal Error] :1:1: Premature end of file.
2024-08-18 14:22:00,356 [ERROR] LogOutputStream:74 - [STDERR_REDIRECT] 
2024-08-18 14:22:00,452 [ERROR] LogOutputStream:74 - [STDERR_REDIRECT] [Fatal Error] :1:1: Premature end of file.
2024-08-18 14:22:00,452 [ERROR] LogOutputStream:74 - [STDERR_REDIRECT] 
2024-08-18 18:28:38,342 [ERROR] LogOutputStream:74 - [STDERR_REDIRECT] [Fatal Error] :1:1: Premature end of file.
2024-08-18 18:28:38,342 [ERROR] LogOutputStream:74 - [STDERR_REDIRECT] 
2024-08-18 18:28:38,436 [ERROR] LogOutputStream:74 - [STDERR_REDIRECT] [Fatal Error] :1:1: Premature end of file.
2024-08-18 18:28:38,436 [ERROR] LogOutputStream:74 - [STDERR_REDIRECT] 
2024-08-18 18:28:38,526 [ERROR] LogOutputStream:74 - [STDERR_REDIRECT] [Fatal Error] :1:1: Premature end of file.
2024-08-18 18:28:38,531 [ERROR] LogOutputStream:74 - [STDERR_REDIRECT] 
2024-08-18 18:29:08,754 [ERROR] LogOutputStream:74 - [STDERR_REDIRECT] [Fatal Error] :1:1: Premature end of file.
2024-08-18 18:29:08,754 [ERROR] LogOutputStream:74 - [STDERR_REDIRECT] 
2024-08-18 18:29:08,849 [ERROR] LogOutputStream:74 - [STDERR_REDIRECT] [Fatal Error] :1:1: Premature end of file.
2024-08-18 18:29:08,854 [ERROR] LogOutputStream:74 - [STDERR_REDIRECT] 
2024-08-18 18:29:08,941 [ERROR] LogOutputStream:74 - [STDERR_REDIRECT] [Fatal Error] :1:1: Premature end of file.
2024-08-18 18:29:08,941 [ERROR] LogOutputStream:74 - [STDERR_REDIRECT] 
2024-08-18 18:29:45,854 [ERROR] LogOutputStream:74 - [STDERR_REDIRECT] [Fatal Error] :1:1: Premature end of file.
2024-08-18 18:29:45,856 [ERROR] LogOutputStream:74 - [STDERR_REDIRECT] 
2024-08-18 18:29:45,956 [ERROR] LogOutputStream:74 - [STDERR_REDIRECT] [Fatal Error] :1:1: Premature end of file.
2024-08-18 18:29:45,956 [ERROR] LogOutputStream:74 - [STDERR_REDIRECT] 
2024-08-18 18:29:46,051 [ERROR] LogOutputStream:74 - [STDERR_REDIRECT] [Fatal Error] :1:1: Premature end of file.
2024-08-18 18:29:46,051 [ERROR] LogOutputStream:74 - [STDERR_REDIRECT] 
2024-08-18 19:20:37,249 [ERROR] LogOutputStream:74 - [STDERR_REDIRECT] [Fatal Error] :1:1: Premature end of file.
2024-08-18 19:20:37,249 [ERROR] LogOutputStream:74 - [STDERR_REDIRECT] 
2024-08-18 19:20:37,339 [ERROR] LogOutputStream:74 - [STDERR_REDIRECT] [Fatal Error] :1:1: Premature end of file.
2024-08-18 19:20:37,339 [ERROR] LogOutputStream:74 - [STDERR_REDIRECT] 
2024-08-18 19:20:37,427 [ERROR] LogOutputStream:74 - [STDERR_REDIRECT] [Fatal Error] :1:1: Premature end of file.
2024-08-18 19:20:37,427 [ERROR] LogOutputStream:74 - [STDERR_REDIRECT] 
2024-08-18 19:21:22,364 [ERROR] LogOutputStream:74 - [STDERR_REDIRECT] [Fatal Error] :1:1: Premature end of file.
2024-08-18 19:21:22,367 [ERROR] LogOutputStream:74 - [STDERR_REDIRECT] 
2024-08-18 19:21:22,454 [ERROR] LogOutputStream:74 - [STDERR_REDIRECT] [Fatal Error] :1:1: Premature end of file.
2024-08-18 19:21:22,458 [ERROR] LogOutputStream:74 - [STDERR_REDIRECT] 
2024-08-18 19:21:22,626 [ERROR] LogOutputStream:74 - [STDERR_REDIRECT] [Fatal Error] :1:1: Premature end of file.
2024-08-18 19:21:22,629 [ERROR] LogOutputStream:74 - [STDERR_REDIRECT] 
2024-08-18 19:56:11,482 [ERROR] LogOutputStream:74 - [STDERR_REDIRECT] [Fatal Error] :1:1: Premature end of file.
2024-08-18 19:56:11,487 [ERROR] LogOutputStream:74 - [STDERR_REDIRECT] 
2024-08-18 19:56:11,582 [ERROR] LogOutputStream:74 - [STDERR_REDIRECT] [Fatal Error] :1:1: Premature end of file.
2024-08-18 19:56:11,587 [ERROR] LogOutputStream:74 - [STDERR_REDIRECT] 
2024-08-18 19:56:11,672 [ERROR] LogOutputStream:74 - [STDERR_REDIRECT] [Fatal Error] :1:1: Premature end of file.
2024-08-18 19:56:11,672 [ERROR] LogOutputStream:74 - [STDERR_REDIRECT] 
2024-08-18 21:12:23,536 [ERROR] LogOutputStream:74 - [STDERR_REDIRECT] [Fatal Error] :1:1: Premature end of file.
2024-08-18 21:12:23,536 [ERROR] LogOutputStream:74 - [STDERR_REDIRECT] 
2024-08-18 21:12:23,626 [ERROR] LogOutputStream:74 - [STDERR_REDIRECT] [Fatal Error] :1:1: Premature end of file.
2024-08-18 21:12:23,631 [ERROR] LogOutputStream:74 - [STDERR_REDIRECT] 
2024-08-18 21:12:23,726 [ERROR] LogOutputStream:74 - [STDERR_REDIRECT] [Fatal Error] :1:1: Premature end of file.
2024-08-18 21:12:23,726 [ERROR] LogOutputStream:74 - [STDERR_REDIRECT] 
2024-08-18 21:13:32,564 [ERROR] LogOutputStream:74 - [STDERR_REDIRECT] [Fatal Error] :1:1: Premature end of file.
2024-08-18 21:13:32,564 [ERROR] LogOutputStream:74 - [STDERR_REDIRECT] 
2024-08-18 21:13:32,659 [ERROR] LogOutputStream:74 - [STDERR_REDIRECT] [Fatal Error] :1:1: Premature end of file.
2024-08-18 21:13:32,659 [ERROR] LogOutputStream:74 - [STDERR_REDIRECT] 
2024-08-18 21:13:32,754 [ERROR] LogOutputStream:74 - [STDERR_REDIRECT] [Fatal Error] :1:1: Premature end of file.
2024-08-18 21:13:32,754 [ERROR] LogOutputStream:74 - [STDERR_REDIRECT] 
2024-08-18 21:16:03,890 [ERROR] LogOutputStream:74 - [STDERR_REDIRECT] [Fatal Error] :1:1: Premature end of file.
2024-08-18 21:16:03,890 [ERROR] LogOutputStream:74 - [STDERR_REDIRECT] 
2024-08-18 21:16:03,982 [ERROR] LogOutputStream:74 - [STDERR_REDIRECT] [Fatal Error] :1:1: Premature end of file.
2024-08-18 21:16:03,982 [ERROR] LogOutputStream:74 - [STDERR_REDIRECT] 
2024-08-18 21:16:04,077 [ERROR] LogOutputStream:74 - [STDERR_REDIRECT] [Fatal Error] :1:1: Premature end of file.
2024-08-18 21:16:04,077 [ERROR] LogOutputStream:74 - [STDERR_REDIRECT] 
