2024-08-23 17:44:38,789 [INFO] Activator:178 - 


2024-08-23 17:44:38,796 [INFO] Activator:179 - !SESSION log4j initialized
2024-08-23 17:44:44,804 [ERROR] LogOutputStream:74 - [STDERR_REDIRECT] [Fatal Error] :1:1: Premature end of file.
2024-08-23 17:44:44,807 [ERROR] LogOutputStream:74 - [STDERR_REDIRECT] 
2024-08-23 17:44:44,897 [ERROR] LogOutputStream:74 - [STDERR_REDIRECT] [Fatal Error] :1:1: Premature end of file.
2024-08-23 17:44:44,898 [ERROR] LogOutputStream:74 - [STDERR_REDIRECT] 
2024-08-23 17:44:44,986 [ERROR] LogOutputStream:74 - [STDERR_REDIRECT] [Fatal Error] :1:1: Premature end of file.
2024-08-23 17:44:44,987 [ERROR] LogOutputStream:74 - [STDERR_REDIRECT] 
2024-08-23 17:44:51,105 [INFO] ApplicationProperties:181 - Using Application install path: C:\ST\STM32CubeIDE_1.4.0\STM32CubeIDE\plugins\com.st.stm32cube.common.mx_6.0.0.202007160824
2024-08-23 17:44:51,141 [INFO] DbMcusXml:70 - Set database path to: C:\ST\STM32CubeIDE_1.4.0\STM32CubeIDE\plugins\com.st.stm32cube.common.mx_6.0.0.202007160824\\db\/mcu/
2024-08-23 17:44:51,150 [INFO] DbBoardsPdsc:56 - Set plugin database path to: C:\ST\STM32CubeIDE_1.4.0\STM32CubeIDE\plugins\com.st.stm32cube.common.mx_6.0.0.202007160824\\db\/plugins/boardmanager/
2024-08-23 17:44:51,151 [INFO] DbMcus:258 - Set plugin images path to: C:\ST\STM32CubeIDE_1.4.0\STM32CubeIDE\plugins\com.st.stm32cube.common.mx_6.0.0.202007160824\\db\/plugins/mcufinder/images/
2024-08-23 17:44:51,151 [INFO] DbBoards:264 - Set plugin images path to: C:\ST\STM32CubeIDE_1.4.0\STM32CubeIDE\plugins\com.st.stm32cube.common.mx_6.0.0.202007160824\\db\/plugins/mcufinder/images/
2024-08-23 17:44:51,159 [INFO] DbExamples:326 - Set plugin images path to: C:\ST\STM32CubeIDE_1.4.0\STM32CubeIDE\plugins\com.st.stm32cube.common.mx_6.0.0.202007160824\\db\/plugins/mcufinder/images/
2024-08-23 17:44:51,182 [INFO] DbMcusDocs:112 - Set database path to: C:\Users\HP\.stmcufinder\plugins\mcufinder//mcu/
2024-08-23 17:44:51,188 [INFO] DbMcusJson:63 - Set database path to: C:\Users\HP\.stmcufinder\plugins\mcufinder//mcu/
2024-08-23 17:44:51,190 [INFO] DbBoardsDocs:112 - Set database path to: C:\Users\HP\.stmcufinder\plugins\mcufinder//mcu/
2024-08-23 17:44:51,193 [INFO] DbBoardsJson:56 - Set database path to: C:\Users\HP\.stmcufinder\plugins\mcufinder//mcu/
2024-08-23 17:44:51,203 [INFO] CrossReferenceDbSqlite:196 - Set database path to: C:\Users\HP\.stmcufinder\plugins\mcufinder//mcu/cs/
2024-08-23 17:44:51,213 [INFO] DbExamplesSqlite:800 - Set database path to: C:\Users\HP\.stmcufinder\plugins\mcufinder//mcu/
2024-08-23 17:44:51,589 [INFO] RulesReader:52 - Compatibility file has been processed (209 Rules)
2024-08-23 17:44:51,826 [INFO] MicroXplorer:564 - Detected Java Version = 1.8.0_252
2024-08-23 17:44:51,827 [INFO] DbMcusXml:70 - Set database path to: C:\ST\STM32CubeIDE_1.4.0\STM32CubeIDE\plugins\com.st.stm32cube.common.mx_6.0.0.202007160824\\db\/mcu/
2024-08-23 17:44:51,828 [INFO] DbBoardsPdsc:56 - Set plugin database path to: C:\ST\STM32CubeIDE_1.4.0\STM32CubeIDE\plugins\com.st.stm32cube.common.mx_6.0.0.202007160824\\db\/plugins/boardmanager/
2024-08-23 17:44:51,830 [INFO] DbMcus:258 - Set plugin images path to: C:\ST\STM32CubeIDE_1.4.0\STM32CubeIDE\plugins\com.st.stm32cube.common.mx_6.0.0.202007160824\\db\/plugins/mcufinder/images/
2024-08-23 17:44:51,830 [INFO] DbBoards:264 - Set plugin images path to: C:\ST\STM32CubeIDE_1.4.0\STM32CubeIDE\plugins\com.st.stm32cube.common.mx_6.0.0.202007160824\\db\/plugins/mcufinder/images/
2024-08-23 17:44:51,831 [INFO] DbExamples:326 - Set plugin images path to: C:\ST\STM32CubeIDE_1.4.0\STM32CubeIDE\plugins\com.st.stm32cube.common.mx_6.0.0.202007160824\\db\/plugins/mcufinder/images/
2024-08-23 17:44:51,832 [WARN] DbFile:36 - Overriding database path with different value: C:\Users\HP\.stmcufinder\plugins\mcufinder/ => C:\Users\HP\.stmcufinder\plugins\mcufinder
2024-08-23 17:44:51,832 [INFO] DbMcusDocs:112 - Set database path to: C:\Users\HP\.stmcufinder\plugins\mcufinder//mcu/
2024-08-23 17:44:51,833 [WARN] DbFile:36 - Overriding database path with different value: C:\Users\HP\.stmcufinder\plugins\mcufinder/ => C:\Users\HP\.stmcufinder\plugins\mcufinder
2024-08-23 17:44:51,834 [INFO] DbMcusJson:63 - Set database path to: C:\Users\HP\.stmcufinder\plugins\mcufinder//mcu/
2024-08-23 17:44:51,835 [WARN] DbFile:36 - Overriding database path with different value: C:\Users\HP\.stmcufinder\plugins\mcufinder/ => C:\Users\HP\.stmcufinder\plugins\mcufinder
2024-08-23 17:44:51,835 [INFO] DbBoardsDocs:112 - Set database path to: C:\Users\HP\.stmcufinder\plugins\mcufinder//mcu/
2024-08-23 17:44:51,835 [WARN] DbFile:36 - Overriding database path with different value: C:\Users\HP\.stmcufinder\plugins\mcufinder/ => C:\Users\HP\.stmcufinder\plugins\mcufinder
2024-08-23 17:44:51,836 [INFO] DbBoardsJson:56 - Set database path to: C:\Users\HP\.stmcufinder\plugins\mcufinder//mcu/
2024-08-23 17:44:51,837 [WARN] DbFile:36 - Overriding database path with different value: C:\Users\HP\.stmcufinder\plugins\mcufinder/ => C:\Users\HP\.stmcufinder\plugins\mcufinder
2024-08-23 17:44:51,837 [WARN] DbFile:36 - Overriding database path with different value: C:\Users\HP\.stmcufinder\plugins\mcufinder/ => C:\Users\HP\.stmcufinder\plugins\mcufinder
2024-08-23 17:44:51,838 [INFO] CrossReferenceDbSqlite:196 - Set database path to: C:\Users\HP\.stmcufinder\plugins\mcufinder//mcu/cs/
2024-08-23 17:44:51,838 [WARN] DbFile:36 - Overriding database path with different value: C:\Users\HP\.stmcufinder\plugins\mcufinder/ => C:\Users\HP\.stmcufinder\plugins\mcufinder
2024-08-23 17:44:51,839 [INFO] DbExamplesSqlite:800 - Set database path to: C:\Users\HP\.stmcufinder\plugins\mcufinder//mcu/
2024-08-23 17:44:52,001 [INFO] MainPanel:189 - HeapMemory: 268435456
2024-08-23 17:44:52,191 [INFO] DbMcusXml:70 - Set database path to: C:\ST\STM32CubeIDE_1.4.0\STM32CubeIDE\plugins\com.st.stm32cube.common.mx_6.0.0.202007160824\\db\/mcu/
2024-08-23 17:44:52,191 [INFO] DbBoardsPdsc:56 - Set plugin database path to: C:\ST\STM32CubeIDE_1.4.0\STM32CubeIDE\plugins\com.st.stm32cube.common.mx_6.0.0.202007160824\\db\/plugins/boardmanager/
2024-08-23 17:44:52,192 [INFO] DbMcus:258 - Set plugin images path to: C:\ST\STM32CubeIDE_1.4.0\STM32CubeIDE\plugins\com.st.stm32cube.common.mx_6.0.0.202007160824\\db\/plugins/mcufinder/images/
2024-08-23 17:44:52,192 [INFO] DbBoards:264 - Set plugin images path to: C:\ST\STM32CubeIDE_1.4.0\STM32CubeIDE\plugins\com.st.stm32cube.common.mx_6.0.0.202007160824\\db\/plugins/mcufinder/images/
2024-08-23 17:44:52,193 [INFO] DbExamples:326 - Set plugin images path to: C:\ST\STM32CubeIDE_1.4.0\STM32CubeIDE\plugins\com.st.stm32cube.common.mx_6.0.0.202007160824\\db\/plugins/mcufinder/images/
2024-08-23 17:44:52,194 [WARN] DbFile:36 - Overriding database path with different value: C:\Users\HP\.stmcufinder\plugins\mcufinder/ => C:\Users\HP\.stmcufinder\plugins\mcufinder
2024-08-23 17:44:52,195 [INFO] DbMcusDocs:112 - Set database path to: C:\Users\HP\.stmcufinder\plugins\mcufinder//mcu/
2024-08-23 17:44:52,195 [WARN] DbFile:36 - Overriding database path with different value: C:\Users\HP\.stmcufinder\plugins\mcufinder/ => C:\Users\HP\.stmcufinder\plugins\mcufinder
2024-08-23 17:44:52,196 [INFO] DbMcusJson:63 - Set database path to: C:\Users\HP\.stmcufinder\plugins\mcufinder//mcu/
2024-08-23 17:44:52,196 [WARN] DbFile:36 - Overriding database path with different value: C:\Users\HP\.stmcufinder\plugins\mcufinder/ => C:\Users\HP\.stmcufinder\plugins\mcufinder
2024-08-23 17:44:52,197 [INFO] DbBoardsDocs:112 - Set database path to: C:\Users\HP\.stmcufinder\plugins\mcufinder//mcu/
2024-08-23 17:44:52,197 [WARN] DbFile:36 - Overriding database path with different value: C:\Users\HP\.stmcufinder\plugins\mcufinder/ => C:\Users\HP\.stmcufinder\plugins\mcufinder
2024-08-23 17:44:52,197 [INFO] DbBoardsJson:56 - Set database path to: C:\Users\HP\.stmcufinder\plugins\mcufinder//mcu/
2024-08-23 17:44:52,198 [WARN] DbFile:36 - Overriding database path with different value: C:\Users\HP\.stmcufinder\plugins\mcufinder/ => C:\Users\HP\.stmcufinder\plugins\mcufinder
2024-08-23 17:44:52,198 [WARN] DbFile:36 - Overriding database path with different value: C:\Users\HP\.stmcufinder\plugins\mcufinder/ => C:\Users\HP\.stmcufinder\plugins\mcufinder
2024-08-23 17:44:52,199 [INFO] CrossReferenceDbSqlite:196 - Set database path to: C:\Users\HP\.stmcufinder\plugins\mcufinder//mcu/cs/
2024-08-23 17:44:52,199 [WARN] DbFile:36 - Overriding database path with different value: C:\Users\HP\.stmcufinder\plugins\mcufinder/ => C:\Users\HP\.stmcufinder\plugins\mcufinder
2024-08-23 17:44:52,199 [INFO] DbExamplesSqlite:800 - Set database path to: C:\Users\HP\.stmcufinder\plugins\mcufinder//mcu/
2024-08-23 17:44:52,257 [INFO] ApplicationProperties:181 - Using Application install path: C:\ST\STM32CubeIDE_1.4.0\STM32CubeIDE\plugins\com.st.stm32cube.common.mx_6.0.0.202007160824
2024-08-23 17:44:52,261 [INFO] PluginManage:178 - Search for loadable plugins [exclusion list=, ]
2024-08-23 17:44:52,266 [INFO] PluginManage:292 - Check plugin analytics
2024-08-23 17:44:52,767 [INFO] AnalyticsPlugin:203 - Accepted Software Licenses: 
2024-08-23 17:44:52,768 [INFO] AnalyticsPlugin:205 - Accepted CMSIS Pack Licenses: 
2024-08-23 17:44:52,768 [INFO] AnalyticsPlugin:207 - Accepted Firmware Licenses: 
2024-08-23 17:44:52,769 [INFO] PluginManage:342 - Loaded plugin analytics (category:tool,tabindex:-1)
2024-08-23 17:44:52,770 [INFO] PluginManage:292 - Check plugin clock
2024-08-23 17:44:52,864 [INFO] PluginManage:342 - Loaded plugin clock (category:base,tabindex:2)
2024-08-23 17:44:52,864 [INFO] PluginManage:292 - Check plugin ddr
2024-08-23 17:44:52,871 [INFO] PluginManage:342 - Loaded plugin ddr (category:tool,tabindex:6)
2024-08-23 17:44:52,872 [INFO] PluginManage:292 - Check plugin filemanager
2024-08-23 17:44:52,984 [ERROR] LogOutputStream:74 - [STDERR_REDIRECT] [Fatal Error] :1:1: Premature end of file.
2024-08-23 17:44:52,986 [ERROR] LogOutputStream:74 - [STDERR_REDIRECT] 
2024-08-23 17:44:53,077 [ERROR] LogOutputStream:74 - [STDERR_REDIRECT] [Fatal Error] :1:1: Premature end of file.
2024-08-23 17:44:53,078 [ERROR] LogOutputStream:74 - [STDERR_REDIRECT] 
2024-08-23 17:44:53,123 [INFO] PluginManage:342 - Loaded plugin filemanager (category:base,tabindex:10)
2024-08-23 17:44:53,123 [INFO] PluginManage:292 - Check plugin ipmanager
2024-08-23 17:44:53,140 [INFO] PluginManage:342 - Loaded plugin ipmanager (category:base,tabindex:5)
2024-08-23 17:44:53,141 [INFO] PluginManage:292 - Check plugin pinoutandconfiguration
2024-08-23 17:44:53,169 [ERROR] LogOutputStream:74 - [STDERR_REDIRECT] [Fatal Error] :1:1: Premature end of file.
2024-08-23 17:44:53,169 [ERROR] LogOutputStream:74 - [STDERR_REDIRECT] 
2024-08-23 17:44:53,177 [INFO] PluginManage:342 - Loaded plugin pinoutandconfiguration (category:base,tabindex:1)
2024-08-23 17:44:53,178 [INFO] PluginManage:292 - Check plugin pinoutconfig
2024-08-23 17:44:53,246 [INFO] PluginManage:342 - Loaded plugin pinoutconfig (category:base,tabindex:0)
2024-08-23 17:44:53,246 [INFO] PluginManage:292 - Check plugin power
2024-08-23 17:44:53,296 [INFO] PluginManage:342 - Loaded plugin power (category:power,tabindex:4)
2024-08-23 17:44:53,296 [INFO] PluginManage:292 - Check plugin projectmanager
2024-08-23 17:44:53,338 [INFO] PluginManage:342 - Loaded plugin projectmanager (category:projectmanager,tabindex:3)
2024-08-23 17:44:53,339 [INFO] PluginManage:292 - Check plugin thirdparty
2024-08-23 17:44:53,695 [INFO] ThirdPartyDb:333 - Open Third Party DataBase File (C:/Users/HP/.stm32cubemx/plugins/thirdparty/db/thirdparties_db.xml) : 130 ms. number of Sw pack : 55
2024-08-23 17:44:53,704 [INFO] PluginManage:342 - Loaded plugin thirdparty (category:base,tabindex:-1)
2024-08-23 17:44:53,705 [INFO] PluginManage:292 - Check plugin tools
2024-08-23 17:44:53,861 [INFO] PluginManage:342 - Loaded plugin tools (category:base,tabindex:7)
2024-08-23 17:44:53,862 [INFO] PluginManage:292 - Check plugin tutovideos
2024-08-23 17:44:54,714 [INFO] PluginManage:342 - Loaded plugin tutovideos (category:base,tabindex:-1)
2024-08-23 17:44:54,715 [INFO] PluginManage:292 - Check plugin updater
2024-08-23 17:44:54,789 [INFO] PluginManage:342 - Loaded plugin updater (category:base,tabindex:12)
2024-08-23 17:44:54,791 [INFO] PluginManage:265 - PluginManage : Loaded plugins [13]
2024-08-23 17:44:55,207 [INFO] PinOutPanel:1418 - setPackage(No Configuration,No Configuration)
2024-08-23 17:44:55,469 [INFO] IPUIPlugin:64 - create IPUIPlugin
2024-08-23 17:44:55,470 [INFO] PluginManager:200 - loadIPPluginJar : add adc
2024-08-23 17:44:55,569 [INFO] IPUIPlugin:64 - create IPUIPlugin
2024-08-23 17:44:55,570 [INFO] PluginManager:200 - loadIPPluginJar : add aes
2024-08-23 17:44:55,675 [INFO] IPUIPlugin:64 - create IPUIPlugin
2024-08-23 17:44:55,675 [INFO] PluginManager:200 - loadIPPluginJar : add can
2024-08-23 17:44:55,738 [INFO] IPUIPlugin:64 - create IPUIPlugin
2024-08-23 17:44:55,739 [INFO] PluginManager:200 - loadIPPluginJar : add comp
2024-08-23 17:44:55,817 [INFO] IPUIPlugin:64 - create IPUIPlugin
2024-08-23 17:44:55,818 [INFO] PluginManager:200 - loadIPPluginJar : add cryp
2024-08-23 17:44:55,899 [INFO] IPUIPlugin:64 - create IPUIPlugin
2024-08-23 17:44:55,899 [INFO] PluginManager:200 - loadIPPluginJar : add dfsdm
2024-08-23 17:44:55,926 [INFO] IPUIPlugin:64 - create IPUIPlugin
2024-08-23 17:44:55,927 [INFO] PluginManager:200 - loadIPPluginJar : add dma
2024-08-23 17:44:56,015 [INFO] IPUIPlugin:64 - create IPUIPlugin
2024-08-23 17:44:56,016 [INFO] PluginManager:200 - loadIPPluginJar : add fatfs
2024-08-23 17:44:56,278 [INFO] IPUIPlugin:64 - create IPUIPlugin
2024-08-23 17:44:56,279 [INFO] PluginManager:200 - loadIPPluginJar : add fmc
2024-08-23 17:44:56,324 [INFO] IPUIPlugin:64 - create IPUIPlugin
2024-08-23 17:44:56,325 [INFO] PluginManager:200 - loadIPPluginJar : add freertos
2024-08-23 17:44:56,410 [INFO] IPUIPlugin:64 - create IPUIPlugin
2024-08-23 17:44:56,411 [INFO] PluginManager:200 - loadIPPluginJar : add genericplugin
2024-08-23 17:44:56,642 [INFO] IPUIPlugin:64 - create IPUIPlugin
2024-08-23 17:44:56,643 [INFO] PluginManager:200 - loadIPPluginJar : add gfxmmu
2024-08-23 17:44:56,930 [INFO] IPUIPlugin:64 - create IPUIPlugin
2024-08-23 17:44:56,931 [INFO] PluginManager:200 - loadIPPluginJar : add gic
2024-08-23 17:44:56,954 [INFO] IPUIPlugin:64 - create IPUIPlugin
2024-08-23 17:44:56,954 [INFO] PluginManager:200 - loadIPPluginJar : add gpio
2024-08-23 17:44:57,109 [INFO] IPUIPlugin:64 - create IPUIPlugin
2024-08-23 17:44:57,110 [INFO] PluginManager:200 - loadIPPluginJar : add gtzc
2024-08-23 17:44:57,218 [INFO] IPUIPlugin:64 - create IPUIPlugin
2024-08-23 17:44:57,219 [INFO] PluginManager:200 - loadIPPluginJar : add hash
2024-08-23 17:44:57,397 [INFO] IPUIPlugin:64 - create IPUIPlugin
2024-08-23 17:44:57,398 [INFO] PluginManager:200 - loadIPPluginJar : add i2c
2024-08-23 17:44:57,536 [INFO] IPUIPlugin:64 - create IPUIPlugin
2024-08-23 17:44:57,537 [INFO] PluginManager:200 - loadIPPluginJar : add i2s
2024-08-23 17:44:57,557 [INFO] IPUIPlugin:64 - create IPUIPlugin
2024-08-23 17:44:57,558 [INFO] PluginManager:200 - loadIPPluginJar : add ipddr
2024-08-23 17:44:57,652 [INFO] IPUIPlugin:64 - create IPUIPlugin
2024-08-23 17:44:57,652 [INFO] PluginManager:200 - loadIPPluginJar : add ltdc
2024-08-23 17:44:57,674 [INFO] IPUIPlugin:64 - create IPUIPlugin
2024-08-23 17:44:57,675 [INFO] PluginManager:200 - loadIPPluginJar : add mdma
2024-08-23 17:44:57,701 [INFO] IPUIPlugin:64 - create IPUIPlugin
2024-08-23 17:44:57,702 [INFO] PluginManager:200 - loadIPPluginJar : add nvic
2024-08-23 17:44:57,794 [INFO] IPUIPlugin:64 - create IPUIPlugin
2024-08-23 17:44:57,794 [INFO] PluginManager:200 - loadIPPluginJar : add opamp
2024-08-23 17:44:57,948 [INFO] IPUIPlugin:64 - create IPUIPlugin
2024-08-23 17:44:57,949 [INFO] PluginManager:200 - loadIPPluginJar : add openamp
2024-08-23 17:44:58,080 [INFO] IPUIPlugin:64 - create IPUIPlugin
2024-08-23 17:44:58,081 [INFO] PluginManager:200 - loadIPPluginJar : add pdm2pcm
2024-08-23 17:44:58,117 [INFO] IPUIPlugin:64 - create IPUIPlugin
2024-08-23 17:44:58,128 [INFO] PluginManager:200 - loadIPPluginJar : add plateformsettings
2024-08-23 17:44:58,198 [INFO] IPUIPlugin:64 - create IPUIPlugin
2024-08-23 17:44:58,198 [INFO] PluginManager:200 - loadIPPluginJar : add quadspi
2024-08-23 17:44:58,220 [INFO] IPUIPlugin:64 - create IPUIPlugin
2024-08-23 17:44:58,221 [INFO] PluginManager:200 - loadIPPluginJar : add resmgrutility
2024-08-23 17:44:58,343 [INFO] IPUIPlugin:64 - create IPUIPlugin
2024-08-23 17:44:58,345 [INFO] PluginManager:200 - loadIPPluginJar : add sai
2024-08-23 17:44:58,438 [INFO] IPUIPlugin:64 - create IPUIPlugin
2024-08-23 17:44:58,438 [INFO] PluginManager:200 - loadIPPluginJar : add spi
2024-08-23 17:44:58,570 [INFO] IPUIPlugin:64 - create IPUIPlugin
2024-08-23 17:44:58,570 [INFO] PluginManager:200 - loadIPPluginJar : add stm32_wpan
2024-08-23 17:44:58,635 [INFO] IPUIPlugin:64 - create IPUIPlugin
2024-08-23 17:44:58,636 [INFO] PluginManager:200 - loadIPPluginJar : add tim
2024-08-23 17:44:58,796 [INFO] IPUIPlugin:64 - create IPUIPlugin
2024-08-23 17:44:58,797 [INFO] PluginManager:200 - loadIPPluginJar : add touchsensing
2024-08-23 17:44:58,880 [INFO] IPUIPlugin:64 - create IPUIPlugin
2024-08-23 17:44:58,880 [INFO] PluginManager:200 - loadIPPluginJar : add tracer_emb
2024-08-23 17:44:58,947 [INFO] IPUIPlugin:64 - create IPUIPlugin
2024-08-23 17:44:58,947 [INFO] PluginManager:200 - loadIPPluginJar : add ts
2024-08-23 17:44:59,014 [INFO] IPUIPlugin:64 - create IPUIPlugin
2024-08-23 17:44:59,015 [INFO] PluginManager:200 - loadIPPluginJar : add tsc
2024-08-23 17:44:59,079 [INFO] IPUIPlugin:64 - create IPUIPlugin
2024-08-23 17:44:59,079 [INFO] PluginManager:200 - loadIPPluginJar : add ucpd
2024-08-23 17:44:59,187 [INFO] IPUIPlugin:64 - create IPUIPlugin
2024-08-23 17:44:59,187 [INFO] PluginManager:200 - loadIPPluginJar : add usart
2024-08-23 17:45:00,723 [INFO] CubeProgrammer:457 - [DDR PANEL] - PathOfProgrammer: null
2024-08-23 17:45:02,296 [FATAL] Updater:282 - Updater called before beeing initialized
2024-08-23 17:45:02,607 [FATAL] Updater:282 - Updater called before beeing initialized
2024-08-23 17:45:02,607 [WARN] ThirdParty:775 - waiting for thirdparty lock release [close project]
2024-08-23 17:45:02,607 [INFO] ThirdParty:777 - entering critical section [close project]
2024-08-23 17:45:02,609 [INFO] ThirdParty:790 - exiting critical section [close project]
2024-08-23 17:45:02,615 [INFO] PinOutPanel:1418 - setPackage(No Configuration,No Configuration)
2024-08-23 17:45:02,616 [FATAL] Updater:282 - Updater called before beeing initialized
2024-08-23 17:45:02,639 [ERROR] Updater:967 - MainUpdater not yet initialized. External WinMGr cannot be set.
2024-08-23 17:45:02,642 [INFO] CubeProgrammer:457 - [DDR PANEL] - PathOfProgrammer: C:\ST\STM32CubeIDE_1.4.0\STM32CubeIDE\plugins\com.st.stm32cube.ide.mcu.externaltools.cubeprogrammer.win32_1.4.0.202007081208\tools\bin
2024-08-23 17:45:02,650 [INFO] ProgrammerExecThread:148 - [ProgrammerAPI] CubeProgrammer command construction: C:\ST\STM32CubeIDE_1.4.0\STM32CubeIDE\plugins\com.st.stm32cube.ide.mcu.externaltools.cubeprogrammer.win32_1.4.0.202007081208\tools\bin\STM32_Programmer_CLI.exe -l
2024-08-23 17:45:03,403 [INFO] MainDdrPanel:49 - [DDR PANEL] SETTER - Set cubeProgrammerPath to: C:\ST\STM32CubeIDE_1.4.0\STM32CubeIDE\plugins\com.st.stm32cube.ide.mcu.externaltools.cubeprogrammer.win32_1.4.0.202007081208\tools\bin
2024-08-23 17:45:03,629 [INFO] Updater:904 - Updater Version found : 6.0.0
2024-08-23 17:45:03,662 [INFO] ApplicationProperties:181 - Using Application install path: C:\ST\STM32CubeIDE_1.4.0\STM32CubeIDE\plugins\com.st.stm32cube.common.mx_6.0.0.202007160824
2024-08-23 17:45:04,875 [INFO] MainUpdater:2268 - connection check result : 10
2024-08-23 17:45:04,877 [INFO] MainUpdater:2935 - Updater definition file requires update
2024-08-23 17:45:04,879 [INFO] MainUpdater:239 - Updater Check For Update Now.
2024-08-23 17:45:04,879 [INFO] MicroXplorer:414 - Change Database Version : DB.6.0.0
2024-08-23 17:45:05,687 [INFO] ServerAccessManage:348 - Download File updaters.zip
2024-08-23 17:45:05,746 [WARN] IntegrityCheckThread:61 - waiting for thirdparty lock release [integrity check]
2024-08-23 17:45:05,746 [INFO] IntegrityCheckThread:63 - entering critical section [integrity check]
2024-08-23 17:45:05,748 [WARN] MainUpdater:1087 - Updater busy. Cannot search thirdparties
2024-08-23 17:45:06,593 [INFO] FileExtend:225 - Unzip File : updaters.zip
2024-08-23 17:45:06,593 [INFO] FileExtend:240 - Standard Zip Deflate
2024-08-23 17:45:08,128 [INFO] ServerAccessManage:348 - Download File PacksControlFlags.xml
2024-08-23 17:45:08,751 [WARN] MainUpdater:1087 - Updater busy. Cannot search thirdparties
2024-08-23 17:45:08,760 [INFO] ServerAccessManage:348 - Download File cubemx.pidx
2024-08-23 17:45:11,664 [INFO] ServerAccessManage:348 - Download File STMicroelectronics.X-CUBE-MEMS1.pdsc
2024-08-23 17:45:11,756 [WARN] MainUpdater:1087 - Updater busy. Cannot search thirdparties
2024-08-23 17:45:14,772 [WARN] MainUpdater:1087 - Updater busy. Cannot search thirdparties
2024-08-23 17:45:15,869 [INFO] MainUpdater:2268 - connection check result : 10
2024-08-23 17:45:17,781 [WARN] MainUpdater:1087 - Updater busy. Cannot search thirdparties
2024-08-23 17:45:20,792 [WARN] MainUpdater:1087 - Updater busy. Cannot search thirdparties
2024-08-23 17:45:23,793 [WARN] MainUpdater:1087 - Updater busy. Cannot search thirdparties
2024-08-23 17:45:26,808 [WARN] MainUpdater:1087 - Updater busy. Cannot search thirdparties
2024-08-23 17:45:27,869 [INFO] CheckServerUpdateThread:102 - End of CheckServer Thread
2024-08-23 17:45:28,169 [INFO] McuFinderGlobals:40 - Set McuFinder mode to 2 (CubeIDE integrated)
2024-08-23 17:45:28,624 [INFO] ThirdPartyDb:299 - Save Third Party DataBase File (C:/Users/HP/.stm32cubemx/plugins/thirdparty/db/thirdparties_db.xml) [forced]
2024-08-23 17:45:28,779 [INFO] CrossSelectorPresenter:1330 - Cross Selector saved comparison directory: C:\Users\HP\.stmcufinder\plugins\mcufinder\mcu\cs_comparisons_mx
2024-08-23 17:45:28,791 [INFO] MultiScanPanel:193 - Auto-refresh data requested => check proxy status ongoing
2024-08-23 17:45:28,796 [INFO] FinderPluginLoader:87 - Searching for filters in installed packs
2024-08-23 17:45:28,798 [INFO] DbMcusXml:100 - Load MCU database from C:\ST\STM32CubeIDE_1.4.0\STM32CubeIDE\plugins\com.st.stm32cube.common.mx_6.0.0.202007160824\\db\/mcu/families.xml
2024-08-23 17:45:28,805 [INFO] PopulateThirdPartyThread:50 - Ending populate Thread
2024-08-23 17:45:28,805 [INFO] ThirdPartyDb:299 - Save Third Party DataBase File (C:/Users/HP/.stm32cubemx/plugins/thirdparty/db/thirdparties_db.xml) [forced]
2024-08-23 17:45:28,915 [INFO] Engine:289 - softwarePackList size : 56
2024-08-23 17:45:28,940 [INFO] Engine:301 - compute dependency for SwPack FP-ATR-ASTRA1 have been done, and update is requested
2024-08-23 17:45:29,005 [INFO] Engine:301 - compute dependency for SwPack FP-ATR-SIGFOX1 have been done, and update is requested
2024-08-23 17:45:29,070 [INFO] Engine:301 - compute dependency for SwPack X-CUBE-AI have been done, and update is requested
2024-08-23 17:45:29,120 [INFO] Engine:301 - compute dependency for SwPack X-CUBE-ALS have been done, and update is requested
2024-08-23 17:45:29,155 [INFO] Engine:301 - compute dependency for SwPack X-CUBE-BLE1 have been done, and update is requested
2024-08-23 17:45:29,226 [INFO] Engine:301 - compute dependency for SwPack X-CUBE-BLE2 have been done, and update is requested
2024-08-23 17:45:29,301 [INFO] Engine:301 - compute dependency for SwPack X-CUBE-EEPRMA1 have been done, and update is requested
2024-08-23 17:45:29,396 [INFO] Engine:301 - compute dependency for SwPack X-CUBE-GNSS1 have been done, and update is requested
2024-08-23 17:45:29,436 [INFO] Engine:301 - compute dependency for SwPack X-CUBE-ISPU have been done, and update is requested
2024-08-23 17:45:31,901 [INFO] ThirdPartyDb:299 - Save Third Party DataBase File (C:/Users/HP/.stm32cubemx/plugins/thirdparty/db/thirdparties_db.xml) [forced]
2024-08-23 17:45:33,119 [INFO] DbMcusJson:92 - JSON generation date=Tue Nov 16 18:17:54 EET 2021 (1637079474)
2024-08-23 17:45:33,224 [INFO] Engine:301 - compute dependency for SwPack X-CUBE-MEMS1 have been done, and update is requested
2024-08-23 17:45:33,284 [INFO] Engine:301 - compute dependency for SwPack X-CUBE-NFC4 have been done, and update is requested
2024-08-23 17:45:33,389 [INFO] Engine:301 - compute dependency for SwPack X-CUBE-NFC6 have been done, and update is requested
2024-08-23 17:45:33,429 [INFO] Engine:301 - compute dependency for SwPack X-CUBE-NFC7 have been done, and update is requested
2024-08-23 17:45:33,470 [INFO] Engine:301 - compute dependency for SwPack X-CUBE-SFXS2LP1 have been done, and update is requested
2024-08-23 17:45:33,660 [INFO] Engine:301 - compute dependency for SwPack X-CUBE-SUBG2 have been done, and update is requested
2024-08-23 17:45:33,680 [INFO] Engine:305 - compute dependency for SwPack X-CUBE-TOUCHGFX have been done, no update is requested
2024-08-23 17:45:33,730 [INFO] Engine:301 - compute dependency for SwPack X-CUBE-ALGOBUILD have been done, and update is requested
2024-08-23 17:45:33,785 [INFO] Engine:301 - compute dependency for SwPack X-CUBE-AZRTOS-H7 have been done, and update is requested
2024-08-23 17:45:33,825 [INFO] Engine:301 - compute dependency for SwPack X-CUBE-AZRTOS-F4 have been done, and update is requested
2024-08-23 17:45:33,946 [INFO] Engine:301 - compute dependency for SwPack X-CUBE-AZRTOS-F7 have been done, and update is requested
2024-08-23 17:45:33,991 [INFO] Engine:301 - compute dependency for SwPack X-CUBE-AZRTOS-L4 have been done, and update is requested
2024-08-23 17:45:34,016 [ERROR] DependencyParser:1297 - StateRcvOpen_Cte Bad Token : )
2024-08-23 17:45:34,016 [ERROR] DependencyParser:1297 - StateRcvOpen_Cte Bad Token : )
2024-08-23 17:45:34,016 [ERROR] DependencyParser:1297 - StateRcvOpen_Cte Bad Token : )
2024-08-23 17:45:34,016 [ERROR] DependencyParser:1297 - StateRcvOpen_Cte Bad Token : )
2024-08-23 17:45:34,016 [ERROR] DependencyParser:1297 - StateRcvOpen_Cte Bad Token : )
2024-08-23 17:45:34,016 [ERROR] DependencyParser:1297 - StateRcvOpen_Cte Bad Token : )
2024-08-23 17:45:34,016 [ERROR] DependencyParser:1297 - StateRcvOpen_Cte Bad Token : )
2024-08-23 17:45:34,016 [ERROR] DependencyParser:1297 - StateRcvOpen_Cte Bad Token : )
2024-08-23 17:45:34,016 [ERROR] DependencyParser:1297 - StateRcvOpen_Cte Bad Token : )
2024-08-23 17:45:34,016 [ERROR] DependencyParser:1297 - StateRcvOpen_Cte Bad Token : )
2024-08-23 17:45:34,016 [ERROR] DependencyParser:1297 - StateRcvOpen_Cte Bad Token : )
2024-08-23 17:45:34,016 [ERROR] DependencyParser:1297 - StateRcvOpen_Cte Bad Token : )
2024-08-23 17:45:34,016 [ERROR] DependencyParser:1297 - StateRcvOpen_Cte Bad Token : )
2024-08-23 17:45:34,016 [ERROR] DependencyParser:1297 - StateRcvOpen_Cte Bad Token : )
2024-08-23 17:45:34,031 [ERROR] DependencyParser:1297 - StateRcvOpen_Cte Bad Token : )
2024-08-23 17:45:34,031 [ERROR] DependencyParser:1297 - StateRcvOpen_Cte Bad Token : )
2024-08-23 17:45:34,031 [ERROR] DependencyParser:1297 - StateRcvOpen_Cte Bad Token : )
2024-08-23 17:45:34,031 [ERROR] DependencyParser:1297 - StateRcvOpen_Cte Bad Token : )
2024-08-23 17:45:34,031 [ERROR] DependencyParser:1297 - StateRcvOpen_Cte Bad Token : )
2024-08-23 17:45:34,031 [ERROR] DependencyParser:1297 - StateRcvOpen_Cte Bad Token : )
2024-08-23 17:45:34,031 [ERROR] DependencyParser:1297 - StateRcvOpen_Cte Bad Token : )
2024-08-23 17:45:34,031 [ERROR] DependencyParser:1297 - StateRcvOpen_Cte Bad Token : )
2024-08-23 17:45:34,031 [ERROR] DependencyParser:1297 - StateRcvOpen_Cte Bad Token : )
2024-08-23 17:45:34,031 [ERROR] DependencyParser:1297 - StateRcvOpen_Cte Bad Token : )
2024-08-23 17:45:34,031 [ERROR] DependencyParser:1297 - StateRcvOpen_Cte Bad Token : )
2024-08-23 17:45:34,031 [ERROR] DependencyParser:1297 - StateRcvOpen_Cte Bad Token : )
2024-08-23 17:45:34,031 [ERROR] DependencyParser:1297 - StateRcvOpen_Cte Bad Token : )
2024-08-23 17:45:34,041 [ERROR] DependencyParser:1297 - StateRcvOpen_Cte Bad Token : )
2024-08-23 17:45:34,041 [ERROR] DependencyParser:1297 - StateRcvOpen_Cte Bad Token : )
2024-08-23 17:45:34,041 [ERROR] DependencyParser:1297 - StateRcvOpen_Cte Bad Token : )
2024-08-23 17:45:34,041 [ERROR] DependencyParser:1297 - StateRcvOpen_Cte Bad Token : )
2024-08-23 17:45:34,041 [ERROR] DependencyParser:1297 - StateRcvOpen_Cte Bad Token : )
2024-08-23 17:45:34,041 [ERROR] DependencyParser:1297 - StateRcvOpen_Cte Bad Token : )
2024-08-23 17:45:34,041 [ERROR] DependencyParser:1297 - StateRcvOpen_Cte Bad Token : )
2024-08-23 17:45:34,041 [ERROR] DependencyParser:1297 - StateRcvOpen_Cte Bad Token : )
2024-08-23 17:45:34,041 [ERROR] DependencyParser:1297 - StateRcvOpen_Cte Bad Token : )
2024-08-23 17:45:34,041 [ERROR] DependencyParser:1297 - StateRcvOpen_Cte Bad Token : )
2024-08-23 17:45:34,041 [ERROR] DependencyParser:1297 - StateRcvOpen_Cte Bad Token : )
2024-08-23 17:45:34,041 [ERROR] DependencyParser:1297 - StateRcvOpen_Cte Bad Token : )
2024-08-23 17:45:34,041 [ERROR] DependencyParser:1297 - StateRcvOpen_Cte Bad Token : )
2024-08-23 17:45:34,041 [ERROR] DependencyParser:1297 - StateRcvOpen_Cte Bad Token : )
2024-08-23 17:45:34,041 [ERROR] DependencyParser:1297 - StateRcvOpen_Cte Bad Token : )
2024-08-23 17:45:34,041 [ERROR] DependencyParser:1297 - StateRcvOpen_Cte Bad Token : )
2024-08-23 17:45:34,046 [ERROR] DependencyParser:1297 - StateRcvOpen_Cte Bad Token : )
2024-08-23 17:45:34,046 [ERROR] DependencyParser:1297 - StateRcvOpen_Cte Bad Token : )
2024-08-23 17:45:34,046 [ERROR] DependencyParser:1297 - StateRcvOpen_Cte Bad Token : )
2024-08-23 17:45:34,046 [INFO] Engine:305 - compute dependency for SwPack X-CUBE-AZRTOS-L5 have been done, no update is requested
2024-08-23 17:45:34,064 [INFO] Engine:301 - compute dependency for SwPack X-CUBE-AZRTOS-G0 have been done, and update is requested
2024-08-23 17:45:34,351 [INFO] Engine:301 - compute dependency for SwPack X-CUBE-AZRTOS-G4 have been done, and update is requested
2024-08-23 17:45:34,415 [INFO] Engine:301 - compute dependency for SwPack X-CUBE-AZRTOS-WB have been done, and update is requested
2024-08-23 17:45:34,477 [INFO] Engine:301 - compute dependency for SwPack X-CUBE-AZRTOS-WL have been done, and update is requested
2024-08-23 17:45:34,497 [INFO] Engine:301 - compute dependency for SwPack I-CUBE-wolfSSL have been done, and update is requested
2024-08-23 17:45:35,404 [INFO] Engine:301 - compute dependency for SwPack I-CUBE-embOS have been done, and update is requested
2024-08-23 17:45:35,429 [INFO] Engine:301 - compute dependency for SwPack I-Cube-SoM-uGOAL have been done, and update is requested
2024-08-23 17:45:35,449 [INFO] Engine:301 - compute dependency for SwPack I-CUBE-Cesium have been done, and update is requested
2024-08-23 17:45:35,484 [INFO] Engine:301 - compute dependency for SwPack X-CUBE-AI have been done, and update is requested
2024-08-23 17:45:35,549 [INFO] Engine:301 - compute dependency for SwPack X-CUBE-EEPRMA1 have been done, and update is requested
2024-08-23 17:45:35,694 [INFO] Engine:301 - compute dependency for SwPack X-CUBE-NFC6 have been done, and update is requested
2024-08-23 17:45:35,725 [INFO] Engine:301 - compute dependency for SwPack X-CUBE-SAFEA1 have been done, and update is requested
2024-08-23 17:45:35,745 [INFO] Engine:305 - compute dependency for SwPack X-CUBE-TOUCHGFX have been done, no update is requested
2024-08-23 17:45:35,768 [INFO] Engine:301 - compute dependency for SwPack X-CUBE-AZRTOS-H7RS have been done, and update is requested
2024-08-23 17:45:35,815 [INFO] Engine:305 - compute dependency for SwPack FreeRTOS have been done, no update is requested
2024-08-23 17:45:35,815 [INFO] Engine:305 - compute dependency for SwPack lwIP have been done, no update is requested
2024-08-23 17:45:35,815 [INFO] Engine:305 - compute dependency for SwPack lwIP have been done, no update is requested
2024-08-23 17:45:35,815 [INFO] Engine:305 - compute dependency for SwPack MBEDTLS have been done, no update is requested
2024-08-23 17:45:35,815 [INFO] Engine:305 - compute dependency for SwPack MBEDTLS have been done, no update is requested
2024-08-23 17:45:35,815 [INFO] Engine:305 - compute dependency for SwPack PDM2PCM have been done, no update is requested
2024-08-23 17:45:35,815 [INFO] Engine:305 - compute dependency for SwPack PDM2PCM have been done, no update is requested
2024-08-23 17:45:35,815 [INFO] Engine:305 - compute dependency for SwPack PDM2PCM have been done, no update is requested
2024-08-23 17:45:35,840 [INFO] Engine:305 - compute dependency for SwPack USB_DEVICE have been done, no update is requested
2024-08-23 17:45:35,840 [INFO] Engine:305 - compute dependency for SwPack USB_DEVICE have been done, no update is requested
2024-08-23 17:45:35,840 [INFO] Engine:305 - compute dependency for SwPack USB_DEVICE have been done, no update is requested
2024-08-23 17:45:35,860 [INFO] Engine:305 - compute dependency for SwPack USB_HOST have been done, no update is requested
2024-08-23 17:45:35,860 [INFO] Engine:305 - compute dependency for SwPack USB_HOST have been done, no update is requested
2024-08-23 17:45:35,880 [INFO] Engine:301 - compute dependency for SwPack X-CUBE-ALGOBUILD have been done, and update is requested
2024-08-23 17:45:35,900 [INFO] Engine:305 - compute dependency for SwPack X-CUBE-TOUCHGFX have been done, no update is requested
2024-08-23 17:45:35,900 [INFO] Engine:301 - compute dependency for SwPack I-CUBE-wolfMQTT have been done, and update is requested
2024-08-23 17:45:35,945 [INFO] DbMcus:175 - Found 1761 MCUs (1722 are supported by CubeMX, 1911 are visible in CubeMX)
2024-08-23 17:45:35,945 [INFO] ApiDb:201 - Load user favorites file C:\Users\HP/.stm32cubeide/favorites.mcus.txt: 0 item(s)
2024-08-23 17:45:35,950 [INFO] ApiDb:205 - User favorites MCUs=[]
2024-08-23 17:45:35,950 [INFO] DbMcus:187 - Set 0 / 0 favorites MCUs
2024-08-23 17:45:35,975 [INFO] Engine:301 - compute dependency for SwPack I-CUBE-wolfTPM have been done, and update is requested
2024-08-23 17:45:36,040 [INFO] Engine:301 - compute dependency for SwPack X-CUBE-AZRTOS-H7 have been done, and update is requested
2024-08-23 17:45:36,060 [INFO] Engine:301 - compute dependency for SwPack I-CUBE-wolfSSH have been done, and update is requested
2024-08-23 17:45:38,306 [INFO] LoadUrlFilesThread:162 - End of LoadServerUrlFiles without Thread
2024-08-23 17:45:38,591 [INFO] DetailPanel:331 - Set advertising image to C:/Users/HP/STM32Cube/Repository/\stm32cubemx-promo_image.jpg
2024-08-23 17:45:39,333 [INFO] Engine:301 - compute dependency for SwPack X-CUBE-MEMS1 have been done, and update is requested
2024-08-23 17:45:39,363 [INFO] ThirdPartyDb:299 - Save Third Party DataBase File (C:/Users/HP/.stm32cubemx/plugins/thirdparty/db/thirdparties_db.xml) [forced]
2024-08-23 17:45:39,503 [INFO] ThirdPartyDb:299 - Save Third Party DataBase File (C:/Users/HP/.stm32cubemx/plugins/thirdparty/db/thirdparties_db.xml) [forced]
2024-08-23 17:45:39,508 [INFO] IntegrityCheckThread:76 - exiting critical section [integrity check]
2024-08-23 17:45:39,508 [INFO] IntegrityCheckThread:79 - End integrity checks thread
2024-08-23 17:45:39,639 [INFO] LoadServerUpdatesThread:309 - End of LoadServerUpdate Thread
2024-08-23 17:45:40,230 [INFO] ServerAccessManage:348 - Download File mcusDocs.json._tmp_
2024-08-23 17:45:40,543 [INFO] LoadUrlFilesThread:135 - End of LoadUrlFiles Thread
2024-08-23 17:45:40,683 [INFO] ServerAccessManage:348 - Download File mcusFeaturesAndDescription.json._tmp_
2024-08-23 17:45:54,377 [INFO] LoadUrlFilesThread:135 - End of LoadUrlFiles Thread
2024-08-23 17:45:54,509 [INFO] ServerAccessManage:348 - Download File boardsDocs.json._tmp_
2024-08-23 17:45:54,594 [INFO] LoadUrlFilesThread:135 - End of LoadUrlFiles Thread
2024-08-23 17:45:54,732 [INFO] ServerAccessManage:348 - Download File boards.json._tmp_
2024-08-23 17:45:55,367 [INFO] LoadUrlFilesThread:135 - End of LoadUrlFiles Thread
2024-08-23 17:45:56,166 [INFO] ServerAccessManage:348 - Download File cube-finder-db.zip
2024-08-23 17:47:03,535 [INFO] FileExtend:225 - Unzip File : cube-finder-db.zip
2024-08-23 17:47:03,539 [INFO] FileExtend:240 - Standard Zip Deflate
2024-08-23 17:47:05,057 [INFO] LoadUrlFilesThread:135 - End of LoadUrlFiles Thread
2024-08-23 17:47:06,186 [INFO] ServerAccessManage:348 - Download File crdb.zip
2024-08-23 17:47:07,945 [INFO] FileExtend:225 - Unzip File : crdb.zip
2024-08-23 17:47:07,948 [INFO] FileExtend:240 - Standard Zip Deflate
2024-08-23 17:47:08,023 [INFO] LoadUrlFilesThread:135 - End of LoadUrlFiles Thread
2024-08-23 17:47:08,865 [INFO] ServerAccessManage:348 - Download File tutoVideoDB.zip
2024-08-23 17:47:09,203 [INFO] FileExtend:225 - Unzip File : tutoVideoDB.zip
2024-08-23 17:47:09,206 [INFO] FileExtend:240 - Standard Zip Deflate
2024-08-23 17:47:09,246 [INFO] LoadUrlFilesThread:135 - End of LoadUrlFiles Thread
2024-08-23 17:47:09,270 [INFO] DbMcusDocs:145 - JSON generation date=Tue Nov 16 18:17:54 EET 2021 (1637079474)
2024-08-23 17:47:09,652 [INFO] DbMcusDocs:81 - Found 682 MCUs documents
2024-08-23 17:47:09,655 [INFO] ApiDb:226 - Save user favorites file C:\Users\HP/.stm32cubeide/favorites.mcus.txt: 0 item(s)
2024-08-23 17:47:09,656 [INFO] ApiDb:230 - User favorites MCUs=[]
2024-08-23 17:47:09,656 [INFO] DbMcusXml:100 - Load MCU database from C:\ST\STM32CubeIDE_1.4.0\STM32CubeIDE\plugins\com.st.stm32cube.common.mx_6.0.0.202007160824\\db\/mcu/families.xml
2024-08-23 17:47:10,839 [INFO] DbMcusJson:92 - JSON generation date=Tue Nov 16 18:17:54 EET 2021 (1637079474)
2024-08-23 17:47:12,260 [INFO] DbMcus:175 - Found 1761 MCUs (1722 are supported by CubeMX, 1911 are visible in CubeMX)
2024-08-23 17:47:12,261 [INFO] ApiDb:201 - Load user favorites file C:\Users\HP/.stm32cubeide/favorites.mcus.txt: 0 item(s)
2024-08-23 17:47:12,261 [INFO] ApiDb:205 - User favorites MCUs=[]
2024-08-23 17:47:12,261 [INFO] DbMcus:187 - Set 0 / 0 favorites MCUs
2024-08-23 17:47:12,421 [INFO] McuFilterPanel:245 - Update 0 favorites MCUs
2024-08-23 17:47:13,281 [INFO] DbBoardsDocs:145 - JSON generation date=Tue Nov 16 18:17:54 EET 2021 (1637079474)
2024-08-23 17:47:13,331 [INFO] DbBoardsPdsc:94 - Found 23 items
2024-08-23 17:47:13,366 [INFO] DbBoardsPdsc:94 - Found 9 items
2024-08-23 17:47:13,408 [INFO] DbBoardsPdsc:94 - Found 29 items
2024-08-23 17:47:13,474 [INFO] DbBoardsPdsc:94 - Found 1 items
2024-08-23 17:47:13,645 [INFO] DbBoardsPdsc:94 - Found 44 items
2024-08-23 17:47:13,685 [INFO] DbBoardsPdsc:94 - Found 40 items
2024-08-23 17:47:13,714 [INFO] DbBoardsPdsc:94 - Found 2 items
2024-08-23 17:47:13,820 [INFO] DbBoardsPdsc:94 - Found 4 items
2024-08-23 17:47:13,832 [WARN] DbBoardsPdsc:258 - Board STM32H7B3I-DK: unknown feature type=Audio, name=, username=Audio stereo codec with Headphone Amp (CS42L51-CNZ), n=1
2024-08-23 17:47:13,834 [WARN] DbBoardsPdsc:258 - Board STM32H735G-DK: unknown feature type=Audio, name=, username=Audio stereo codec with Headphone Amp (WM8994ECS/R), n=1
2024-08-23 17:47:13,839 [WARN] DbBoardsPdsc:258 - Board STM32H7B3I-EVAL: unknown feature type=Audio, name=, username=Multi-Channel Audio Codec (CS42L51-CNZ), n=1
2024-08-23 17:47:13,840 [WARN] DbBoardsPdsc:258 - Board STM32H7B3I-EVAL: unknown feature type=Meter, name=, username=Power-metering and Temperature-monitoring with sigma-delta modulators, n=1
2024-08-23 17:47:13,841 [WARN] DbBoardsPdsc:258 - Board STM32H7B3I-EVAL: unknown feature type=Motor, name=, username=Motor Control, n=1
2024-08-23 17:47:13,862 [INFO] DbBoardsJson:85 - JSON generation date=Tue Nov 16 18:17:54 EET 2021 (1637079474)
2024-08-23 17:47:13,877 [INFO] DbBoards:117 - Found 166 boards (149 are supported by CubeMX)
2024-08-23 17:47:13,880 [INFO] DbBoardsDocs:145 - JSON generation date=Tue Nov 16 18:17:54 EET 2021 (1637079474)
2024-08-23 17:47:13,891 [INFO] DbBoardsDocs:81 - Found 209 boards documents
2024-08-23 17:47:13,895 [WARN] DbBoards:127 - board B-L475E-IOT01A2 has no document id list !
2024-08-23 17:47:13,897 [WARN] DbBoards:127 - board NUCLEO-H743ZI has no document id list !
2024-08-23 17:47:13,898 [WARN] DbBoards:127 - board P-NUCLEO-WB55-Nucleo has no document id list !
2024-08-23 17:47:13,898 [WARN] DbBoards:127 - board P-NUCLEO-WB55-USBDongle has no document id list !
2024-08-23 17:47:13,898 [WARN] DbBoards:127 - board STEVAL-BFA001V1B has no document id list !
2024-08-23 17:47:13,898 [WARN] DbBoards:127 - board STEVAL-BFA001V2B has no document id list !
2024-08-23 17:47:13,898 [WARN] DbBoards:127 - board STEVAL-IDP005V1 has no document id list !
2024-08-23 17:47:13,898 [WARN] DbBoards:127 - board STEVAL-IDP005V2 has no document id list !
2024-08-23 17:47:13,898 [WARN] DbBoards:127 - board STEVAL-MKSBOX1V1 has no document id list !
2024-08-23 17:47:13,898 [WARN] DbBoards:127 - board STEVAL-STWINKT1 has no document id list !
2024-08-23 17:47:13,898 [WARN] DbBoards:127 - board STEVAL-STWINKT1B has no document id list !
2024-08-23 17:47:13,899 [WARN] DbBoards:127 - board STM32439I-EVAL2 has no document id list !
2024-08-23 17:47:13,900 [WARN] DbBoards:127 - board STM32F401C-DISCO has no document id list !
2024-08-23 17:47:13,902 [WARN] DbBoards:127 - board STM32F769I-DISC1 has no document id list !
2024-08-23 17:47:13,903 [WARN] DbBoards:127 - board STM32G474E-EVAL1 has no document id list !
2024-08-23 17:47:13,903 [WARN] DbBoards:127 - board STM32H743I-EVAL2 has no document id list !
2024-08-23 17:47:13,904 [WARN] DbBoards:127 - board STM32H747I-DISC1 has no document id list !
2024-08-23 17:47:13,905 [WARN] DbBoards:127 - board STM32H753I-EVAL2 has no document id list !
2024-08-23 17:47:13,906 [WARN] DbBoards:127 - board STM32L-DISCOVERY has no document id list !
2024-08-23 17:47:14,083 [ERROR] DbBoards:189 - Image file not found for board B-L462E-CELL1: C:\ST\STM32CubeIDE_1.4.0\STM32CubeIDE\plugins\com.st.stm32cube.common.mx_6.0.0.202007160824\\db\/plugins/mcufinder/images/boards/B-L462E-CELL1_small.jpg
2024-08-23 17:47:14,194 [ERROR] DbBoards:189 - Image file not found for board B-U585I-IOT02A: C:\ST\STM32CubeIDE_1.4.0\STM32CubeIDE\plugins\com.st.stm32cube.common.mx_6.0.0.202007160824\\db\/plugins/mcufinder/images/boards/B-U585I-IOT02A_small.jpg
2024-08-23 17:47:14,412 [ERROR] DbBoards:189 - Image file not found for board NUCLEO-F413ZH: C:\ST\STM32CubeIDE_1.4.0\STM32CubeIDE\plugins\com.st.stm32cube.common.mx_6.0.0.202007160824\\db\/plugins/mcufinder/images/boards/nucleo-f413zh_small.jpg
2024-08-23 17:47:14,741 [ERROR] DbBoards:189 - Image file not found for board NUCLEO-L552ZE-Q: C:\ST\STM32CubeIDE_1.4.0\STM32CubeIDE\plugins\com.st.stm32cube.common.mx_6.0.0.202007160824\\db\/plugins/mcufinder/images/boards/nucleo_l552ze_q_small.jpg
2024-08-23 17:47:14,742 [ERROR] DbBoards:189 - Image file not found for board NUCLEO-U575ZI-Q: C:\ST\STM32CubeIDE_1.4.0\STM32CubeIDE\plugins\com.st.stm32cube.common.mx_6.0.0.202007160824\\db\/plugins/mcufinder/images/boards/nucleo-u575zi-q_small.jpg
2024-08-23 17:47:14,742 [ERROR] DbBoards:189 - Image file not found for board NUCLEO-WB15CC: C:\ST\STM32CubeIDE_1.4.0\STM32CubeIDE\plugins\com.st.stm32cube.common.mx_6.0.0.202007160824\\db\/plugins/mcufinder/images/boards/nucleo-wb15cc_small.jpg
2024-08-23 17:47:14,742 [ERROR] DbBoards:189 - Image file not found for board NUCLEO-WB55RG: C:\ST\STM32CubeIDE_1.4.0\STM32CubeIDE\plugins\com.st.stm32cube.common.mx_6.0.0.202007160824\\db\/plugins/mcufinder/images/boards/nucleo-wb55rg_small.jpg
2024-08-23 17:47:14,743 [ERROR] DbBoards:189 - Image file not found for board NUCLEO-WL55JC: C:\ST\STM32CubeIDE_1.4.0\STM32CubeIDE\plugins\com.st.stm32cube.common.mx_6.0.0.202007160824\\db\/plugins/mcufinder/images/boards/nucleo-wl55jc-small.jpg
2024-08-23 17:47:15,142 [ERROR] DbBoards:189 - Image file not found for board STEVAL-STWINKT1B: C:\ST\STM32CubeIDE_1.4.0\STM32CubeIDE\plugins\com.st.stm32cube.common.mx_6.0.0.202007160824\\db\/plugins/mcufinder/images/boards/steval-stwinkt1b_small.jpg
2024-08-23 17:47:16,428 [ERROR] DbBoards:189 - Image file not found for board STM32G0C1E-EV: C:\ST\STM32CubeIDE_1.4.0\STM32CubeIDE\plugins\com.st.stm32cube.common.mx_6.0.0.202007160824\\db\/plugins/mcufinder/images/boards/stm32g0c1e-eval_small.jpg
2024-08-23 17:47:16,606 [ERROR] DbBoards:189 - Image file not found for board STM32H7B3I-EVAL: C:\ST\STM32CubeIDE_1.4.0\STM32CubeIDE\plugins\com.st.stm32cube.common.mx_6.0.0.202007160824\\db\/plugins/mcufinder/images/boards/stm32h7b3ieval_small.jpg
2024-08-23 17:47:17,079 [ERROR] DbBoards:189 - Image file not found for board STM32U575I-EV: C:\ST\STM32CubeIDE_1.4.0\STM32CubeIDE\plugins\com.st.stm32cube.common.mx_6.0.0.202007160824\\db\/plugins/mcufinder/images/boards/stm32u575i-ev_small.jpg
2024-08-23 17:47:17,160 [ERROR] DbBoards:189 - Image file not found for board STM32WB5MM-DK: C:\ST\STM32CubeIDE_1.4.0\STM32CubeIDE\plugins\com.st.stm32cube.common.mx_6.0.0.202007160824\\db\/plugins/mcufinder/images/boards/STM32WB5MM-DK_small.jpg
2024-08-23 17:47:17,161 [INFO] ApiDb:201 - Load user favorites file C:\Users\HP/.stm32cubeide/favorites.boards.txt: 0 item(s)
2024-08-23 17:47:17,161 [INFO] ApiDb:205 - User favorites Boards=[]
2024-08-23 17:47:17,162 [INFO] DbBoards:206 - Set 0 / 0 favorites Boards
2024-08-23 17:47:17,546 [INFO] DbBoardsDocs:81 - Found 418 boards documents
2024-08-23 17:47:17,557 [INFO] ApiDb:226 - Save user favorites file C:\Users\HP/.stm32cubeide/favorites.boards.txt: 0 item(s)
2024-08-23 17:47:17,557 [INFO] ApiDb:230 - User favorites Boards=[]
2024-08-23 17:47:17,562 [INFO] DbBoardsPdsc:94 - Found 23 items
2024-08-23 17:47:17,567 [INFO] DbBoardsPdsc:94 - Found 9 items
2024-08-23 17:47:17,577 [INFO] DbBoardsPdsc:94 - Found 29 items
2024-08-23 17:47:17,580 [INFO] DbBoardsPdsc:94 - Found 1 items
2024-08-23 17:47:17,592 [INFO] DbBoardsPdsc:94 - Found 44 items
2024-08-23 17:47:17,602 [INFO] DbBoardsPdsc:94 - Found 40 items
2024-08-23 17:47:17,607 [INFO] DbBoardsPdsc:94 - Found 2 items
2024-08-23 17:47:17,607 [INFO] DbBoardsPdsc:94 - Found 4 items
2024-08-23 17:47:17,617 [WARN] DbBoardsPdsc:258 - Board STM32H7B3I-DK: unknown feature type=Audio, name=, username=Audio stereo codec with Headphone Amp (CS42L51-CNZ), n=1
2024-08-23 17:47:17,617 [WARN] DbBoardsPdsc:258 - Board STM32H735G-DK: unknown feature type=Audio, name=, username=Audio stereo codec with Headphone Amp (WM8994ECS/R), n=1
2024-08-23 17:47:17,617 [WARN] DbBoardsPdsc:258 - Board STM32H7B3I-EVAL: unknown feature type=Audio, name=, username=Multi-Channel Audio Codec (CS42L51-CNZ), n=1
2024-08-23 17:47:17,622 [WARN] DbBoardsPdsc:258 - Board STM32H7B3I-EVAL: unknown feature type=Meter, name=, username=Power-metering and Temperature-monitoring with sigma-delta modulators, n=1
2024-08-23 17:47:17,622 [WARN] DbBoardsPdsc:258 - Board STM32H7B3I-EVAL: unknown feature type=Motor, name=, username=Motor Control, n=1
2024-08-23 17:47:17,652 [INFO] DbBoardsJson:85 - JSON generation date=Tue Nov 16 18:17:54 EET 2021 (1637079474)
2024-08-23 17:47:17,667 [INFO] DbBoards:117 - Found 166 boards (149 are supported by CubeMX)
2024-08-23 17:47:17,687 [WARN] DbBoards:127 - board B-L475E-IOT01A2 has no document id list !
2024-08-23 17:47:17,687 [WARN] DbBoards:127 - board NUCLEO-H743ZI has no document id list !
2024-08-23 17:47:17,687 [WARN] DbBoards:127 - board P-NUCLEO-WB55-Nucleo has no document id list !
2024-08-23 17:47:17,687 [WARN] DbBoards:127 - board P-NUCLEO-WB55-USBDongle has no document id list !
2024-08-23 17:47:17,687 [WARN] DbBoards:127 - board STEVAL-BFA001V1B has no document id list !
2024-08-23 17:47:17,687 [WARN] DbBoards:127 - board STEVAL-BFA001V2B has no document id list !
2024-08-23 17:47:17,687 [WARN] DbBoards:127 - board STEVAL-IDP005V1 has no document id list !
2024-08-23 17:47:17,687 [WARN] DbBoards:127 - board STEVAL-IDP005V2 has no document id list !
2024-08-23 17:47:17,687 [WARN] DbBoards:127 - board STEVAL-MKSBOX1V1 has no document id list !
2024-08-23 17:47:17,687 [WARN] DbBoards:127 - board STEVAL-STWINKT1 has no document id list !
2024-08-23 17:47:17,687 [WARN] DbBoards:127 - board STEVAL-STWINKT1B has no document id list !
2024-08-23 17:47:17,692 [WARN] DbBoards:127 - board STM32439I-EVAL2 has no document id list !
2024-08-23 17:47:17,692 [WARN] DbBoards:127 - board STM32F401C-DISCO has no document id list !
2024-08-23 17:47:17,692 [WARN] DbBoards:127 - board STM32F769I-DISC1 has no document id list !
2024-08-23 17:47:17,692 [WARN] DbBoards:127 - board STM32G474E-EVAL1 has no document id list !
2024-08-23 17:47:17,692 [WARN] DbBoards:127 - board STM32H743I-EVAL2 has no document id list !
2024-08-23 17:47:17,692 [WARN] DbBoards:127 - board STM32H747I-DISC1 has no document id list !
2024-08-23 17:47:17,692 [WARN] DbBoards:127 - board STM32H753I-EVAL2 has no document id list !
2024-08-23 17:47:17,692 [WARN] DbBoards:127 - board STM32L-DISCOVERY has no document id list !
2024-08-23 17:47:17,787 [ERROR] DbBoards:189 - Image file not found for board B-L462E-CELL1: C:\ST\STM32CubeIDE_1.4.0\STM32CubeIDE\plugins\com.st.stm32cube.common.mx_6.0.0.202007160824\\db\/plugins/mcufinder/images/boards/B-L462E-CELL1_small.jpg
2024-08-23 17:47:17,858 [ERROR] DbBoards:189 - Image file not found for board B-U585I-IOT02A: C:\ST\STM32CubeIDE_1.4.0\STM32CubeIDE\plugins\com.st.stm32cube.common.mx_6.0.0.202007160824\\db\/plugins/mcufinder/images/boards/B-U585I-IOT02A_small.jpg
2024-08-23 17:47:18,015 [ERROR] DbBoards:189 - Image file not found for board NUCLEO-F413ZH: C:\ST\STM32CubeIDE_1.4.0\STM32CubeIDE\plugins\com.st.stm32cube.common.mx_6.0.0.202007160824\\db\/plugins/mcufinder/images/boards/nucleo-f413zh_small.jpg
2024-08-23 17:47:18,321 [ERROR] DbBoards:189 - Image file not found for board NUCLEO-L552ZE-Q: C:\ST\STM32CubeIDE_1.4.0\STM32CubeIDE\plugins\com.st.stm32cube.common.mx_6.0.0.202007160824\\db\/plugins/mcufinder/images/boards/nucleo_l552ze_q_small.jpg
2024-08-23 17:47:18,322 [ERROR] DbBoards:189 - Image file not found for board NUCLEO-U575ZI-Q: C:\ST\STM32CubeIDE_1.4.0\STM32CubeIDE\plugins\com.st.stm32cube.common.mx_6.0.0.202007160824\\db\/plugins/mcufinder/images/boards/nucleo-u575zi-q_small.jpg
2024-08-23 17:47:18,322 [ERROR] DbBoards:189 - Image file not found for board NUCLEO-WB15CC: C:\ST\STM32CubeIDE_1.4.0\STM32CubeIDE\plugins\com.st.stm32cube.common.mx_6.0.0.202007160824\\db\/plugins/mcufinder/images/boards/nucleo-wb15cc_small.jpg
2024-08-23 17:47:18,322 [ERROR] DbBoards:189 - Image file not found for board NUCLEO-WB55RG: C:\ST\STM32CubeIDE_1.4.0\STM32CubeIDE\plugins\com.st.stm32cube.common.mx_6.0.0.202007160824\\db\/plugins/mcufinder/images/boards/nucleo-wb55rg_small.jpg
2024-08-23 17:47:18,324 [ERROR] DbBoards:189 - Image file not found for board NUCLEO-WL55JC: C:\ST\STM32CubeIDE_1.4.0\STM32CubeIDE\plugins\com.st.stm32cube.common.mx_6.0.0.202007160824\\db\/plugins/mcufinder/images/boards/nucleo-wl55jc-small.jpg
2024-08-23 17:47:18,570 [ERROR] DbBoards:189 - Image file not found for board STEVAL-STWINKT1B: C:\ST\STM32CubeIDE_1.4.0\STM32CubeIDE\plugins\com.st.stm32cube.common.mx_6.0.0.202007160824\\db\/plugins/mcufinder/images/boards/steval-stwinkt1b_small.jpg
2024-08-23 17:47:18,949 [ERROR] DbBoards:189 - Image file not found for board STM32G0C1E-EV: C:\ST\STM32CubeIDE_1.4.0\STM32CubeIDE\plugins\com.st.stm32cube.common.mx_6.0.0.202007160824\\db\/plugins/mcufinder/images/boards/stm32g0c1e-eval_small.jpg
2024-08-23 17:47:19,085 [ERROR] DbBoards:189 - Image file not found for board STM32H7B3I-EVAL: C:\ST\STM32CubeIDE_1.4.0\STM32CubeIDE\plugins\com.st.stm32cube.common.mx_6.0.0.202007160824\\db\/plugins/mcufinder/images/boards/stm32h7b3ieval_small.jpg
2024-08-23 17:47:19,297 [ERROR] DbBoards:189 - Image file not found for board STM32U575I-EV: C:\ST\STM32CubeIDE_1.4.0\STM32CubeIDE\plugins\com.st.stm32cube.common.mx_6.0.0.202007160824\\db\/plugins/mcufinder/images/boards/stm32u575i-ev_small.jpg
2024-08-23 17:47:19,331 [ERROR] DbBoards:189 - Image file not found for board STM32WB5MM-DK: C:\ST\STM32CubeIDE_1.4.0\STM32CubeIDE\plugins\com.st.stm32cube.common.mx_6.0.0.202007160824\\db\/plugins/mcufinder/images/boards/STM32WB5MM-DK_small.jpg
2024-08-23 17:47:19,331 [INFO] ApiDb:201 - Load user favorites file C:\Users\HP/.stm32cubeide/favorites.boards.txt: 0 item(s)
2024-08-23 17:47:19,331 [INFO] ApiDb:205 - User favorites Boards=[]
2024-08-23 17:47:19,332 [INFO] DbBoards:206 - Set 0 / 0 favorites Boards
2024-08-23 17:47:19,698 [INFO] LoadUrlFilesThread:162 - End of LoadServerUrlFiles without Thread
2024-08-23 17:47:19,698 [INFO] MultiScanPanel:787 - Refresh data is succesful
2024-08-23 17:47:19,702 [INFO] McuFilterPanel:245 - Update 0 favorites MCUs
2024-08-23 17:51:39,865 [INFO] LogOutputStream:76 - [STDOUT_REDIRECT] withoutVersionV1.8.4
2024-08-23 17:51:39,866 [INFO] LogOutputStream:76 - [STDOUT_REDIRECT] withoutVersionV1.8.3
2024-08-23 17:51:39,867 [INFO] LogOutputStream:76 - [STDOUT_REDIRECT] withoutVersionV1.8.2
2024-08-23 17:51:39,867 [INFO] LogOutputStream:76 - [STDOUT_REDIRECT] withoutVersionV1.8.1
2024-08-23 17:51:39,868 [INFO] LogOutputStream:76 - [STDOUT_REDIRECT] withoutVersionV1.8.0
2024-08-23 17:51:53,445 [ERROR] LogOutputStream:74 - [STDERR_REDIRECT] [Fatal Error] :1:1: Premature end of file.
2024-08-23 17:51:53,447 [ERROR] LogOutputStream:74 - [STDERR_REDIRECT] 
2024-08-23 17:51:53,543 [INFO] ApiDb:226 - Save user favorites file C:\Users\HP/.stm32cubeide/favorites.mcus.txt: 0 item(s)
2024-08-23 17:51:53,544 [INFO] ApiDb:230 - User favorites MCUs=[]
2024-08-23 17:51:56,297 [ERROR] LogOutputStream:74 - [STDERR_REDIRECT] [Fatal Error] :1:1: Premature end of file.
2024-08-23 17:51:56,300 [ERROR] LogOutputStream:74 - [STDERR_REDIRECT] 
2024-08-23 17:51:56,390 [ERROR] LogOutputStream:74 - [STDERR_REDIRECT] [Fatal Error] :1:1: Premature end of file.
2024-08-23 17:51:56,391 [ERROR] LogOutputStream:74 - [STDERR_REDIRECT] 
2024-08-23 17:51:56,483 [ERROR] LogOutputStream:74 - [STDERR_REDIRECT] [Fatal Error] :1:1: Premature end of file.
2024-08-23 17:51:56,484 [ERROR] LogOutputStream:74 - [STDERR_REDIRECT] 
2024-08-23 17:51:56,577 [ERROR] LogOutputStream:74 - [STDERR_REDIRECT] [Fatal Error] :1:1: Premature end of file.
2024-08-23 17:51:56,578 [ERROR] LogOutputStream:74 - [STDERR_REDIRECT] 
2024-08-23 17:51:56,658 [ERROR] LogOutputStream:74 - [STDERR_REDIRECT] [Fatal Error] :1:1: Premature end of file.
2024-08-23 17:51:56,659 [ERROR] LogOutputStream:74 - [STDERR_REDIRECT] 
2024-08-23 17:51:56,742 [ERROR] LogOutputStream:74 - [STDERR_REDIRECT] [Fatal Error] :1:1: Premature end of file.
2024-08-23 17:51:56,743 [ERROR] LogOutputStream:74 - [STDERR_REDIRECT] 
2024-08-23 17:51:56,825 [ERROR] LogOutputStream:74 - [STDERR_REDIRECT] [Fatal Error] :1:1: Premature end of file.
2024-08-23 17:51:56,826 [ERROR] LogOutputStream:74 - [STDERR_REDIRECT] 
2024-08-23 17:51:56,907 [ERROR] LogOutputStream:74 - [STDERR_REDIRECT] [Fatal Error] :1:1: Premature end of file.
2024-08-23 17:51:56,908 [ERROR] LogOutputStream:74 - [STDERR_REDIRECT] 
2024-08-23 17:51:57,078 [ERROR] LogOutputStream:74 - [STDERR_REDIRECT] [Fatal Error] :1:1: Premature end of file.
2024-08-23 17:51:57,079 [ERROR] LogOutputStream:74 - [STDERR_REDIRECT] 
2024-08-23 17:51:57,162 [ERROR] LogOutputStream:74 - [STDERR_REDIRECT] [Fatal Error] :1:1: Premature end of file.
2024-08-23 17:51:57,164 [ERROR] LogOutputStream:74 - [STDERR_REDIRECT] 
2024-08-23 17:51:57,249 [ERROR] LogOutputStream:74 - [STDERR_REDIRECT] [Fatal Error] :1:1: Premature end of file.
2024-08-23 17:51:57,251 [ERROR] LogOutputStream:74 - [STDERR_REDIRECT] 
2024-08-23 17:59:32,462 [ERROR] LogOutputStream:74 - [STDERR_REDIRECT] [Fatal Error] :1:1: Premature end of file.
2024-08-23 17:59:32,463 [ERROR] LogOutputStream:74 - [STDERR_REDIRECT] 
2024-08-23 17:59:32,551 [ERROR] LogOutputStream:74 - [STDERR_REDIRECT] [Fatal Error] :1:1: Premature end of file.
2024-08-23 17:59:32,552 [ERROR] LogOutputStream:74 - [STDERR_REDIRECT] 
2024-08-23 17:59:32,640 [ERROR] LogOutputStream:74 - [STDERR_REDIRECT] [Fatal Error] :1:1: Premature end of file.
2024-08-23 17:59:32,641 [ERROR] LogOutputStream:74 - [STDERR_REDIRECT] 
2024-08-23 20:46:53,520 [ERROR] LogOutputStream:74 - [STDERR_REDIRECT] [Fatal Error] :1:1: Premature end of file.
2024-08-23 20:46:53,522 [ERROR] LogOutputStream:74 - [STDERR_REDIRECT] 
2024-08-23 20:46:53,610 [ERROR] LogOutputStream:74 - [STDERR_REDIRECT] [Fatal Error] :1:1: Premature end of file.
2024-08-23 20:46:53,611 [ERROR] LogOutputStream:74 - [STDERR_REDIRECT] 
2024-08-23 20:46:53,702 [ERROR] LogOutputStream:74 - [STDERR_REDIRECT] [Fatal Error] :1:1: Premature end of file.
2024-08-23 20:46:53,702 [ERROR] LogOutputStream:74 - [STDERR_REDIRECT] 
2024-08-23 20:47:28,947 [ERROR] LogOutputStream:74 - [STDERR_REDIRECT] [Fatal Error] :1:1: Premature end of file.
2024-08-23 20:47:28,948 [ERROR] LogOutputStream:74 - [STDERR_REDIRECT] 
2024-08-23 20:47:29,046 [ERROR] LogOutputStream:74 - [STDERR_REDIRECT] [Fatal Error] :1:1: Premature end of file.
2024-08-23 20:47:29,047 [ERROR] LogOutputStream:74 - [STDERR_REDIRECT] 
2024-08-23 20:47:29,136 [ERROR] LogOutputStream:74 - [STDERR_REDIRECT] [Fatal Error] :1:1: Premature end of file.
2024-08-23 20:47:29,138 [ERROR] LogOutputStream:74 - [STDERR_REDIRECT] 
2024-08-23 21:47:41,397 [ERROR] LogOutputStream:74 - [STDERR_REDIRECT] [Fatal Error] :1:1: Premature end of file.
2024-08-23 21:47:41,398 [ERROR] LogOutputStream:74 - [STDERR_REDIRECT] 
2024-08-23 21:47:41,488 [ERROR] LogOutputStream:74 - [STDERR_REDIRECT] [Fatal Error] :1:1: Premature end of file.
2024-08-23 21:47:41,489 [ERROR] LogOutputStream:74 - [STDERR_REDIRECT] 
2024-08-23 21:47:41,581 [ERROR] LogOutputStream:74 - [STDERR_REDIRECT] [Fatal Error] :1:1: Premature end of file.
2024-08-23 21:47:41,582 [ERROR] LogOutputStream:74 - [STDERR_REDIRECT] 
2024-08-23 21:50:59,714 [ERROR] LogOutputStream:74 - [STDERR_REDIRECT] [Fatal Error] :1:1: Premature end of file.
2024-08-23 21:50:59,715 [ERROR] LogOutputStream:74 - [STDERR_REDIRECT] 
2024-08-23 21:50:59,863 [ERROR] LogOutputStream:74 - [STDERR_REDIRECT] [Fatal Error] :1:1: Premature end of file.
2024-08-23 21:50:59,863 [ERROR] LogOutputStream:74 - [STDERR_REDIRECT] 
2024-08-23 21:50:59,955 [ERROR] LogOutputStream:74 - [STDERR_REDIRECT] [Fatal Error] :1:1: Premature end of file.
2024-08-23 21:50:59,955 [ERROR] LogOutputStream:74 - [STDERR_REDIRECT] 
2024-08-23 21:57:53,392 [ERROR] LogOutputStream:74 - [STDERR_REDIRECT] [Fatal Error] :1:1: Premature end of file.
2024-08-23 21:57:53,393 [ERROR] LogOutputStream:74 - [STDERR_REDIRECT] 
2024-08-23 21:57:53,681 [ERROR] LogOutputStream:74 - [STDERR_REDIRECT] [Fatal Error] :1:1: Premature end of file.
2024-08-23 21:57:53,682 [ERROR] LogOutputStream:74 - [STDERR_REDIRECT] 
2024-08-23 21:57:53,901 [ERROR] LogOutputStream:74 - [STDERR_REDIRECT] [Fatal Error] :1:1: Premature end of file.
2024-08-23 21:57:53,902 [ERROR] LogOutputStream:74 - [STDERR_REDIRECT] 
2024-08-23 21:57:58,061 [ERROR] LogOutputStream:74 - [STDERR_REDIRECT] [Fatal Error] :1:1: Premature end of file.
2024-08-23 21:57:58,066 [ERROR] LogOutputStream:74 - [STDERR_REDIRECT] 
2024-08-23 21:57:58,156 [ERROR] LogOutputStream:74 - [STDERR_REDIRECT] [Fatal Error] :1:1: Premature end of file.
2024-08-23 21:57:58,156 [ERROR] LogOutputStream:74 - [STDERR_REDIRECT] 
2024-08-23 21:57:58,251 [ERROR] LogOutputStream:74 - [STDERR_REDIRECT] [Fatal Error] :1:1: Premature end of file.
2024-08-23 21:57:58,251 [ERROR] LogOutputStream:74 - [STDERR_REDIRECT] 
2024-08-24 01:51:27,432 [ERROR] LogOutputStream:74 - [STDERR_REDIRECT] [Fatal Error] :1:1: Premature end of file.
2024-08-24 01:51:27,435 [ERROR] LogOutputStream:74 - [STDERR_REDIRECT] 
2024-08-24 01:51:27,575 [ERROR] LogOutputStream:74 - [STDERR_REDIRECT] [Fatal Error] :1:1: Premature end of file.
2024-08-24 01:51:27,576 [ERROR] LogOutputStream:74 - [STDERR_REDIRECT] 
2024-08-24 01:51:27,719 [ERROR] LogOutputStream:74 - [STDERR_REDIRECT] [Fatal Error] :1:1: Premature end of file.
2024-08-24 01:51:27,720 [ERROR] LogOutputStream:74 - [STDERR_REDIRECT] 
2024-08-24 22:28:59,801 [INFO] Activator:178 - 


2024-08-24 22:28:59,810 [INFO] Activator:179 - !SESSION log4j initialized
2024-08-24 22:29:19,359 [ERROR] LogOutputStream:74 - [STDERR_REDIRECT] [Fatal Error] :1:1: Premature end of file.
2024-08-24 22:29:19,363 [ERROR] LogOutputStream:74 - [STDERR_REDIRECT] 
2024-08-24 22:29:19,470 [ERROR] LogOutputStream:74 - [STDERR_REDIRECT] [Fatal Error] :1:1: Premature end of file.
2024-08-24 22:29:19,471 [ERROR] LogOutputStream:74 - [STDERR_REDIRECT] 
2024-08-24 22:29:19,598 [ERROR] LogOutputStream:74 - [STDERR_REDIRECT] [Fatal Error] :1:1: Premature end of file.
2024-08-24 22:29:19,599 [ERROR] LogOutputStream:74 - [STDERR_REDIRECT] 
2024-08-24 22:29:25,035 [ERROR] LogOutputStream:74 - [STDERR_REDIRECT] [Fatal Error] :1:1: Premature end of file.
2024-08-24 22:29:25,038 [ERROR] LogOutputStream:74 - [STDERR_REDIRECT] 
2024-08-24 22:29:25,157 [ERROR] LogOutputStream:74 - [STDERR_REDIRECT] [Fatal Error] :1:1: Premature end of file.
2024-08-24 22:29:25,158 [ERROR] LogOutputStream:74 - [STDERR_REDIRECT] 
2024-08-24 22:29:25,251 [ERROR] LogOutputStream:74 - [STDERR_REDIRECT] [Fatal Error] :1:1: Premature end of file.
2024-08-24 22:29:25,252 [ERROR] LogOutputStream:74 - [STDERR_REDIRECT] 
2024-08-24 22:29:25,358 [ERROR] LogOutputStream:74 - [STDERR_REDIRECT] [Fatal Error] :1:1: Premature end of file.
2024-08-24 22:29:25,359 [ERROR] LogOutputStream:74 - [STDERR_REDIRECT] 
2024-08-24 22:29:25,451 [ERROR] LogOutputStream:74 - [STDERR_REDIRECT] [Fatal Error] :1:1: Premature end of file.
2024-08-24 22:29:25,452 [ERROR] LogOutputStream:74 - [STDERR_REDIRECT] 
2024-08-24 22:29:25,538 [ERROR] LogOutputStream:74 - [STDERR_REDIRECT] [Fatal Error] :1:1: Premature end of file.
2024-08-24 22:29:25,539 [ERROR] LogOutputStream:74 - [STDERR_REDIRECT] 
2024-08-24 22:29:25,634 [ERROR] LogOutputStream:74 - [STDERR_REDIRECT] [Fatal Error] :1:1: Premature end of file.
2024-08-24 22:29:25,635 [ERROR] LogOutputStream:74 - [STDERR_REDIRECT] 
2024-08-24 22:29:25,721 [ERROR] LogOutputStream:74 - [STDERR_REDIRECT] [Fatal Error] :1:1: Premature end of file.
2024-08-24 22:29:25,723 [ERROR] LogOutputStream:74 - [STDERR_REDIRECT] 
2024-08-24 22:29:25,823 [ERROR] LogOutputStream:74 - [STDERR_REDIRECT] [Fatal Error] :1:1: Premature end of file.
2024-08-24 22:29:25,824 [ERROR] LogOutputStream:74 - [STDERR_REDIRECT] 
2024-08-24 22:29:26,025 [ERROR] LogOutputStream:74 - [STDERR_REDIRECT] [Fatal Error] :1:1: Premature end of file.
2024-08-24 22:29:26,026 [ERROR] LogOutputStream:74 - [STDERR_REDIRECT] 
2024-08-24 22:29:26,120 [ERROR] LogOutputStream:74 - [STDERR_REDIRECT] [Fatal Error] :1:1: Premature end of file.
2024-08-24 22:29:26,120 [ERROR] LogOutputStream:74 - [STDERR_REDIRECT] 
2024-08-24 22:29:26,218 [ERROR] LogOutputStream:74 - [STDERR_REDIRECT] [Fatal Error] :1:1: Premature end of file.
2024-08-24 22:29:26,220 [ERROR] LogOutputStream:74 - [STDERR_REDIRECT] 
2024-08-24 22:34:05,833 [ERROR] LogOutputStream:74 - [STDERR_REDIRECT] [Fatal Error] :1:1: Premature end of file.
2024-08-24 22:34:05,834 [ERROR] LogOutputStream:74 - [STDERR_REDIRECT] 
2024-08-24 22:34:05,924 [ERROR] LogOutputStream:74 - [STDERR_REDIRECT] [Fatal Error] :1:1: Premature end of file.
2024-08-24 22:34:05,925 [ERROR] LogOutputStream:74 - [STDERR_REDIRECT] 
2024-08-24 22:34:06,019 [ERROR] LogOutputStream:74 - [STDERR_REDIRECT] [Fatal Error] :1:1: Premature end of file.
2024-08-24 22:34:06,020 [ERROR] LogOutputStream:74 - [STDERR_REDIRECT] 
2024-08-24 22:34:25,448 [ERROR] LogOutputStream:74 - [STDERR_REDIRECT] [Fatal Error] :1:1: Premature end of file.
2024-08-24 22:34:25,449 [ERROR] LogOutputStream:74 - [STDERR_REDIRECT] 
2024-08-24 22:34:25,665 [ERROR] LogOutputStream:74 - [STDERR_REDIRECT] [Fatal Error] :1:1: Premature end of file.
2024-08-24 22:34:25,666 [ERROR] LogOutputStream:74 - [STDERR_REDIRECT] 
2024-08-24 22:34:25,890 [ERROR] LogOutputStream:74 - [STDERR_REDIRECT] [Fatal Error] :1:1: Premature end of file.
2024-08-24 22:34:25,891 [ERROR] LogOutputStream:74 - [STDERR_REDIRECT] 
2024-08-24 22:39:57,421 [ERROR] LogOutputStream:74 - [STDERR_REDIRECT] [Fatal Error] :1:1: Premature end of file.
2024-08-24 22:39:57,423 [ERROR] LogOutputStream:74 - [STDERR_REDIRECT] 
2024-08-24 22:39:57,525 [ERROR] LogOutputStream:74 - [STDERR_REDIRECT] [Fatal Error] :1:1: Premature end of file.
2024-08-24 22:39:57,526 [ERROR] LogOutputStream:74 - [STDERR_REDIRECT] 
2024-08-24 22:39:57,621 [ERROR] LogOutputStream:74 - [STDERR_REDIRECT] [Fatal Error] :1:1: Premature end of file.
2024-08-24 22:39:57,622 [ERROR] LogOutputStream:74 - [STDERR_REDIRECT] 
2024-08-24 22:59:51,964 [ERROR] LogOutputStream:74 - [STDERR_REDIRECT] [Fatal Error] :1:1: Premature end of file.
2024-08-24 22:59:51,965 [ERROR] LogOutputStream:74 - [STDERR_REDIRECT] 
2024-08-24 22:59:52,060 [ERROR] LogOutputStream:74 - [STDERR_REDIRECT] [Fatal Error] :1:1: Premature end of file.
2024-08-24 22:59:52,060 [ERROR] LogOutputStream:74 - [STDERR_REDIRECT] 
2024-08-24 22:59:52,147 [ERROR] LogOutputStream:74 - [STDERR_REDIRECT] [Fatal Error] :1:1: Premature end of file.
2024-08-24 22:59:52,148 [ERROR] LogOutputStream:74 - [STDERR_REDIRECT] 
2024-08-24 23:03:22,275 [ERROR] LogOutputStream:74 - [STDERR_REDIRECT] [Fatal Error] :1:1: Premature end of file.
2024-08-24 23:03:22,276 [ERROR] LogOutputStream:74 - [STDERR_REDIRECT] 
2024-08-24 23:03:22,367 [ERROR] LogOutputStream:74 - [STDERR_REDIRECT] [Fatal Error] :1:1: Premature end of file.
2024-08-24 23:03:22,368 [ERROR] LogOutputStream:74 - [STDERR_REDIRECT] 
2024-08-24 23:03:22,461 [ERROR] LogOutputStream:74 - [STDERR_REDIRECT] [Fatal Error] :1:1: Premature end of file.
2024-08-24 23:03:22,462 [ERROR] LogOutputStream:74 - [STDERR_REDIRECT] 
2024-08-25 00:02:24,188 [ERROR] LogOutputStream:74 - [STDERR_REDIRECT] [Fatal Error] :1:1: Premature end of file.
2024-08-25 00:02:24,189 [ERROR] LogOutputStream:74 - [STDERR_REDIRECT] 
2024-08-25 00:02:24,284 [ERROR] LogOutputStream:74 - [STDERR_REDIRECT] [Fatal Error] :1:1: Premature end of file.
2024-08-25 00:02:24,285 [ERROR] LogOutputStream:74 - [STDERR_REDIRECT] 
2024-08-25 00:02:24,376 [ERROR] LogOutputStream:74 - [STDERR_REDIRECT] [Fatal Error] :1:1: Premature end of file.
2024-08-25 00:02:24,376 [ERROR] LogOutputStream:74 - [STDERR_REDIRECT] 
2024-08-25 00:25:55,550 [ERROR] LogOutputStream:74 - [STDERR_REDIRECT] 2024-08-25 00:25:55.538:INFO::Start Help Server: Logging initialized @7066625ms to org.eclipse.jetty.util.log.StdErrLog
2024-08-25 00:25:56,015 [ERROR] LogOutputStream:74 - [STDERR_REDIRECT] 2024-08-25 00:25:56.011:INFO:oejs.session:Start Help Server: DefaultSessionIdManager workerName=node0
2024-08-25 00:25:56,019 [ERROR] LogOutputStream:74 - [STDERR_REDIRECT] 2024-08-25 00:25:56.016:INFO:oejs.session:Start Help Server: No SessionScavenger set, using defaults
2024-08-25 00:25:56,025 [ERROR] LogOutputStream:74 - [STDERR_REDIRECT] 2024-08-25 00:25:56.021:INFO:oejs.session:Start Help Server: node0 Scavenging every 660000ms
2024-08-25 00:25:56,121 [ERROR] LogOutputStream:74 - [STDERR_REDIRECT] 2024-08-25 00:25:56.116:INFO:oejs.session:Start Help Server: node0 Scavenging every 726000ms
2024-08-25 00:28:25,592 [ERROR] LogOutputStream:74 - [STDERR_REDIRECT] [Fatal Error] :1:1: Premature end of file.
2024-08-25 00:28:25,593 [ERROR] LogOutputStream:74 - [STDERR_REDIRECT] 
2024-08-25 00:28:25,678 [ERROR] LogOutputStream:74 - [STDERR_REDIRECT] [Fatal Error] :1:1: Premature end of file.
2024-08-25 00:28:25,679 [ERROR] LogOutputStream:74 - [STDERR_REDIRECT] 
2024-08-25 00:28:25,768 [ERROR] LogOutputStream:74 - [STDERR_REDIRECT] [Fatal Error] :1:1: Premature end of file.
2024-08-25 00:28:25,769 [ERROR] LogOutputStream:74 - [STDERR_REDIRECT] 
2024-08-25 00:28:50,977 [ERROR] LogOutputStream:74 - [STDERR_REDIRECT] [Fatal Error] :1:1: Premature end of file.
2024-08-25 00:28:50,978 [ERROR] LogOutputStream:74 - [STDERR_REDIRECT] 
2024-08-25 00:28:51,067 [ERROR] LogOutputStream:74 - [STDERR_REDIRECT] [Fatal Error] :1:1: Premature end of file.
2024-08-25 00:28:51,068 [ERROR] LogOutputStream:74 - [STDERR_REDIRECT] 
2024-08-25 00:28:51,294 [ERROR] LogOutputStream:74 - [STDERR_REDIRECT] [Fatal Error] :1:1: Premature end of file.
2024-08-25 00:28:51,295 [ERROR] LogOutputStream:74 - [STDERR_REDIRECT] 
2024-08-25 00:29:55,436 [ERROR] LogOutputStream:74 - [STDERR_REDIRECT] [Fatal Error] :1:1: Premature end of file.
2024-08-25 00:29:55,437 [ERROR] LogOutputStream:74 - [STDERR_REDIRECT] 
2024-08-25 00:29:55,521 [ERROR] LogOutputStream:74 - [STDERR_REDIRECT] [Fatal Error] :1:1: Premature end of file.
2024-08-25 00:29:55,522 [ERROR] LogOutputStream:74 - [STDERR_REDIRECT] 
2024-08-25 00:29:55,611 [ERROR] LogOutputStream:74 - [STDERR_REDIRECT] [Fatal Error] :1:1: Premature end of file.
2024-08-25 00:29:55,612 [ERROR] LogOutputStream:74 - [STDERR_REDIRECT] 
2024-08-25 00:32:10,694 [ERROR] LogOutputStream:74 - [STDERR_REDIRECT] [Fatal Error] :1:1: Premature end of file.
2024-08-25 00:32:10,695 [ERROR] LogOutputStream:74 - [STDERR_REDIRECT] 
2024-08-25 00:32:10,785 [ERROR] LogOutputStream:74 - [STDERR_REDIRECT] [Fatal Error] :1:1: Premature end of file.
2024-08-25 00:32:10,786 [ERROR] LogOutputStream:74 - [STDERR_REDIRECT] 
2024-08-25 00:32:10,874 [ERROR] LogOutputStream:74 - [STDERR_REDIRECT] [Fatal Error] :1:1: Premature end of file.
2024-08-25 00:32:10,878 [ERROR] LogOutputStream:74 - [STDERR_REDIRECT] 
2024-08-25 01:04:23,094 [ERROR] LogOutputStream:74 - [STDERR_REDIRECT] [Fatal Error] :1:1: Premature end of file.
2024-08-25 01:04:23,095 [ERROR] LogOutputStream:74 - [STDERR_REDIRECT] 
2024-08-25 01:04:23,180 [ERROR] LogOutputStream:74 - [STDERR_REDIRECT] [Fatal Error] :1:1: Premature end of file.
2024-08-25 01:04:23,181 [ERROR] LogOutputStream:74 - [STDERR_REDIRECT] 
2024-08-25 01:04:23,266 [ERROR] LogOutputStream:74 - [STDERR_REDIRECT] [Fatal Error] :1:1: Premature end of file.
2024-08-25 01:04:23,267 [ERROR] LogOutputStream:74 - [STDERR_REDIRECT] 
2024-08-25 01:07:00,487 [ERROR] LogOutputStream:74 - [STDERR_REDIRECT] [Fatal Error] :1:1: Premature end of file.
2024-08-25 01:07:00,488 [ERROR] LogOutputStream:74 - [STDERR_REDIRECT] 
2024-08-25 01:07:00,578 [ERROR] LogOutputStream:74 - [STDERR_REDIRECT] [Fatal Error] :1:1: Premature end of file.
2024-08-25 01:07:00,579 [ERROR] LogOutputStream:74 - [STDERR_REDIRECT] 
2024-08-25 01:07:00,671 [ERROR] LogOutputStream:74 - [STDERR_REDIRECT] [Fatal Error] :1:1: Premature end of file.
2024-08-25 01:07:00,672 [ERROR] LogOutputStream:74 - [STDERR_REDIRECT] 
2024-08-25 01:23:58,837 [ERROR] LogOutputStream:74 - [STDERR_REDIRECT] [Fatal Error] :1:1: Premature end of file.
2024-08-25 01:23:58,837 [ERROR] LogOutputStream:74 - [STDERR_REDIRECT] 
2024-08-25 01:23:58,932 [ERROR] LogOutputStream:74 - [STDERR_REDIRECT] [Fatal Error] :1:1: Premature end of file.
2024-08-25 01:23:58,932 [ERROR] LogOutputStream:74 - [STDERR_REDIRECT] 
2024-08-25 01:23:59,025 [ERROR] LogOutputStream:74 - [STDERR_REDIRECT] [Fatal Error] :1:1: Premature end of file.
2024-08-25 01:23:59,025 [ERROR] LogOutputStream:74 - [STDERR_REDIRECT] 
2024-08-25 15:03:30,148 [INFO] Activator:178 - 


2024-08-25 15:03:30,158 [INFO] Activator:179 - !SESSION log4j initialized
2024-08-25 15:03:43,856 [ERROR] LogOutputStream:74 - [STDERR_REDIRECT] [Fatal Error] :1:1: Premature end of file.
2024-08-25 15:03:43,861 [ERROR] LogOutputStream:74 - [STDERR_REDIRECT] 
2024-08-25 15:03:43,952 [ERROR] LogOutputStream:74 - [STDERR_REDIRECT] [Fatal Error] :1:1: Premature end of file.
2024-08-25 15:03:43,952 [ERROR] LogOutputStream:74 - [STDERR_REDIRECT] 
2024-08-25 15:03:44,032 [ERROR] LogOutputStream:74 - [STDERR_REDIRECT] [Fatal Error] :1:1: Premature end of file.
2024-08-25 15:03:44,037 [ERROR] LogOutputStream:74 - [STDERR_REDIRECT] 
2024-08-25 15:41:55,899 [ERROR] LogOutputStream:74 - [STDERR_REDIRECT] [Fatal Error] :1:1: Premature end of file.
2024-08-25 15:41:55,901 [ERROR] LogOutputStream:74 - [STDERR_REDIRECT] 
2024-08-25 15:41:55,991 [ERROR] LogOutputStream:74 - [STDERR_REDIRECT] [Fatal Error] :1:1: Premature end of file.
2024-08-25 15:41:55,991 [ERROR] LogOutputStream:74 - [STDERR_REDIRECT] 
2024-08-25 15:41:56,080 [ERROR] LogOutputStream:74 - [STDERR_REDIRECT] [Fatal Error] :1:1: Premature end of file.
2024-08-25 15:41:56,081 [ERROR] LogOutputStream:74 - [STDERR_REDIRECT] 
2024-08-25 15:41:56,174 [ERROR] LogOutputStream:74 - [STDERR_REDIRECT] [Fatal Error] :1:1: Premature end of file.
2024-08-25 15:41:56,175 [ERROR] LogOutputStream:74 - [STDERR_REDIRECT] 
2024-08-25 15:41:56,262 [ERROR] LogOutputStream:74 - [STDERR_REDIRECT] [Fatal Error] :1:1: Premature end of file.
2024-08-25 15:41:56,262 [ERROR] LogOutputStream:74 - [STDERR_REDIRECT] 
2024-08-25 15:41:56,345 [ERROR] LogOutputStream:74 - [STDERR_REDIRECT] [Fatal Error] :1:1: Premature end of file.
2024-08-25 15:41:56,350 [ERROR] LogOutputStream:74 - [STDERR_REDIRECT] 
2024-08-25 15:41:56,440 [ERROR] LogOutputStream:74 - [STDERR_REDIRECT] [Fatal Error] :1:1: Premature end of file.
2024-08-25 15:41:56,440 [ERROR] LogOutputStream:74 - [STDERR_REDIRECT] 
2024-08-25 15:41:56,526 [ERROR] LogOutputStream:74 - [STDERR_REDIRECT] [Fatal Error] :1:1: Premature end of file.
2024-08-25 15:41:56,526 [ERROR] LogOutputStream:74 - [STDERR_REDIRECT] 
2024-08-25 15:41:56,613 [ERROR] LogOutputStream:74 - [STDERR_REDIRECT] [Fatal Error] :1:1: Premature end of file.
2024-08-25 15:41:56,613 [ERROR] LogOutputStream:74 - [STDERR_REDIRECT] 
2024-08-25 15:41:56,759 [ERROR] LogOutputStream:74 - [STDERR_REDIRECT] [Fatal Error] :1:1: Premature end of file.
2024-08-25 15:41:56,759 [ERROR] LogOutputStream:74 - [STDERR_REDIRECT] 
2024-08-25 15:41:56,848 [ERROR] LogOutputStream:74 - [STDERR_REDIRECT] [Fatal Error] :1:1: Premature end of file.
2024-08-25 15:41:56,848 [ERROR] LogOutputStream:74 - [STDERR_REDIRECT] 
2024-08-25 15:41:56,937 [ERROR] LogOutputStream:74 - [STDERR_REDIRECT] [Fatal Error] :1:1: Premature end of file.
2024-08-25 15:41:56,937 [ERROR] LogOutputStream:74 - [STDERR_REDIRECT] 
2024-08-25 15:54:36,634 [ERROR] LogOutputStream:74 - [STDERR_REDIRECT] [Fatal Error] :1:1: Premature end of file.
2024-08-25 15:54:36,639 [ERROR] LogOutputStream:74 - [STDERR_REDIRECT] 
2024-08-25 15:54:36,725 [ERROR] LogOutputStream:74 - [STDERR_REDIRECT] [Fatal Error] :1:1: Premature end of file.
2024-08-25 15:54:36,726 [ERROR] LogOutputStream:74 - [STDERR_REDIRECT] 
2024-08-25 15:54:36,811 [ERROR] LogOutputStream:74 - [STDERR_REDIRECT] [Fatal Error] :1:1: Premature end of file.
2024-08-25 15:54:36,811 [ERROR] LogOutputStream:74 - [STDERR_REDIRECT] 
2024-08-25 15:55:03,108 [ERROR] LogOutputStream:74 - [STDERR_REDIRECT] [Fatal Error] :1:1: Premature end of file.
2024-08-25 15:55:03,110 [ERROR] LogOutputStream:74 - [STDERR_REDIRECT] 
2024-08-25 15:55:03,192 [ERROR] LogOutputStream:74 - [STDERR_REDIRECT] [Fatal Error] :1:1: Premature end of file.
2024-08-25 15:55:03,192 [ERROR] LogOutputStream:74 - [STDERR_REDIRECT] 
2024-08-25 15:55:03,279 [ERROR] LogOutputStream:74 - [STDERR_REDIRECT] [Fatal Error] :1:1: Premature end of file.
2024-08-25 15:55:03,280 [ERROR] LogOutputStream:74 - [STDERR_REDIRECT] 
2024-08-25 16:00:09,235 [ERROR] LogOutputStream:74 - [STDERR_REDIRECT] [Fatal Error] :1:1: Premature end of file.
2024-08-25 16:00:09,237 [ERROR] LogOutputStream:74 - [STDERR_REDIRECT] 
2024-08-25 16:00:09,320 [ERROR] LogOutputStream:74 - [STDERR_REDIRECT] [Fatal Error] :1:1: Premature end of file.
2024-08-25 16:00:09,320 [ERROR] LogOutputStream:74 - [STDERR_REDIRECT] 
2024-08-25 16:00:09,409 [ERROR] LogOutputStream:74 - [STDERR_REDIRECT] [Fatal Error] :1:1: Premature end of file.
2024-08-25 16:00:09,411 [ERROR] LogOutputStream:74 - [STDERR_REDIRECT] 
2024-08-25 16:42:55,127 [ERROR] LogOutputStream:74 - [STDERR_REDIRECT] [Fatal Error] :1:1: Premature end of file.
2024-08-25 16:42:55,128 [ERROR] LogOutputStream:74 - [STDERR_REDIRECT] 
2024-08-25 16:42:55,217 [ERROR] LogOutputStream:74 - [STDERR_REDIRECT] [Fatal Error] :1:1: Premature end of file.
2024-08-25 16:42:55,218 [ERROR] LogOutputStream:74 - [STDERR_REDIRECT] 
2024-08-25 16:42:55,316 [ERROR] LogOutputStream:74 - [STDERR_REDIRECT] [Fatal Error] :1:1: Premature end of file.
2024-08-25 16:42:55,317 [ERROR] LogOutputStream:74 - [STDERR_REDIRECT] 
2024-08-25 16:44:00,151 [ERROR] LogOutputStream:74 - [STDERR_REDIRECT] [Fatal Error] :1:1: Premature end of file.
2024-08-25 16:44:00,152 [ERROR] LogOutputStream:74 - [STDERR_REDIRECT] 
2024-08-25 16:44:00,244 [ERROR] LogOutputStream:74 - [STDERR_REDIRECT] [Fatal Error] :1:1: Premature end of file.
2024-08-25 16:44:00,245 [ERROR] LogOutputStream:74 - [STDERR_REDIRECT] 
2024-08-25 16:44:00,332 [ERROR] LogOutputStream:74 - [STDERR_REDIRECT] [Fatal Error] :1:1: Premature end of file.
2024-08-25 16:44:00,333 [ERROR] LogOutputStream:74 - [STDERR_REDIRECT] 
2024-08-25 16:51:36,133 [ERROR] LogOutputStream:74 - [STDERR_REDIRECT] [Fatal Error] :1:1: Premature end of file.
2024-08-25 16:51:36,134 [ERROR] LogOutputStream:74 - [STDERR_REDIRECT] 
2024-08-25 16:51:36,226 [ERROR] LogOutputStream:74 - [STDERR_REDIRECT] [Fatal Error] :1:1: Premature end of file.
2024-08-25 16:51:36,227 [ERROR] LogOutputStream:74 - [STDERR_REDIRECT] 
2024-08-25 16:51:36,315 [ERROR] LogOutputStream:74 - [STDERR_REDIRECT] [Fatal Error] :1:1: Premature end of file.
2024-08-25 16:51:36,315 [ERROR] LogOutputStream:74 - [STDERR_REDIRECT] 
2024-08-25 16:53:22,354 [ERROR] LogOutputStream:74 - [STDERR_REDIRECT] [Fatal Error] :1:1: Premature end of file.
2024-08-25 16:53:22,355 [ERROR] LogOutputStream:74 - [STDERR_REDIRECT] 
2024-08-25 16:53:22,439 [ERROR] LogOutputStream:74 - [STDERR_REDIRECT] [Fatal Error] :1:1: Premature end of file.
2024-08-25 16:53:22,440 [ERROR] LogOutputStream:74 - [STDERR_REDIRECT] 
2024-08-25 16:53:22,525 [ERROR] LogOutputStream:74 - [STDERR_REDIRECT] [Fatal Error] :1:1: Premature end of file.
2024-08-25 16:53:22,526 [ERROR] LogOutputStream:74 - [STDERR_REDIRECT] 
2024-08-25 16:59:48,488 [ERROR] LogOutputStream:74 - [STDERR_REDIRECT] [Fatal Error] :1:1: Premature end of file.
2024-08-25 16:59:48,489 [ERROR] LogOutputStream:74 - [STDERR_REDIRECT] 
2024-08-25 16:59:48,571 [ERROR] LogOutputStream:74 - [STDERR_REDIRECT] [Fatal Error] :1:1: Premature end of file.
2024-08-25 16:59:48,571 [ERROR] LogOutputStream:74 - [STDERR_REDIRECT] 
2024-08-25 16:59:48,652 [ERROR] LogOutputStream:74 - [STDERR_REDIRECT] [Fatal Error] :1:1: Premature end of file.
2024-08-25 16:59:48,653 [ERROR] LogOutputStream:74 - [STDERR_REDIRECT] 
2024-08-25 17:31:56,549 [ERROR] LogOutputStream:74 - [STDERR_REDIRECT] [Fatal Error] :1:1: Premature end of file.
2024-08-25 17:31:56,550 [ERROR] LogOutputStream:74 - [STDERR_REDIRECT] 
2024-08-25 17:31:56,658 [ERROR] LogOutputStream:74 - [STDERR_REDIRECT] [Fatal Error] :1:1: Premature end of file.
2024-08-25 17:31:56,659 [ERROR] LogOutputStream:74 - [STDERR_REDIRECT] 
2024-08-25 17:31:56,753 [ERROR] LogOutputStream:74 - [STDERR_REDIRECT] [Fatal Error] :1:1: Premature end of file.
2024-08-25 17:31:56,754 [ERROR] LogOutputStream:74 - [STDERR_REDIRECT] 
2024-08-25 17:32:06,390 [ERROR] LogOutputStream:74 - [STDERR_REDIRECT] [Fatal Error] :1:1: Premature end of file.
2024-08-25 17:32:06,391 [ERROR] LogOutputStream:74 - [STDERR_REDIRECT] 
2024-08-25 17:32:06,482 [ERROR] LogOutputStream:74 - [STDERR_REDIRECT] [Fatal Error] :1:1: Premature end of file.
2024-08-25 17:32:06,483 [ERROR] LogOutputStream:74 - [STDERR_REDIRECT] 
2024-08-25 17:32:06,570 [ERROR] LogOutputStream:74 - [STDERR_REDIRECT] [Fatal Error] :1:1: Premature end of file.
2024-08-25 17:32:06,571 [ERROR] LogOutputStream:74 - [STDERR_REDIRECT] 
2024-08-25 17:34:28,729 [ERROR] LogOutputStream:74 - [STDERR_REDIRECT] [Fatal Error] :1:1: Premature end of file.
2024-08-25 17:34:28,730 [ERROR] LogOutputStream:74 - [STDERR_REDIRECT] 
2024-08-25 17:34:28,826 [ERROR] LogOutputStream:74 - [STDERR_REDIRECT] [Fatal Error] :1:1: Premature end of file.
2024-08-25 17:34:28,827 [ERROR] LogOutputStream:74 - [STDERR_REDIRECT] 
2024-08-25 17:34:28,921 [ERROR] LogOutputStream:74 - [STDERR_REDIRECT] [Fatal Error] :1:1: Premature end of file.
2024-08-25 17:34:28,922 [ERROR] LogOutputStream:74 - [STDERR_REDIRECT] 
2024-08-25 17:36:57,530 [ERROR] LogOutputStream:74 - [STDERR_REDIRECT] [Fatal Error] :1:1: Premature end of file.
2024-08-25 17:36:57,531 [ERROR] LogOutputStream:74 - [STDERR_REDIRECT] 
2024-08-25 17:36:57,635 [ERROR] LogOutputStream:74 - [STDERR_REDIRECT] [Fatal Error] :1:1: Premature end of file.
2024-08-25 17:36:57,636 [ERROR] LogOutputStream:74 - [STDERR_REDIRECT] 
2024-08-25 17:36:57,732 [ERROR] LogOutputStream:74 - [STDERR_REDIRECT] [Fatal Error] :1:1: Premature end of file.
2024-08-25 17:36:57,733 [ERROR] LogOutputStream:74 - [STDERR_REDIRECT] 
2024-08-25 18:41:01,732 [ERROR] LogOutputStream:74 - [STDERR_REDIRECT] [Fatal Error] :1:1: Premature end of file.
2024-08-25 18:41:01,732 [ERROR] LogOutputStream:74 - [STDERR_REDIRECT] 
2024-08-25 18:41:01,814 [ERROR] LogOutputStream:74 - [STDERR_REDIRECT] [Fatal Error] :1:1: Premature end of file.
2024-08-25 18:41:01,814 [ERROR] LogOutputStream:74 - [STDERR_REDIRECT] 
2024-08-25 18:41:01,903 [ERROR] LogOutputStream:74 - [STDERR_REDIRECT] [Fatal Error] :1:1: Premature end of file.
2024-08-25 18:41:01,904 [ERROR] LogOutputStream:74 - [STDERR_REDIRECT] 
2024-08-25 18:41:06,476 [ERROR] LogOutputStream:74 - [STDERR_REDIRECT] [Fatal Error] :1:1: Premature end of file.
2024-08-25 18:41:06,480 [ERROR] LogOutputStream:74 - [STDERR_REDIRECT] 
2024-08-25 18:41:06,562 [ERROR] LogOutputStream:74 - [STDERR_REDIRECT] [Fatal Error] :1:1: Premature end of file.
2024-08-25 18:41:06,564 [ERROR] LogOutputStream:74 - [STDERR_REDIRECT] 
2024-08-25 18:41:06,645 [ERROR] LogOutputStream:74 - [STDERR_REDIRECT] [Fatal Error] :1:1: Premature end of file.
2024-08-25 18:41:06,646 [ERROR] LogOutputStream:74 - [STDERR_REDIRECT] 
2024-08-25 18:42:10,174 [INFO] Activator:178 - 


2024-08-25 18:42:10,183 [INFO] Activator:179 - !SESSION log4j initialized
2024-08-25 18:42:20,396 [ERROR] LogOutputStream:74 - [STDERR_REDIRECT] [Fatal Error] :1:1: Premature end of file.
2024-08-25 18:42:20,401 [ERROR] LogOutputStream:74 - [STDERR_REDIRECT] 
2024-08-25 18:42:20,489 [ERROR] LogOutputStream:74 - [STDERR_REDIRECT] [Fatal Error] :1:1: Premature end of file.
2024-08-25 18:42:20,490 [ERROR] LogOutputStream:74 - [STDERR_REDIRECT] 
2024-08-25 18:42:20,574 [ERROR] LogOutputStream:74 - [STDERR_REDIRECT] [Fatal Error] :1:1: Premature end of file.
2024-08-25 18:42:20,575 [ERROR] LogOutputStream:74 - [STDERR_REDIRECT] 
2024-08-25 18:46:30,707 [ERROR] LogOutputStream:74 - [STDERR_REDIRECT] [Fatal Error] :1:1: Premature end of file.
2024-08-25 18:46:30,708 [ERROR] LogOutputStream:74 - [STDERR_REDIRECT] 
2024-08-25 18:46:30,807 [ERROR] LogOutputStream:74 - [STDERR_REDIRECT] [Fatal Error] :1:1: Premature end of file.
2024-08-25 18:46:30,808 [ERROR] LogOutputStream:74 - [STDERR_REDIRECT] 
2024-08-25 18:46:30,895 [ERROR] LogOutputStream:74 - [STDERR_REDIRECT] [Fatal Error] :1:1: Premature end of file.
2024-08-25 18:46:30,896 [ERROR] LogOutputStream:74 - [STDERR_REDIRECT] 
2024-08-25 18:46:30,989 [ERROR] LogOutputStream:74 - [STDERR_REDIRECT] [Fatal Error] :1:1: Premature end of file.
2024-08-25 18:46:30,990 [ERROR] LogOutputStream:74 - [STDERR_REDIRECT] 
2024-08-25 18:46:31,078 [ERROR] LogOutputStream:74 - [STDERR_REDIRECT] [Fatal Error] :1:1: Premature end of file.
2024-08-25 18:46:31,079 [ERROR] LogOutputStream:74 - [STDERR_REDIRECT] 
2024-08-25 18:46:31,165 [ERROR] LogOutputStream:74 - [STDERR_REDIRECT] [Fatal Error] :1:1: Premature end of file.
2024-08-25 18:46:31,167 [ERROR] LogOutputStream:74 - [STDERR_REDIRECT] 
2024-08-25 18:46:31,256 [ERROR] LogOutputStream:74 - [STDERR_REDIRECT] [Fatal Error] :1:1: Premature end of file.
2024-08-25 18:46:31,257 [ERROR] LogOutputStream:74 - [STDERR_REDIRECT] 
2024-08-25 18:46:31,344 [ERROR] LogOutputStream:74 - [STDERR_REDIRECT] [Fatal Error] :1:1: Premature end of file.
2024-08-25 18:46:31,344 [ERROR] LogOutputStream:74 - [STDERR_REDIRECT] 
2024-08-25 18:46:31,434 [ERROR] LogOutputStream:74 - [STDERR_REDIRECT] [Fatal Error] :1:1: Premature end of file.
2024-08-25 18:46:31,435 [ERROR] LogOutputStream:74 - [STDERR_REDIRECT] 
2024-08-25 18:46:31,535 [ERROR] LogOutputStream:74 - [STDERR_REDIRECT] [Fatal Error] :1:1: Premature end of file.
2024-08-25 18:46:31,536 [ERROR] LogOutputStream:74 - [STDERR_REDIRECT] 
2024-08-25 18:46:31,623 [ERROR] LogOutputStream:74 - [STDERR_REDIRECT] [Fatal Error] :1:1: Premature end of file.
2024-08-25 18:46:31,624 [ERROR] LogOutputStream:74 - [STDERR_REDIRECT] 
2024-08-25 18:46:31,711 [ERROR] LogOutputStream:74 - [STDERR_REDIRECT] [Fatal Error] :1:1: Premature end of file.
2024-08-25 18:46:31,711 [ERROR] LogOutputStream:74 - [STDERR_REDIRECT] 
2024-08-25 18:47:25,502 [ERROR] LogOutputStream:74 - [STDERR_REDIRECT] [Fatal Error] :1:1: Premature end of file.
2024-08-25 18:47:25,503 [ERROR] LogOutputStream:74 - [STDERR_REDIRECT] 
2024-08-25 18:47:25,604 [ERROR] LogOutputStream:74 - [STDERR_REDIRECT] [Fatal Error] :1:1: Premature end of file.
2024-08-25 18:47:25,605 [ERROR] LogOutputStream:74 - [STDERR_REDIRECT] 
2024-08-25 18:47:25,711 [ERROR] LogOutputStream:74 - [STDERR_REDIRECT] [Fatal Error] :1:1: Premature end of file.
2024-08-25 18:47:25,712 [ERROR] LogOutputStream:74 - [STDERR_REDIRECT] 
2024-08-25 18:56:43,474 [ERROR] LogOutputStream:74 - [STDERR_REDIRECT] [Fatal Error] :1:1: Premature end of file.
2024-08-25 18:56:43,475 [ERROR] LogOutputStream:74 - [STDERR_REDIRECT] 
2024-08-25 18:56:43,592 [ERROR] LogOutputStream:74 - [STDERR_REDIRECT] [Fatal Error] :1:1: Premature end of file.
2024-08-25 18:56:43,593 [ERROR] LogOutputStream:74 - [STDERR_REDIRECT] 
2024-08-25 18:56:43,720 [ERROR] LogOutputStream:74 - [STDERR_REDIRECT] [Fatal Error] :1:1: Premature end of file.
2024-08-25 18:56:43,721 [ERROR] LogOutputStream:74 - [STDERR_REDIRECT] 
2024-08-25 19:02:41,704 [ERROR] LogOutputStream:74 - [STDERR_REDIRECT] [Fatal Error] :1:1: Premature end of file.
2024-08-25 19:02:41,705 [ERROR] LogOutputStream:74 - [STDERR_REDIRECT] 
2024-08-25 19:02:41,819 [ERROR] LogOutputStream:74 - [STDERR_REDIRECT] [Fatal Error] :1:1: Premature end of file.
2024-08-25 19:02:41,820 [ERROR] LogOutputStream:74 - [STDERR_REDIRECT] 
2024-08-25 19:02:41,943 [ERROR] LogOutputStream:74 - [STDERR_REDIRECT] [Fatal Error] :1:1: Premature end of file.
2024-08-25 19:02:41,945 [ERROR] LogOutputStream:74 - [STDERR_REDIRECT] 
2024-08-25 19:04:11,595 [ERROR] LogOutputStream:74 - [STDERR_REDIRECT] [Fatal Error] :1:1: Premature end of file.
2024-08-25 19:04:11,596 [ERROR] LogOutputStream:74 - [STDERR_REDIRECT] 
2024-08-25 19:04:11,691 [ERROR] LogOutputStream:74 - [STDERR_REDIRECT] [Fatal Error] :1:1: Premature end of file.
2024-08-25 19:04:11,692 [ERROR] LogOutputStream:74 - [STDERR_REDIRECT] 
2024-08-25 19:04:11,787 [ERROR] LogOutputStream:74 - [STDERR_REDIRECT] [Fatal Error] :1:1: Premature end of file.
2024-08-25 19:04:11,788 [ERROR] LogOutputStream:74 - [STDERR_REDIRECT] 
2024-08-25 19:07:50,466 [ERROR] LogOutputStream:74 - [STDERR_REDIRECT] [Fatal Error] :1:1: Premature end of file.
2024-08-25 19:07:50,467 [ERROR] LogOutputStream:74 - [STDERR_REDIRECT] 
2024-08-25 19:07:50,557 [ERROR] LogOutputStream:74 - [STDERR_REDIRECT] [Fatal Error] :1:1: Premature end of file.
2024-08-25 19:07:50,558 [ERROR] LogOutputStream:74 - [STDERR_REDIRECT] 
2024-08-25 19:07:50,654 [ERROR] LogOutputStream:74 - [STDERR_REDIRECT] [Fatal Error] :1:1: Premature end of file.
2024-08-25 19:07:50,655 [ERROR] LogOutputStream:74 - [STDERR_REDIRECT] 
2024-08-25 20:34:33,827 [ERROR] LogOutputStream:74 - [STDERR_REDIRECT] [Fatal Error] :1:1: Premature end of file.
2024-08-25 20:34:33,828 [ERROR] LogOutputStream:74 - [STDERR_REDIRECT] 
2024-08-25 20:34:33,914 [ERROR] LogOutputStream:74 - [STDERR_REDIRECT] [Fatal Error] :1:1: Premature end of file.
2024-08-25 20:34:33,915 [ERROR] LogOutputStream:74 - [STDERR_REDIRECT] 
2024-08-25 20:34:34,011 [ERROR] LogOutputStream:74 - [STDERR_REDIRECT] [Fatal Error] :1:1: Premature end of file.
2024-08-25 20:34:34,012 [ERROR] LogOutputStream:74 - [STDERR_REDIRECT] 
2024-08-25 20:34:40,958 [ERROR] LogOutputStream:74 - [STDERR_REDIRECT] [Fatal Error] :1:1: Premature end of file.
2024-08-25 20:34:40,959 [ERROR] LogOutputStream:74 - [STDERR_REDIRECT] 
2024-08-25 20:34:41,049 [ERROR] LogOutputStream:74 - [STDERR_REDIRECT] [Fatal Error] :1:1: Premature end of file.
2024-08-25 20:34:41,050 [ERROR] LogOutputStream:74 - [STDERR_REDIRECT] 
2024-08-25 20:34:41,136 [ERROR] LogOutputStream:74 - [STDERR_REDIRECT] [Fatal Error] :1:1: Premature end of file.
2024-08-25 20:34:41,137 [ERROR] LogOutputStream:74 - [STDERR_REDIRECT] 
